#
# A fatal error has been detected by the Java Runtime Environment:
#
#  EXCEPTION_ACCESS_VIOLATION (0xc0000005) at pc=0x00007ffa8942d565, pid=836, tid=10320
#
# JRE version: Java(TM) SE Runtime Environment (12.0.2+10) (build 12.0.2+10)
# Java VM: Java HotSpot(TM) 64-Bit Server VM (12.0.2+10, mixed mode, sharing, tiered, compressed oops, g1 gc, windows-amd64)
# Problematic frame:
# V  [jvm.dll+0x6cd565]
#
# No core dump will be written. Minidumps are not enabled by default on client versions of Windows
#
# If you would like to submit a bug report, please visit:
#   http://bugreport.java.com/bugreport/crash.jsp
#

---------------  S U M M A R Y ------------

Command Line: -Dcom.sun.management.jmxremote -Dcom.sun.management.jmxremote.port=63624 -Dcom.sun.management.jmxremote.authenticate=false -Dcom.sun.management.jmxremote.ssl=false -Djava.rmi.server.hostname=localhost -Dspring.jmx.enabled=true -Dspring.application.admin.enabled=true -Xverify:none -XX:TieredStopAtLevel=1 -Dspring.boot.project.name=project-car-store -Dfile.encoding=UTF-8 com.mauriciopd.carstore.ProjectCarStoreApplication --spring.output.ansi.enabled=always

Host: Intel(R) Core(TM) i5-3340M CPU @ 2.70GHz, 4 cores, 7G,  Windows 10 , 64 bit Build 18362 (10.0.18362.329)
Time: Tue Nov 12 20:45:18 2019 Hora oficial do Brasil elapsed time: 2 seconds (0d 0h 0m 2s)

---------------  T H R E A D  ---------------

Current thread (0x000002ba1aff3800):  WatcherThread [stack: 0x000000e68df00000,0x000000e68e000000] [id=10320]

Stack: [0x000000e68df00000,0x000000e68e000000],  sp=0x000000e68dfff470,  free space=1021k
Native frames: (J=compiled Java code, j=interpreted, Vv=VM code, C=native code)
V  [jvm.dll+0x6cd565]
V  [jvm.dll+0x71ccdd]
V  [jvm.dll+0x751449]
V  [jvm.dll+0x74a2c8]
V  [jvm.dll+0x639b16]
C  [ucrtbase.dll+0x1d9f2]
C  [KERNEL32.DLL+0x17bd4]
C  [ntdll.dll+0x6cee1]


siginfo: EXCEPTION_ACCESS_VIOLATION (0xc0000005), reading address 0xffffffffffffffff


Register to memory mapping:

RIP=0x00007ffa8942d565 jvm.dll
RAX=0xba0833ec60ba4900 is an unknown value
RBX=0x0 is NULL
RCX=0x000002ba1afd62d0 points into unknown readable memory: 78 f2 64 89 fa 7f 00 00
RDX=0x0000000000000032 is an unknown value
RSP=0x000000e68dfff470 points into unknown readable memory: 00 38 ff 1a ba 02 00 00
RBP=0x0000000000000002 is an unknown value
RSI=0x000002ba1af944e0 points into unknown readable memory: 07 00 00 00 08 00 00 00
RDI=0x0 is NULL
R8 =0x0 is NULL
R9 =0x000002ba08330b80 is at begin+0 in a stub
StubRoutines::atomic_cmpxchg_long [0x000002ba08330b80, 0x000002ba08330b89[ (9 bytes)
R10=0x00000000546c6148 is an unknown value
R11=0xfffffffff971a6ea is an unknown value
R12=0x0 is NULL
R13=0x000002ba1aff3800 points into unknown readable memory: 90 3a 65 89 fa 7f 00 00
R14=0x0000000000000032 is an unknown value
R15=0x000002ba1afef180 points into unknown readable memory: 00 00 00 00 00 00 00 00


Registers:
RAX=0xba0833ec60ba4900, RBX=0x0000000000000000, RCX=0x000002ba1afd62d0, RDX=0x0000000000000032
RSP=0x000000e68dfff470, RBP=0x0000000000000002, RSI=0x000002ba1af944e0, RDI=0x0000000000000000
R8 =0x0000000000000000, R9 =0x000002ba08330b80, R10=0x00000000546c6148, R11=0xfffffffff971a6ea
R12=0x0000000000000000, R13=0x000002ba1aff3800, R14=0x0000000000000032, R15=0x000002ba1afef180
RIP=0x00007ffa8942d565, EFLAGS=0x0000000000010202

Top of Stack: (sp=0x000000e68dfff470)
0x000000e68dfff470:   000002ba1aff3800 000002ba1aff3800
0x000000e68dfff480:   0000240c10a3e2e8 00007ffa8936ed19
0x000000e68dfff490:   00007ffa89821b28 00007ffa8947ccdd
0x000000e68dfff4a0:   0000000000000001 000002ba7b320700
0x000000e68dfff4b0:   000002ba7b320700 431bde82d7b634db
0x000000e68dfff4c0:   000002ba1afef180 0000240c10a3e2e8
0x000000e68dfff4d0:   000002ba7b320700 00007ffa894b1449
0x000000e68dfff4e0:   0000000000000001 0000000000000032
0x000000e68dfff4f0:   0000000000000032 0000000000000002
0x000000e68dfff500:   000000e68dfff5a0 0000000000000000
0x000000e68dfff510:   00007ffab7f60000 00007ffa891305fe
0x000000e68dfff520:   0000000000000000 00007ffab7f60000
0x000000e68dfff530:   0000000000000000 000000e68c70c000
0x000000e68dfff540:   000002ba1aff3800 0000000000000000
0x000000e68dfff550:   0000000000100000 000000e68dfff9a0
0x000000e68dfff560:   000000e68df00000 00007ffa894aa2c8 

Instructions: (pc=0x00007ffa8942d565)
0x00007ffa8942d465:   3d e7 68 34 00 00 74 6c 48 83 3d 53 24 3e 00 00
0x00007ffa8942d475:   75 62 48 89 5c 24 20 e8 2f fb ff ff e8 8a 81 f9
0x00007ffa8942d485:   ff 45 33 c0 48 89 05 40 24 3e 00 41 8d 50 07 8d
0x00007ffa8942d495:   4a 09 e8 64 f5 9e ff 48 8b d8 48 85 c0 74 1b 48
0x00007ffa8942d4a5:   63 15 15 6a 34 00 48 8b c8 e8 7d f5 04 00 48 8d
0x00007ffa8942d4b5:   05 be 1d 22 00 48 89 03 eb 02 33 db 48 8b cb 48
0x00007ffa8942d4c5:   89 1d fd 23 3e 00 48 8b 5c 24 20 48 83 c4 28 e9
0x00007ffa8942d4d5:   d7 f6 04 00 48 83 c4 28 c3 cc cc 48 89 5c 24 10
0x00007ffa8942d4e5:   56 48 83 ec 20 48 8b 01 33 db 48 8b f1 39 18 7e
0x00007ffa8942d4f5:   2a 48 89 7c 24 30 8b fb 0f 1f 00 48 8b 40 18 48
0x00007ffa8942d505:   8b 0c 07 48 8b 01 ff 50 08 48 8b 06 48 8d 7f 08
0x00007ffa8942d515:   ff c3 3b 18 7c e5 48 8b 7c 24 30 48 8b 5c 24 38
0x00007ffa8942d525:   48 83 c4 20 5e c3 cc cc cc cc cc e9 bb 74 f6 ff
0x00007ffa8942d535:   cc cc cc cc cc cc cc cc cc cc cc 48 89 5c 24 10
0x00007ffa8942d545:   56 48 83 ec 20 48 8b 35 7f 23 3e 00 33 db 48 8b
0x00007ffa8942d555:   06 39 18 7e 27 48 89 7c 24 30 8b fb 48 8b 40 18
0x00007ffa8942d565:   48 8b 0c 07 48 8b 01 ff 50 08 48 8b 06 48 8d 7f
0x00007ffa8942d575:   08 ff c3 3b 18 7c e5 48 8b 7c 24 30 48 8b 5c 24
0x00007ffa8942d585:   38 48 83 c4 20 5e c3 cc cc cc cc 48 89 11 48 8b
0x00007ffa8942d595:   c1 4c 89 41 08 c3 cc cc cc cc cc 40 53 48 81 ec
0x00007ffa8942d5a5:   b0 00 00 00 48 8b d9 48 8d 4c 24 20 e8 0a 02 00
0x00007ffa8942d5b5:   00 48 8d 54 24 20 48 8b cb e8 dd 0d 00 00 48 81
0x00007ffa8942d5c5:   c4 b0 00 00 00 5b c3 cc cc cc cc 48 83 ec 28 e8
0x00007ffa8942d5d5:   47 5b ad ff 48 83 c4 28 e9 fe 0f 00 00 cc cc cc
0x00007ffa8942d5e5:   cc cc cc cc cc cc cc cc cc cc cc 40 53 48 83 ec
0x00007ffa8942d5f5:   20 0f b6 d9 e8 b2 00 00 00 0f b6 cb 48 83 c4 20
0x00007ffa8942d605:   5b e9 f5 10 00 00 cc cc cc cc cc 40 53 48 83 ec
0x00007ffa8942d615:   20 48 8b d9 e8 22 1f 00 00 48 8b d3 48 8b c8 4c
0x00007ffa8942d625:   8b 00 41 ff 90 a0 00 00 00 48 8b cb 48 83 c4 20
0x00007ffa8942d635:   5b e9 75 e5 f6 ff cc cc cc cc cc 48 83 ec 28 e8
0x00007ffa8942d645:   f7 1e 00 00 48 8b c8 48 8b 10 48 83 c4 28 48 ff
0x00007ffa8942d655:   a2 c0 00 00 00 cc cc cc cc cc cc 48 89 5c 24 08 


Stack slot to memory mapping:
stack at sp + 0 slots: 0x000002ba1aff3800 points into unknown readable memory: 90 3a 65 89 fa 7f 00 00
stack at sp + 1 slots: 0x000002ba1aff3800 points into unknown readable memory: 90 3a 65 89 fa 7f 00 00
stack at sp + 2 slots: 0x0000240c10a3e2e8 is an unknown value
stack at sp + 3 slots: 0x00007ffa8936ed19 jvm.dll
stack at sp + 4 slots: 0x00007ffa89821b28 jvm.dll
stack at sp + 5 slots: 0x00007ffa8947ccdd jvm.dll
stack at sp + 6 slots: 0x0000000000000001 is an unknown value
stack at sp + 7 slots: 0x000002ba7b320700 points into unknown readable memory: 01 00 00 00 00 00 00 00


---------------  P R O C E S S  ---------------

Threads class SMR info:
_java_thread_list=0x000002ba1afcd400, length=12, elements={
0x000002ba7b324800, 0x000002ba19807000, 0x000002ba19808800, 0x000002ba19822800,
0x000002ba19826000, 0x000002ba19829000, 0x000002ba19830800, 0x000002ba197ed800,
0x000002ba1a32e000, 0x000002ba1afa1800, 0x000002ba1af8c000, 0x000002ba1af99800
}

Java Threads: ( => current thread )
  0x000002ba7b324800 JavaThread "main" [_thread_blocked, id=13924, stack(0x000000e68cb00000,0x000000e68cc00000)]
  0x000002ba19807000 JavaThread "Reference Handler" daemon [_thread_blocked, id=9528, stack(0x000000e68d200000,0x000000e68d300000)]
  0x000002ba19808800 JavaThread "Finalizer" daemon [_thread_blocked, id=13708, stack(0x000000e68d300000,0x000000e68d400000)]
  0x000002ba19822800 JavaThread "Signal Dispatcher" daemon [_thread_blocked, id=7248, stack(0x000000e68d400000,0x000000e68d500000)]
  0x000002ba19826000 JavaThread "Attach Listener" daemon [_thread_blocked, id=7152, stack(0x000000e68d500000,0x000000e68d600000)]
  0x000002ba19829000 JavaThread "C1 CompilerThread0" daemon [_thread_in_vm, id=13332, stack(0x000000e68d600000,0x000000e68d700000)]
  0x000002ba19830800 JavaThread "Sweeper thread" daemon [_thread_blocked, id=12188, stack(0x000000e68d700000,0x000000e68d800000)]
  0x000002ba197ed800 JavaThread "Common-Cleaner" daemon [_thread_blocked, id=11152, stack(0x000000e68d800000,0x000000e68d900000)]
  0x000002ba1a32e000 JavaThread "Service Thread" daemon [_thread_blocked, id=696, stack(0x000000e68d900000,0x000000e68da00000)]
  0x000002ba1afa1800 JavaThread "RMI TCP Accept-0" daemon [_thread_in_native, id=13784, stack(0x000000e68dc00000,0x000000e68dd00000)]
  0x000002ba1af8c000 JavaThread "RMI TCP Accept-63624" daemon [_thread_in_native, id=4672, stack(0x000000e68dd00000,0x000000e68de00000)]
  0x000002ba1af99800 JavaThread "RMI TCP Accept-0" daemon [_thread_in_native, id=7064, stack(0x000000e68de00000,0x000000e68df00000)]

Other Threads:
  0x000002ba19803000 VMThread "VM Thread" [stack: 0x000000e68d100000,0x000000e68d200000] [id=2064]
=>0x000002ba1aff3800 WatcherThread [stack: 0x000000e68df00000,0x000000e68e000000] [id=10320]
  0x000002ba7b364000 GCTaskThread "GC Thread#0" [stack: 0x000000e68cc00000,0x000000e68cd00000] [id=8376]
  0x000002ba1a568800 GCTaskThread "GC Thread#1" [stack: 0x000000e68da00000,0x000000e68db00000] [id=10548]
  0x000002ba1ac08800 GCTaskThread "GC Thread#2" [stack: 0x000000e68db00000,0x000000e68dc00000] [id=5668]
  0x000002ba7b371800 ConcurrentGCThread "G1 Main Marker" [stack: 0x000000e68cd00000,0x000000e68ce00000] [id=11276]
  0x000002ba7b374800 ConcurrentGCThread "G1 Conc#0" [stack: 0x000000e68ce00000,0x000000e68cf00000] [id=8692]
  0x000002ba7b3de000 ConcurrentGCThread "G1 Refine#0" [stack: 0x000000e68cf00000,0x000000e68d000000] [id=11372]
  0x000002ba19686800 ConcurrentGCThread "G1 Young RemSet Sampling" [stack: 0x000000e68d000000,0x000000e68d100000] [id=7752]

Threads with active compile tasks:
C1 CompilerThread0  1152       1       sun.util.locale.LocaleUtils::isEmpty (19 bytes)

VM state:synchronizing (normal execution)

VM Mutex/Monitor currently owned by a thread:  ([mutex/lock_event])
[0x000002ba7b320790] Threads_lock - owner thread: 0x000002ba19803000
[0x000002ba7b321120] Heap_lock - owner thread: 0x000002ba7b324800
[0x000002ba7b320700] PeriodicTask_lock - owner thread: 0x000002ba1aff3800

Heap address: 0x0000000081600000, size: 2026 MB, Compressed Oops mode: 32-bit
Narrow klass base: 0x0000000800000000, Narrow klass shift: 3
Compressed class space size: 1073741824 Address: 0x0000000801190000

Heap:
 garbage-first heap   total 131072K, used 32360K [0x0000000081600000, 0x0000000100000000)
  region size 1024K, 17 young (17408K), 1 survivors (1024K)
 Metaspace       used 5764K, capacity 6231K, committed 6528K, reserved 1056768K
  class space    used 721K, capacity 834K, committed 896K, reserved 1048576K
Heap Regions: E=young(eden), S=young(survivor), O=old, HS=humongous(starts), HC=humongous(continues), CS=collection set, F=free, A=archive, TAMS=top-at-mark-start (previous, next)
|   0|0x0000000081600000, 0x0000000081700000, 0x0000000081700000|100%| O|  |TAMS 0x0000000081600000, 0x0000000081600000| Untracked 
|   1|0x0000000081700000, 0x0000000081800000, 0x0000000081800000|100%| O|  |TAMS 0x0000000081700000, 0x0000000081700000| Untracked 
|   2|0x0000000081800000, 0x0000000081900000, 0x0000000081900000|100%| O|  |TAMS 0x0000000081800000, 0x0000000081800000| Untracked 
|   3|0x0000000081900000, 0x0000000081a00000, 0x0000000081a00000|100%| O|  |TAMS 0x0000000081900000, 0x0000000081900000| Untracked 
|   4|0x0000000081a00000, 0x0000000081b00000, 0x0000000081b00000|100%| O|  |TAMS 0x0000000081a00000, 0x0000000081a00000| Untracked 
|   5|0x0000000081b00000, 0x0000000081c00000, 0x0000000081c00000|100%| O|  |TAMS 0x0000000081b00000, 0x0000000081b00000| Untracked 
|   6|0x0000000081c00000, 0x0000000081d00000, 0x0000000081d00000|100%| O|  |TAMS 0x0000000081c00000, 0x0000000081c00000| Untracked 
|   7|0x0000000081d00000, 0x0000000081e00000, 0x0000000081e00000|100%| O|  |TAMS 0x0000000081d00000, 0x0000000081d00000| Untracked 
|   8|0x0000000081e00000, 0x0000000081f00000, 0x0000000081f00000|100%| O|  |TAMS 0x0000000081e00000, 0x0000000081e00000| Untracked 
|   9|0x0000000081f00000, 0x0000000082000000, 0x0000000082000000|100%| O|  |TAMS 0x0000000081f00000, 0x0000000081f00000| Untracked 
|  10|0x0000000082000000, 0x0000000082100000, 0x0000000082100000|100%|HS|  |TAMS 0x0000000082000000, 0x0000000082000000| Complete 
|  11|0x0000000082100000, 0x0000000082200000, 0x0000000082200000|100%| O|  |TAMS 0x0000000082100000, 0x0000000082100000| Untracked 
|  12|0x0000000082200000, 0x0000000082300000, 0x0000000082300000|100%| O|  |TAMS 0x0000000082200000, 0x0000000082200000| Untracked 
|  13|0x0000000082300000, 0x0000000082400000, 0x0000000082400000|100%| O|  |TAMS 0x0000000082300000, 0x0000000082300000| Untracked 
|  14|0x0000000082400000, 0x000000008249a000, 0x0000000082500000| 60%| O|  |TAMS 0x0000000082400000, 0x0000000082400000| Untracked 
|  15|0x0000000082500000, 0x0000000082500000, 0x0000000082600000|  0%| F|  |TAMS 0x0000000082500000, 0x0000000082500000| Untracked 
|  16|0x0000000082600000, 0x0000000082600000, 0x0000000082700000|  0%| F|  |TAMS 0x0000000082600000, 0x0000000082600000| Untracked 
|  17|0x0000000082700000, 0x0000000082700000, 0x0000000082800000|  0%| F|  |TAMS 0x0000000082700000, 0x0000000082700000| Untracked 
|  18|0x0000000082800000, 0x0000000082800000, 0x0000000082900000|  0%| F|  |TAMS 0x0000000082800000, 0x0000000082800000| Untracked 
|  19|0x0000000082900000, 0x0000000082900000, 0x0000000082a00000|  0%| F|  |TAMS 0x0000000082900000, 0x0000000082900000| Untracked 
|  20|0x0000000082a00000, 0x0000000082a00000, 0x0000000082b00000|  0%| F|  |TAMS 0x0000000082a00000, 0x0000000082a00000| Untracked 
|  21|0x0000000082b00000, 0x0000000082b00000, 0x0000000082c00000|  0%| F|  |TAMS 0x0000000082b00000, 0x0000000082b00000| Untracked 
|  22|0x0000000082c00000, 0x0000000082c00000, 0x0000000082d00000|  0%| F|  |TAMS 0x0000000082c00000, 0x0000000082c00000| Untracked 
|  23|0x0000000082d00000, 0x0000000082d00000, 0x0000000082e00000|  0%| F|  |TAMS 0x0000000082d00000, 0x0000000082d00000| Untracked 
|  24|0x0000000082e00000, 0x0000000082e00000, 0x0000000082f00000|  0%| F|  |TAMS 0x0000000082e00000, 0x0000000082e00000| Untracked 
|  25|0x0000000082f00000, 0x0000000082f00000, 0x0000000083000000|  0%| F|  |TAMS 0x0000000082f00000, 0x0000000082f00000| Untracked 
|  26|0x0000000083000000, 0x0000000083000000, 0x0000000083100000|  0%| F|  |TAMS 0x0000000083000000, 0x0000000083000000| Untracked 
|  27|0x0000000083100000, 0x0000000083100000, 0x0000000083200000|  0%| F|  |TAMS 0x0000000083100000, 0x0000000083100000| Untracked 
|  28|0x0000000083200000, 0x0000000083200000, 0x0000000083300000|  0%| F|  |TAMS 0x0000000083200000, 0x0000000083200000| Untracked 
|  29|0x0000000083300000, 0x0000000083300000, 0x0000000083400000|  0%| F|  |TAMS 0x0000000083300000, 0x0000000083300000| Untracked 
|  30|0x0000000083400000, 0x0000000083400000, 0x0000000083500000|  0%| F|  |TAMS 0x0000000083400000, 0x0000000083400000| Untracked 
|  31|0x0000000083500000, 0x0000000083500000, 0x0000000083600000|  0%| F|  |TAMS 0x0000000083500000, 0x0000000083500000| Untracked 
|  32|0x0000000083600000, 0x0000000083600000, 0x0000000083700000|  0%| F|  |TAMS 0x0000000083600000, 0x0000000083600000| Untracked 
|  33|0x0000000083700000, 0x0000000083700000, 0x0000000083800000|  0%| F|  |TAMS 0x0000000083700000, 0x0000000083700000| Untracked 
|  34|0x0000000083800000, 0x0000000083800000, 0x0000000083900000|  0%| F|  |TAMS 0x0000000083800000, 0x0000000083800000| Untracked 
|  35|0x0000000083900000, 0x0000000083900000, 0x0000000083a00000|  0%| F|  |TAMS 0x0000000083900000, 0x0000000083900000| Untracked 
|  36|0x0000000083a00000, 0x0000000083a00000, 0x0000000083b00000|  0%| F|  |TAMS 0x0000000083a00000, 0x0000000083a00000| Untracked 
|  37|0x0000000083b00000, 0x0000000083b00000, 0x0000000083c00000|  0%| F|  |TAMS 0x0000000083b00000, 0x0000000083b00000| Untracked 
|  38|0x0000000083c00000, 0x0000000083c00000, 0x0000000083d00000|  0%| F|  |TAMS 0x0000000083c00000, 0x0000000083c00000| Untracked 
|  39|0x0000000083d00000, 0x0000000083d00000, 0x0000000083e00000|  0%| F|  |TAMS 0x0000000083d00000, 0x0000000083d00000| Untracked 
|  40|0x0000000083e00000, 0x0000000083e00000, 0x0000000083f00000|  0%| F|  |TAMS 0x0000000083e00000, 0x0000000083e00000| Untracked 
|  41|0x0000000083f00000, 0x0000000083f00000, 0x0000000084000000|  0%| F|  |TAMS 0x0000000083f00000, 0x0000000083f00000| Untracked 
|  42|0x0000000084000000, 0x0000000084000000, 0x0000000084100000|  0%| F|  |TAMS 0x0000000084000000, 0x0000000084000000| Untracked 
|  43|0x0000000084100000, 0x0000000084100000, 0x0000000084200000|  0%| F|  |TAMS 0x0000000084100000, 0x0000000084100000| Untracked 
|  44|0x0000000084200000, 0x0000000084200000, 0x0000000084300000|  0%| F|  |TAMS 0x0000000084200000, 0x0000000084200000| Untracked 
|  45|0x0000000084300000, 0x0000000084300000, 0x0000000084400000|  0%| F|  |TAMS 0x0000000084300000, 0x0000000084300000| Untracked 
|  46|0x0000000084400000, 0x0000000084400000, 0x0000000084500000|  0%| F|  |TAMS 0x0000000084400000, 0x0000000084400000| Untracked 
|  47|0x0000000084500000, 0x0000000084500000, 0x0000000084600000|  0%| F|  |TAMS 0x0000000084500000, 0x0000000084500000| Untracked 
|  48|0x0000000084600000, 0x0000000084600000, 0x0000000084700000|  0%| F|  |TAMS 0x0000000084600000, 0x0000000084600000| Untracked 
|  49|0x0000000084700000, 0x0000000084700000, 0x0000000084800000|  0%| F|  |TAMS 0x0000000084700000, 0x0000000084700000| Untracked 
|  50|0x0000000084800000, 0x0000000084800000, 0x0000000084900000|  0%| F|  |TAMS 0x0000000084800000, 0x0000000084800000| Untracked 
|  51|0x0000000084900000, 0x0000000084900000, 0x0000000084a00000|  0%| F|  |TAMS 0x0000000084900000, 0x0000000084900000| Untracked 
|  52|0x0000000084a00000, 0x0000000084a00000, 0x0000000084b00000|  0%| F|  |TAMS 0x0000000084a00000, 0x0000000084a00000| Untracked 
|  53|0x0000000084b00000, 0x0000000084b00000, 0x0000000084c00000|  0%| F|  |TAMS 0x0000000084b00000, 0x0000000084b00000| Untracked 
|  54|0x0000000084c00000, 0x0000000084c00000, 0x0000000084d00000|  0%| F|  |TAMS 0x0000000084c00000, 0x0000000084c00000| Untracked 
|  55|0x0000000084d00000, 0x0000000084d00000, 0x0000000084e00000|  0%| F|  |TAMS 0x0000000084d00000, 0x0000000084d00000| Untracked 
|  56|0x0000000084e00000, 0x0000000084e00000, 0x0000000084f00000|  0%| F|  |TAMS 0x0000000084e00000, 0x0000000084e00000| Untracked 
|  57|0x0000000084f00000, 0x0000000084f00000, 0x0000000085000000|  0%| F|  |TAMS 0x0000000084f00000, 0x0000000084f00000| Untracked 
|  58|0x0000000085000000, 0x0000000085000000, 0x0000000085100000|  0%| F|  |TAMS 0x0000000085000000, 0x0000000085000000| Untracked 
|  59|0x0000000085100000, 0x0000000085100000, 0x0000000085200000|  0%| F|  |TAMS 0x0000000085100000, 0x0000000085100000| Untracked 
|  60|0x0000000085200000, 0x0000000085200000, 0x0000000085300000|  0%| F|  |TAMS 0x0000000085200000, 0x0000000085200000| Untracked 
|  61|0x0000000085300000, 0x0000000085300000, 0x0000000085400000|  0%| F|  |TAMS 0x0000000085300000, 0x0000000085300000| Untracked 
|  62|0x0000000085400000, 0x0000000085400000, 0x0000000085500000|  0%| F|  |TAMS 0x0000000085400000, 0x0000000085400000| Untracked 
|  63|0x0000000085500000, 0x0000000085500000, 0x0000000085600000|  0%| F|  |TAMS 0x0000000085500000, 0x0000000085500000| Untracked 
|  64|0x0000000085600000, 0x0000000085600000, 0x0000000085700000|  0%| F|  |TAMS 0x0000000085600000, 0x0000000085600000| Untracked 
|  65|0x0000000085700000, 0x0000000085700000, 0x0000000085800000|  0%| F|  |TAMS 0x0000000085700000, 0x0000000085700000| Untracked 
|  66|0x0000000085800000, 0x0000000085800000, 0x0000000085900000|  0%| F|  |TAMS 0x0000000085800000, 0x0000000085800000| Untracked 
|  67|0x0000000085900000, 0x0000000085900000, 0x0000000085a00000|  0%| F|  |TAMS 0x0000000085900000, 0x0000000085900000| Untracked 
|  68|0x0000000085a00000, 0x0000000085a00000, 0x0000000085b00000|  0%| F|  |TAMS 0x0000000085a00000, 0x0000000085a00000| Untracked 
|  69|0x0000000085b00000, 0x0000000085b00000, 0x0000000085c00000|  0%| F|  |TAMS 0x0000000085b00000, 0x0000000085b00000| Untracked 
|  70|0x0000000085c00000, 0x0000000085c00000, 0x0000000085d00000|  0%| F|  |TAMS 0x0000000085c00000, 0x0000000085c00000| Untracked 
|  71|0x0000000085d00000, 0x0000000085d00000, 0x0000000085e00000|  0%| F|  |TAMS 0x0000000085d00000, 0x0000000085d00000| Untracked 
|  72|0x0000000085e00000, 0x0000000085e00000, 0x0000000085f00000|  0%| F|  |TAMS 0x0000000085e00000, 0x0000000085e00000| Untracked 
|  73|0x0000000085f00000, 0x0000000085f00000, 0x0000000086000000|  0%| F|  |TAMS 0x0000000085f00000, 0x0000000085f00000| Untracked 
|  74|0x0000000086000000, 0x0000000086000000, 0x0000000086100000|  0%| F|  |TAMS 0x0000000086000000, 0x0000000086000000| Untracked 
|  75|0x0000000086100000, 0x0000000086100000, 0x0000000086200000|  0%| F|  |TAMS 0x0000000086100000, 0x0000000086100000| Untracked 
|  76|0x0000000086200000, 0x0000000086200000, 0x0000000086300000|  0%| F|  |TAMS 0x0000000086200000, 0x0000000086200000| Untracked 
|  77|0x0000000086300000, 0x0000000086300000, 0x0000000086400000|  0%| F|  |TAMS 0x0000000086300000, 0x0000000086300000| Untracked 
|  78|0x0000000086400000, 0x0000000086400000, 0x0000000086500000|  0%| F|  |TAMS 0x0000000086400000, 0x0000000086400000| Untracked 
|  79|0x0000000086500000, 0x0000000086500000, 0x0000000086600000|  0%| F|  |TAMS 0x0000000086500000, 0x0000000086500000| Untracked 
|  80|0x0000000086600000, 0x0000000086600000, 0x0000000086700000|  0%| F|  |TAMS 0x0000000086600000, 0x0000000086600000| Untracked 
|  81|0x0000000086700000, 0x0000000086700000, 0x0000000086800000|  0%| F|  |TAMS 0x0000000086700000, 0x0000000086700000| Untracked 
|  82|0x0000000086800000, 0x0000000086800000, 0x0000000086900000|  0%| F|  |TAMS 0x0000000086800000, 0x0000000086800000| Untracked 
|  83|0x0000000086900000, 0x0000000086900000, 0x0000000086a00000|  0%| F|  |TAMS 0x0000000086900000, 0x0000000086900000| Untracked 
|  84|0x0000000086a00000, 0x0000000086a00000, 0x0000000086b00000|  0%| F|  |TAMS 0x0000000086a00000, 0x0000000086a00000| Untracked 
|  85|0x0000000086b00000, 0x0000000086b00000, 0x0000000086c00000|  0%| F|  |TAMS 0x0000000086b00000, 0x0000000086b00000| Untracked 
|  86|0x0000000086c00000, 0x0000000086c00000, 0x0000000086d00000|  0%| F|  |TAMS 0x0000000086c00000, 0x0000000086c00000| Untracked 
|  87|0x0000000086d00000, 0x0000000086d00000, 0x0000000086e00000|  0%| F|  |TAMS 0x0000000086d00000, 0x0000000086d00000| Untracked 
|  88|0x0000000086e00000, 0x0000000086e00000, 0x0000000086f00000|  0%| F|  |TAMS 0x0000000086e00000, 0x0000000086e00000| Untracked 
|  89|0x0000000086f00000, 0x0000000086f00000, 0x0000000087000000|  0%| F|  |TAMS 0x0000000086f00000, 0x0000000086f00000| Untracked 
|  90|0x0000000087000000, 0x0000000087000000, 0x0000000087100000|  0%| F|  |TAMS 0x0000000087000000, 0x0000000087000000| Untracked 
|  91|0x0000000087100000, 0x0000000087100000, 0x0000000087200000|  0%| F|  |TAMS 0x0000000087100000, 0x0000000087100000| Untracked 
|  92|0x0000000087200000, 0x0000000087200000, 0x0000000087300000|  0%| F|  |TAMS 0x0000000087200000, 0x0000000087200000| Untracked 
|  93|0x0000000087300000, 0x0000000087300000, 0x0000000087400000|  0%| F|  |TAMS 0x0000000087300000, 0x0000000087300000| Untracked 
|  94|0x0000000087400000, 0x0000000087400000, 0x0000000087500000|  0%| F|  |TAMS 0x0000000087400000, 0x0000000087400000| Untracked 
|  95|0x0000000087500000, 0x0000000087500000, 0x0000000087600000|  0%| F|  |TAMS 0x0000000087500000, 0x0000000087500000| Untracked 
|  96|0x0000000087600000, 0x0000000087600000, 0x0000000087700000|  0%| F|  |TAMS 0x0000000087600000, 0x0000000087600000| Untracked 
|  97|0x0000000087700000, 0x0000000087700000, 0x0000000087800000|  0%| F|  |TAMS 0x0000000087700000, 0x0000000087700000| Untracked 
|  98|0x0000000087800000, 0x0000000087800000, 0x0000000087900000|  0%| F|  |TAMS 0x0000000087800000, 0x0000000087800000| Untracked 
|  99|0x0000000087900000, 0x0000000087900000, 0x0000000087a00000|  0%| F|  |TAMS 0x0000000087900000, 0x0000000087900000| Untracked 
| 100|0x0000000087a00000, 0x0000000087a00000, 0x0000000087b00000|  0%| F|  |TAMS 0x0000000087a00000, 0x0000000087a00000| Untracked 
| 101|0x0000000087b00000, 0x0000000087b00000, 0x0000000087c00000|  0%| F|  |TAMS 0x0000000087b00000, 0x0000000087b00000| Untracked 
| 102|0x0000000087c00000, 0x0000000087c00000, 0x0000000087d00000|  0%| F|  |TAMS 0x0000000087c00000, 0x0000000087c00000| Untracked 
| 103|0x0000000087d00000, 0x0000000087d00000, 0x0000000087e00000|  0%| F|  |TAMS 0x0000000087d00000, 0x0000000087d00000| Untracked 
| 104|0x0000000087e00000, 0x0000000087e00000, 0x0000000087f00000|  0%| F|  |TAMS 0x0000000087e00000, 0x0000000087e00000| Untracked 
| 105|0x0000000087f00000, 0x0000000087f00000, 0x0000000088000000|  0%| F|  |TAMS 0x0000000087f00000, 0x0000000087f00000| Untracked 
| 106|0x0000000088000000, 0x0000000088000000, 0x0000000088100000|  0%| F|  |TAMS 0x0000000088000000, 0x0000000088000000| Untracked 
| 107|0x0000000088100000, 0x0000000088100000, 0x0000000088200000|  0%| F|  |TAMS 0x0000000088100000, 0x0000000088100000| Untracked 
| 108|0x0000000088200000, 0x0000000088200000, 0x0000000088300000|  0%| F|  |TAMS 0x0000000088200000, 0x0000000088200000| Untracked 
| 109|0x0000000088300000, 0x0000000088300000, 0x0000000088400000|  0%| F|  |TAMS 0x0000000088300000, 0x0000000088300000| Untracked 
| 110|0x0000000088400000, 0x0000000088400000, 0x0000000088500000|  0%| F|  |TAMS 0x0000000088400000, 0x0000000088400000| Untracked 
| 111|0x0000000088500000, 0x0000000088600000, 0x0000000088600000|100%| E|CS|TAMS 0x0000000088500000, 0x0000000088500000| Complete 
| 112|0x0000000088600000, 0x0000000088700000, 0x0000000088700000|100%| E|CS|TAMS 0x0000000088600000, 0x0000000088600000| Complete 
| 113|0x0000000088700000, 0x0000000088800000, 0x0000000088800000|100%| E|CS|TAMS 0x0000000088700000, 0x0000000088700000| Complete 
| 114|0x0000000088800000, 0x0000000088900000, 0x0000000088900000|100%| E|CS|TAMS 0x0000000088800000, 0x0000000088800000| Complete 
| 115|0x0000000088900000, 0x0000000088a00000, 0x0000000088a00000|100%| E|CS|TAMS 0x0000000088900000, 0x0000000088900000| Complete 
| 116|0x0000000088a00000, 0x0000000088b00000, 0x0000000088b00000|100%| E|CS|TAMS 0x0000000088a00000, 0x0000000088a00000| Complete 
| 117|0x0000000088b00000, 0x0000000088c00000, 0x0000000088c00000|100%| E|CS|TAMS 0x0000000088b00000, 0x0000000088b00000| Complete 
| 118|0x0000000088c00000, 0x0000000088d00000, 0x0000000088d00000|100%| E|CS|TAMS 0x0000000088c00000, 0x0000000088c00000| Complete 
| 119|0x0000000088d00000, 0x0000000088e00000, 0x0000000088e00000|100%| E|CS|TAMS 0x0000000088d00000, 0x0000000088d00000| Complete 
| 120|0x0000000088e00000, 0x0000000088f00000, 0x0000000088f00000|100%| E|CS|TAMS 0x0000000088e00000, 0x0000000088e00000| Complete 
| 121|0x0000000088f00000, 0x0000000089000000, 0x0000000089000000|100%| E|CS|TAMS 0x0000000088f00000, 0x0000000088f00000| Complete 
| 122|0x0000000089000000, 0x0000000089100000, 0x0000000089100000|100%| S|CS|TAMS 0x0000000089000000, 0x0000000089000000| Complete 
| 123|0x0000000089100000, 0x0000000089200000, 0x0000000089200000|100%| E|CS|TAMS 0x0000000089100000, 0x0000000089100000| Complete 
| 124|0x0000000089200000, 0x0000000089300000, 0x0000000089300000|100%| E|CS|TAMS 0x0000000089200000, 0x0000000089200000| Complete 
| 125|0x0000000089300000, 0x0000000089400000, 0x0000000089400000|100%| E|CS|TAMS 0x0000000089300000, 0x0000000089300000| Complete 
| 126|0x0000000089400000, 0x0000000089500000, 0x0000000089500000|100%| E|CS|TAMS 0x0000000089400000, 0x0000000089400000| Complete 
| 127|0x0000000089500000, 0x0000000089600000, 0x0000000089600000|100%| E|CS|TAMS 0x0000000089500000, 0x0000000089500000| Complete 

Card table byte_map: [0x000002ba7b7e0000,0x000002ba7bbe0000] _byte_map_base: 0x000002ba7b3d5000

Marking Bits (Prev, Next): (CMBitMap*) 0x000002ba7b364e58, (CMBitMap*) 0x000002ba7b364e98
 Prev Bits: [0x000002ba7bfe0000, 0x000002ba7df88000)
 Next Bits: [0x000002ba7df90000, 0x000002ba7ff38000)

Polling page: 0x000002ba79110000

Metaspace:

Usage:
  Non-class:      5.27 MB capacity,     4.93 MB ( 93%) used,   332.71 KB (  6%) free+waste,    21.00 KB ( <1%) overhead. 
      Class:    834.00 KB capacity,   721.43 KB ( 87%) used,   100.45 KB ( 12%) free+waste,    12.13 KB (  1%) overhead. 
       Both:      6.08 MB capacity,     5.63 MB ( 93%) used,   433.16 KB (  7%) free+waste,    33.13 KB ( <1%) overhead. 

Virtual space:
  Non-class space:        8.00 MB reserved,       5.50 MB ( 69%) committed 
      Class space:        1.00 GB reserved,     896.00 KB ( <1%) committed 
             Both:        1.01 GB reserved,       6.38 MB ( <1%) committed 

Chunk freelists:
   Non-Class:  5.38 KB
       Class:  0 bytes
        Both:  5.38 KB

CodeHeap 'non-profiled nmethods': size=238912Kb used=1702Kb max_used=1702Kb free=237209Kb
 bounds [0x000002ba089e0000, 0x000002ba08c50000, 0x000002ba17330000]
CodeHeap 'non-nmethods': size=6848Kb used=1138Kb max_used=1138Kb free=5709Kb
 bounds [0x000002ba08330000, 0x000002ba085a0000, 0x000002ba089e0000]
 total_blobs=1612 nmethods=1154 adapters=368
 compilation: enabled
              stopped_count=0, restarted_count=0
 full_count=0

Compilation events (10 events):
Event: 1.855 Thread 0x000002ba19829000 1095       1       java.nio.MappedByteBuffer::rewind (7 bytes)
Event: 1.855 Thread 0x000002ba19829000 nmethod 1095 0x000002ba08b6d310 code [0x000002ba08b6d4c0, 0x000002ba08b6d618]
Event: 1.855 Thread 0x000002ba19829000 1096       1       java.nio.ByteBuffer::rewind (7 bytes)
Event: 1.855 Thread 0x000002ba19829000 nmethod 1096 0x000002ba08b6d690 code [0x000002ba08b6d840, 0x000002ba08b6d998]
Event: 1.855 Thread 0x000002ba19829000 1097       1       java.nio.Buffer::rewind (12 bytes)
Event: 1.855 Thread 0x000002ba19829000 nmethod 1097 0x000002ba08b6da10 code [0x000002ba08b6dbc0, 0x000002ba08b6dd18]
Event: 1.855 Thread 0x000002ba19829000 1098       1       jdk.internal.jimage.ImageStringsReader::get (9 bytes)
Event: 1.855 Thread 0x000002ba19829000 nmethod 1098 0x000002ba08b6dd90 code [0x000002ba08b6df40, 0x000002ba08b6e0b0]
Event: 1.855 Thread 0x000002ba19829000 1099       1       java.lang.String::<init> (10 bytes)
Event: 1.855 Thread 0x000002ba19829000 nmethod 1099 0x000002ba08b6e190 code [0x000002ba08b6e360, 0x000002ba08b6e4d0]

GC Heap History (4 events):
Event: 0.758 GC heap before
{Heap before GC invocations=0 (full 0):
 garbage-first heap   total 131072K, used 13312K [0x0000000081600000, 0x0000000100000000)
  region size 1024K, 14 young (14336K), 0 survivors (0K)
 Metaspace       used 459K, capacity 4518K, committed 4864K, reserved 1056768K
  class space    used 42K, capacity 399K, committed 512K, reserved 1048576K
}
Event: 0.764 GC heap after
{Heap after GC invocations=1 (full 0):
 garbage-first heap   total 131072K, used 11567K [0x0000000081600000, 0x0000000100000000)
  region size 1024K, 2 young (2048K), 2 survivors (2048K)
 Metaspace       used 459K, capacity 4518K, committed 4864K, reserved 1056768K
  class space    used 42K, capacity 399K, committed 512K, reserved 1048576K
}
Event: 0.983 GC heap before
{Heap before GC invocations=1 (full 0):
 garbage-first heap   total 131072K, used 17711K [0x0000000081600000, 0x0000000100000000)
  region size 1024K, 7 young (7168K), 2 survivors (2048K)
 Metaspace       used 2187K, capacity 4707K, committed 4864K, reserved 1056768K
  class space    used 281K, capacity 467K, committed 512K, reserved 1048576K
}
Event: 0.987 GC heap after
{Heap after GC invocations=2 (full 0):
 garbage-first heap   total 131072K, used 15976K [0x0000000081600000, 0x0000000100000000)
  region size 1024K, 1 young (1024K), 1 survivors (1024K)
 Metaspace       used 2187K, capacity 4707K, committed 4864K, reserved 1056768K
  class space    used 281K, capacity 467K, committed 512K, reserved 1048576K
}

Deoptimization events (0 events):
No events

Classes redefined (0 events):
No events

Internal exceptions (10 events):
Event: 0.896 Thread 0x000002ba7b324800 Exception <a 'java/lang/NoSuchMethodError'{0x00000000892a3108}: java.lang.invoke.DirectMethodHandle$Holder.invokeStaticInit(Ljava/lang/Object;Ljava/lang/Object;Ljava/lang/Object;)Ljava/lang/Object;> (0x00000000892a3108) thrown at [t:/workspace/open/src/ho
Event: 0.900 Thread 0x000002ba7b324800 Exception <a 'java/lang/NoSuchMethodError'{0x00000000892bc4b0}: java.lang.invoke.DirectMethodHandle$Holder.invokeInterface(Ljava/lang/Object;Ljava/lang/Object;)I> (0x00000000892bc4b0) thrown at [t:/workspace/open/src/hotspot/share/interpreter/linkResolver
Event: 0.900 Thread 0x000002ba7b324800 Exception <a 'java/lang/IncompatibleClassChangeError'{0x00000000892befb8}: Found class java.lang.Object, but interface was expected> (0x00000000892befb8) thrown at [t:/workspace/open/src/hotspot/share/interpreter/linkResolver.cpp, line 843]
Event: 1.062 Thread 0x000002ba7b324800 Exception <a 'java/lang/NoSuchMethodError'{0x00000000895f93b0}: java.lang.invoke.DirectMethodHandle$Holder.invokeSpecialIFC(Ljava/lang/Object;Ljava/lang/Object;Ljava/lang/Object;)I> (0x00000000895f93b0) thrown at [t:/workspace/open/src/hotspot/share/inter
Event: 1.087 Thread 0x000002ba7b324800 Exception <a 'java/lang/NoSuchMethodError'{0x000000008945c9f0}: java.lang.invoke.DirectMethodHandle$Holder.invokeStaticInit(Ljava/lang/Object;IIII)Ljava/lang/Object;> (0x000000008945c9f0) thrown at [t:/workspace/open/src/hotspot/share/interpreter/linkReso
Event: 1.662 Thread 0x000002ba7b324800 Exception <a 'java/lang/NoSuchMethodError'{0x00000000894b5478}: java.lang.invoke.DirectMethodHandle$Holder.invokeStaticInit(Ljava/lang/Object;Ljava/lang/Object;IIII)Ljava/lang/Object;> (0x00000000894b5478) thrown at [t:/workspace/open/src/hotspot/share/in
Event: 1.676 Thread 0x000002ba7b324800 Exception <a 'java/lang/ClassNotFoundException'{0x00000000894d0720}: javax/management/remote/rmi/RMIServerImpl_Skel> (0x00000000894d0720) thrown at [t:/workspace/open/src/hotspot/share/classfile/systemDictionary.cpp, line 235]
Event: 1.720 Thread 0x000002ba7b324800 Exception <a 'java/lang/ClassNotFoundException'{0x000000008938b730}: jdk/internal/agent/resources/spi/agentProvider> (0x000000008938b730) thrown at [t:/workspace/open/src/hotspot/share/classfile/systemDictionary.cpp, line 235]
Event: 1.833 Thread 0x000002ba7b324800 Exception <a 'java/lang/ClassNotFoundException'{0x0000000088e75a80}: javax/smartcardio/CardPermission> (0x0000000088e75a80) thrown at [t:/workspace/open/src/hotspot/share/classfile/systemDictionary.cpp, line 235]
Event: 1.846 Thread 0x000002ba7b324800 Exception <a 'java/io/FileNotFoundException'{0x0000000088e84028}> (0x0000000088e84028) thrown at [t:/workspace/open/src/hotspot/share/prims/jni.cpp, line 615]

Events (10 events):
Event: 1.853 loading class ch/qos/logback/core/status/Status
Event: 1.853 loading class ch/qos/logback/core/status/Status done
Event: 1.856 loading class ch/qos/logback/classic/spi/Configurator
Event: 1.856 loading class ch/qos/logback/classic/spi/Configurator done
Event: 1.856 loading class ch/qos/logback/core/spi/ContextAware
Event: 1.856 loading class ch/qos/logback/core/spi/ContextAware done
Event: 1.857 loading class ch/qos/logback/classic/util/EnvUtil
Event: 1.857 loading class ch/qos/logback/classic/util/EnvUtil done
Event: 1.859 loading class ch/qos/logback/classic/BasicConfigurator
Event: 1.859 loading class ch/qos/logback/classic/BasicConfigurator done


Dynamic libraries:
0x00007ff69b260000 - 0x00007ff69b26f000 	C:\Program Files\Java\jdk-12.0.2\bin\javaw.exe
0x00007ffab7f60000 - 0x00007ffab8150000 	C:\Windows\SYSTEM32\ntdll.dll
0x00007ffab6c50000 - 0x00007ffab6d02000 	C:\Windows\System32\KERNEL32.DLL
0x00007ffab5a40000 - 0x00007ffab5ce3000 	C:\Windows\System32\KERNELBASE.dll
0x00007ffab5dd0000 - 0x00007ffab5eca000 	C:\Windows\System32\ucrtbase.dll
0x00007ffaaf550000 - 0x00007ffaaf566000 	C:\Program Files\Java\jdk-12.0.2\bin\VCRUNTIME140.dll
0x00007ffaaf530000 - 0x00007ffaaf548000 	C:\Program Files\Java\jdk-12.0.2\bin\jli.dll
0x00007ffab63b0000 - 0x00007ffab6453000 	C:\Windows\System32\ADVAPI32.dll
0x00007ffab6310000 - 0x00007ffab63ae000 	C:\Windows\System32\msvcrt.dll
0x00007ffab6950000 - 0x00007ffab69e7000 	C:\Windows\System32\sechost.dll
0x00007ffab6ac0000 - 0x00007ffab6be0000 	C:\Windows\System32\RPCRT4.dll
0x00007ffab6610000 - 0x00007ffab67a3000 	C:\Windows\System32\USER32.dll
0x00007ffab5ef0000 - 0x00007ffab5f11000 	C:\Windows\System32\win32u.dll
0x00007ffab67c0000 - 0x00007ffab67e6000 	C:\Windows\System32\GDI32.dll
0x00007ffab58a0000 - 0x00007ffab5a34000 	C:\Windows\System32\gdi32full.dll
0x00007ffab5f20000 - 0x00007ffab5fbe000 	C:\Windows\System32\msvcp_win.dll
0x00007ffaa9750000 - 0x00007ffaa99d5000 	C:\Windows\WinSxS\amd64_microsoft.windows.common-controls_6595b64144ccf1df_6.0.18362.356_none_e6c4af7d130f27cc\COMCTL32.dll
0x00007ffab7700000 - 0x00007ffab7a36000 	C:\Windows\System32\combase.dll
0x00007ffab5670000 - 0x00007ffab56f0000 	C:\Windows\System32\bcryptPrimitives.dll
0x00007ffaa8f60000 - 0x00007ffaa8f6a000 	C:\Windows\SYSTEM32\VERSION.dll
0x00007ffab67f0000 - 0x00007ffab681e000 	C:\Windows\System32\IMM32.DLL
0x00007ffa7fe80000 - 0x00007ffa7ff2a000 	C:\Program Files\Java\jdk-12.0.2\bin\msvcp140.dll
0x00007ffa88d60000 - 0x00007ffa898d7000 	C:\Program Files\Java\jdk-12.0.2\bin\server\jvm.dll
0x00007ffab60f0000 - 0x00007ffab60f8000 	C:\Windows\System32\PSAPI.DLL
0x00007ffab2680000 - 0x00007ffab26a4000 	C:\Windows\SYSTEM32\WINMM.dll
0x00007ffaa6fc0000 - 0x00007ffaa6fc9000 	C:\Windows\SYSTEM32\WSOCK32.dll
0x00007ffab6be0000 - 0x00007ffab6c4f000 	C:\Windows\System32\WS2_32.dll
0x00007ffab2650000 - 0x00007ffab267d000 	C:\Windows\SYSTEM32\winmmbase.dll
0x00007ffab5fc0000 - 0x00007ffab600a000 	C:\Windows\System32\cfgmgr32.dll
0x00007ffab4eb0000 - 0x00007ffab4ec1000 	C:\Windows\System32\kernel.appcore.dll
0x00007ffaae650000 - 0x00007ffaae661000 	C:\Program Files\Java\jdk-12.0.2\bin\verify.dll
0x00007ffaa9530000 - 0x00007ffaa9724000 	C:\Windows\SYSTEM32\DBGHELP.DLL
0x00007ffaa9e20000 - 0x00007ffaa9e4a000 	C:\Windows\SYSTEM32\dbgcore.DLL
0x00007ffaae5b0000 - 0x00007ffaae5d6000 	C:\Program Files\Java\jdk-12.0.2\bin\java.dll
0x00007ffaae590000 - 0x00007ffaae5a7000 	C:\Program Files\Java\jdk-12.0.2\bin\zip.dll
0x00007ffaad0f0000 - 0x00007ffaad0fa000 	C:\Program Files\Java\jdk-12.0.2\bin\jimage.dll
0x00007ffab6fb0000 - 0x00007ffab7695000 	C:\Windows\System32\SHELL32.dll
0x00007ffab6f00000 - 0x00007ffab6fa9000 	C:\Windows\System32\shcore.dll
0x00007ffab4ef0000 - 0x00007ffab566e000 	C:\Windows\System32\windows.storage.dll
0x00007ffab4e90000 - 0x00007ffab4eaf000 	C:\Windows\System32\profapi.dll
0x00007ffab4e40000 - 0x00007ffab4e8a000 	C:\Windows\System32\powrprof.dll
0x00007ffab4e30000 - 0x00007ffab4e40000 	C:\Windows\System32\UMPDC.dll
0x00007ffab76a0000 - 0x00007ffab76f2000 	C:\Windows\System32\shlwapi.dll
0x00007ffab5ed0000 - 0x00007ffab5ee7000 	C:\Windows\System32\cryptsp.dll
0x00007ffaad020000 - 0x00007ffaad039000 	C:\Program Files\Java\jdk-12.0.2\bin\net.dll
0x00007ffaac180000 - 0x00007ffaac270000 	C:\Windows\SYSTEM32\WINHTTP.dll
0x00007ffaa7f70000 - 0x00007ffaa8146000 	C:\Windows\SYSTEM32\urlmon.dll
0x00007ffaa7770000 - 0x00007ffaa7a16000 	C:\Windows\SYSTEM32\iertutil.dll
0x00007ffab4870000 - 0x00007ffab487c000 	C:\Windows\SYSTEM32\CRYPTBASE.DLL
0x00007ffab46a0000 - 0x00007ffab4707000 	C:\Windows\system32\mswsock.dll
0x00007ffa99d50000 - 0x00007ffa99d63000 	C:\Program Files\Java\jdk-12.0.2\bin\nio.dll
0x00007ffaaf650000 - 0x00007ffaaf659000 	C:\Program Files\Java\jdk-12.0.2\bin\management.dll
0x00007ffaaf340000 - 0x00007ffaaf34c000 	C:\Program Files\Java\jdk-12.0.2\bin\management_ext.dll
0x00007ffaa7590000 - 0x00007ffaa75a6000 	C:\Windows\system32\napinsp.dll
0x00007ffaa7570000 - 0x00007ffaa758a000 	C:\Windows\system32\pnrpnsp.dll
0x00007ffab43f0000 - 0x00007ffab44ba000 	C:\Windows\SYSTEM32\DNSAPI.dll
0x00007ffab6d10000 - 0x00007ffab6d18000 	C:\Windows\System32\NSI.dll
0x00007ffab43b0000 - 0x00007ffab43ea000 	C:\Windows\SYSTEM32\IPHLPAPI.DLL
0x00007ffaa7560000 - 0x00007ffaa756e000 	C:\Windows\System32\winrnr.dll
0x00007ffab1340000 - 0x00007ffab135c000 	C:\Windows\system32\NLAapi.dll
0x00007ffaa6c10000 - 0x00007ffaa6c25000 	C:\Windows\system32\wshbth.dll
0x00007ffaaadf0000 - 0x00007ffaaadfa000 	C:\Windows\System32\rasadhlp.dll
0x00007ffaac270000 - 0x00007ffaac2e7000 	C:\Windows\System32\fwpuclnt.dll
0x00007ffab5cf0000 - 0x00007ffab5d16000 	C:\Windows\System32\bcrypt.dll
0x00007ffab4210000 - 0x00007ffab4243000 	C:\Windows\system32\rsaenh.dll
0x00007ffab4d50000 - 0x00007ffab4d75000 	C:\Windows\SYSTEM32\USERENV.dll
0x00007ffaac430000 - 0x00007ffaac446000 	C:\Windows\SYSTEM32\dhcpcsvc6.DLL
0x00007ffaac790000 - 0x00007ffaac7ac000 	C:\Windows\SYSTEM32\dhcpcsvc.DLL

dbghelp: loaded successfully - version: 4.0.5 - missing functions: none
symbol engine: initialized successfully - sym options: 0x614 - pdb path: .;C:\Program Files\Java\jdk-12.0.2\bin;C:\Windows\SYSTEM32;C:\Windows\WinSxS\amd64_microsoft.windows.common-controls_6595b64144ccf1df_6.0.18362.356_none_e6c4af7d130f27cc;C:\Program Files\Java\jdk-12.0.2\bin\server

VM Arguments:
jvm_args: -Dcom.sun.management.jmxremote -Dcom.sun.management.jmxremote.port=63624 -Dcom.sun.management.jmxremote.authenticate=false -Dcom.sun.management.jmxremote.ssl=false -Djava.rmi.server.hostname=localhost -Dspring.jmx.enabled=true -Dspring.application.admin.enabled=true -Xverify:none -XX:TieredStopAtLevel=1 -Dspring.boot.project.name=project-car-store -Dfile.encoding=UTF-8 
java_command: com.mauriciopd.carstore.ProjectCarStoreApplication --spring.output.ansi.enabled=always
java_class_path (initial): C:\Users\mauri.DESKTOP-PO4LD2G\OneDrive\Documentos\ws-car-store-back\project-car-store\target\classes;C:\Users\mauri.DESKTOP-PO4LD2G\.m2\repository\com\amazonaws\aws-java-sdk\1.11.651\aws-java-sdk-1.11.651.jar;C:\Users\mauri.DESKTOP-PO4LD2G\.m2\repository\com\amazonaws\aws-java-sdk-workmailmessageflow\1.11.651\aws-java-sdk-workmailmessageflow-1.11.651.jar;C:\Users\mauri.DESKTOP-PO4LD2G\.m2\repository\com\amazonaws\jmespath-java\1.11.651\jmespath-java-1.11.651.jar;C:\Users\mauri.DESKTOP-PO4LD2G\.m2\repository\com\amazonaws\aws-java-sdk-qldbsession\1.11.651\aws-java-sdk-qldbsession-1.11.651.jar;C:\Users\mauri.DESKTOP-PO4LD2G\.m2\repository\com\amazonaws\aws-java-sdk-qldb\1.11.651\aws-java-sdk-qldb-1.11.651.jar;C:\Users\mauri.DESKTOP-PO4LD2G\.m2\repository\com\amazonaws\aws-java-sdk-forecastquery\1.11.651\aws-java-sdk-forecastquery-1.11.651.jar;C:\Users\mauri.DESKTOP-PO4LD2G\.m2\repository\com\amazonaws\aws-java-sdk-forecast\1.11.651\aws-java-sdk-forecast-1.11.651.jar;C:\Users\mauri.DESKTOP-PO4LD2G\.m2\repository\com\amazonaws\aws-java-sdk-lakeformation\1.11.651\aws-java-sdk-lakeformation-1.11.651.jar;C:\Users\mauri.DESKTOP-PO4LD2G\.m2\repository\com\amazonaws\aws-java-sdk-eventbridge\1.11.651\aws-java-sdk-eventbridge-1.11.651.jar;C:\Users\mauri.DESKTOP-PO4LD2G\.m2\repository\com\amazonaws\aws-java-sdk-ec2instanceconnect\1.11.651\aws-java-sdk-ec2instanceconnect-1.11.651.jar;C:\Users\mauri.DESKTOP-PO4LD2G\.m2\repository\com\amazonaws\aws-java-sdk-applicationinsights\1.11.651\aws-java-sdk-applicationinsights-1.11.651.jar;C:\Users\mauri.DESKTOP-PO4LD2G\.m2\repository\com\amazonaws\aws-java-sdk-servicequotas\1.11.651\aws-java-sdk-servicequotas-1.11.651.jar;C:\Users\mauri.DESKTOP-PO4LD2G\.m2\repository\com\amazonaws\aws-java-sdk-personalizeevents\1.11.651\aws-java-sdk-personalizeevents-1.11.651.jar;C:\Users\mauri.DESKTOP-PO4LD2G\.m2\repository\com\amazonaws\aws-java-sdk-personalize\1.11.651\aws-java-sdk-personalize-1.11.651.jar;C:\Users\mauri.DE
Launcher Type: SUN_STANDARD

[Global flags]
     bool BytecodeVerificationLocal                = false                                     {product} {command line}
     bool BytecodeVerificationRemote               = false                                     {product} {command line}
     intx CICompilerCount                          = 3                                         {product} {ergonomic}
     uint ConcGCThreads                            = 1                                         {product} {ergonomic}
     uint G1ConcRefinementThreads                  = 4                                         {product} {ergonomic}
   size_t G1HeapRegionSize                         = 1048576                                   {product} {ergonomic}
    uintx GCDrainStackTargetSize                   = 64                                        {product} {ergonomic}
   size_t InitialHeapSize                          = 134217728                                 {product} {ergonomic}
     bool ManagementServer                         = true                                      {product} {command line}
   size_t MarkStackSize                            = 4194304                                   {product} {ergonomic}
   size_t MaxHeapSize                              = 2124414976                                {product} {ergonomic}
   size_t MaxNewSize                               = 1274019840                                {product} {ergonomic}
   size_t MinHeapDeltaBytes                        = 1048576                                   {product} {ergonomic}
    uintx NonNMethodCodeHeapSize                   = 6973028                                {pd product} {ergonomic}
    uintx NonProfiledCodeHeapSize                  = 244685212                              {pd product} {ergonomic}
    uintx ProfiledCodeHeapSize                     = 0                                      {pd product} {ergonomic}
    uintx ReservedCodeCacheSize                    = 251658240                              {pd product} {ergonomic}
     bool SegmentedCodeCache                       = true                                      {product} {ergonomic}
     intx TieredStopAtLevel                        = 1                                         {product} {command line}
     bool UseCompressedClassPointers               = true                                 {lp64_product} {ergonomic}
     bool UseCompressedOops                        = true                                 {lp64_product} {ergonomic}
     bool UseG1GC                                  = true                                      {product} {ergonomic}
     bool UseLargePagesIndividualAllocation        = false                                  {pd product} {ergonomic}

Logging:
Log output configuration:
 #0: stdout all=warning uptime,level,tags
 #1: stderr all=off uptime,level,tags

Environment Variables:
JAVA_HOME=C:\Program Files\Java\jdk-12.0.2\bin
PATH=C:/Program Files/Java/jdk-12.0.2/bin/server;C:/Program Files/Java/jdk-12.0.2/bin;C:\Windows\system32;C:\Windows;C:\Windows\System32\Wbem;C:\Windows\System32\WindowsPowerShell\v1.0\;C:\Windows\System32\OpenSSH\;C:\Program Files\nodejs\;C:\Program Files\Java\jdk-12.0.2\bin;C:\Program Files\Git\cmd;C:\Program Files\MongoDB\Server\4.2\bin;C:\Users\mauri.DESKTOP-PO4LD2G\AppData\Local\Microsoft\WindowsApps;C:\Users\mauri.DESKTOP-PO4LD2G\AppData\Local\Programs\Microsoft VS Code\bin;C:\Users\mauri.DESKTOP-PO4LD2G\AppData\Roaming\npm;C:\Program Files\Java\jdk-12.0.2\bin\bin;C:\Program Files\heroku\bin;C:\xampp\mysql\bin;;C:\sts-4.4.1.RELEASE;
USERNAME=mauri
OS=Windows_NT
PROCESSOR_IDENTIFIER=Intel64 Family 6 Model 58 Stepping 9, GenuineIntel



---------------  S Y S T E M  ---------------

OS: Windows 10 , 64 bit Build 18362 (10.0.18362.329)

CPU:total 4 (initial active 4) (2 cores per cpu, 2 threads per core) family 6 model 58 stepping 9, cmov, cx8, fxsr, mmx, sse, sse2, sse3, ssse3, sse4.1, sse4.2, popcnt, avx, aes, clmul, erms, ht, tsc, tscinvbit, tscinv

Memory: 4k page, system-wide physical 8097M (2047M free)
TotalPageFile size 13813M (AvailPageFile size 4076M)
current process WorkingSet (physical memory assigned to process): 78M, peak: 78M
current process commit charge ("private bytes"): 212M, peak: 212M

vm_info: Java HotSpot(TM) 64-Bit Server VM (12.0.2+10) for windows-amd64 JRE (12.0.2+10), built on Jul 16 2019 01:56:17 by "mach5one" with MS VC++ 15.5 (VS2017)

END.
