#
# A fatal error has been detected by the Java Runtime Environment:
#
#  EXCEPTION_ACCESS_VIOLATION (0xc0000005) at pc=0x00007ffcb776d569, pid=10920, tid=464
#
# JRE version: Java(TM) SE Runtime Environment (12.0.2+10) (build 12.0.2+10)
# Java VM: Java HotSpot(TM) 64-Bit Server VM (12.0.2+10, mixed mode, sharing, tiered, compressed oops, g1 gc, windows-amd64)
# Problematic frame:
# V  [jvm.dll+0x6cd569]
#
# No core dump will be written. Minidumps are not enabled by default on client versions of Windows
#
# If you would like to submit a bug report, please visit:
#   http://bugreport.java.com/bugreport/crash.jsp
#

---------------  S U M M A R Y ------------

Command Line: -Dcom.sun.management.jmxremote -Dcom.sun.management.jmxremote.port=60486 -Dcom.sun.management.jmxremote.authenticate=false -Dcom.sun.management.jmxremote.ssl=false -Djava.rmi.server.hostname=localhost -Dspring.jmx.enabled=true -Dspring.application.admin.enabled=true -Xverify:none -XX:TieredStopAtLevel=1 -Dspring.boot.project.name=project-car-store -Dfile.encoding=UTF-8 com.mauriciopd.carstore.ProjectCarStoreApplication --spring.output.ansi.enabled=always

Host: Intel(R) Core(TM) i5-3340M CPU @ 2.70GHz, 4 cores, 7G,  Windows 10 , 64 bit Build 18362 (10.0.18362.329)
Time: Fri Nov 22 17:47:43 2019 Hora oficial do Brasil elapsed time: 1 seconds (0d 0h 0m 1s)

---------------  T H R E A D  ---------------

Current thread (0x0000023acb63a800):  WatcherThread [stack: 0x000000c260f00000,0x000000c261000000] [id=464]

Stack: [0x000000c260f00000,0x000000c261000000],  sp=0x000000c260fffa50,  free space=1022k
Native frames: (J=compiled Java code, j=interpreted, Vv=VM code, C=native code)
V  [jvm.dll+0x6cd569]
V  [jvm.dll+0x71ccdd]
V  [jvm.dll+0x751449]
V  [jvm.dll+0x74a2c8]
V  [jvm.dll+0x639b16]
C  [ucrtbase.dll+0x1d9f2]
C  [KERNEL32.DLL+0x17bd4]
C  [ntdll.dll+0x6cee1]


siginfo: EXCEPTION_ACCESS_VIOLATION (0xc0000005), reading address 0x0000023a0000000f


Register to memory mapping:

RIP=0x00007ffcb776d569 jvm.dll
RAX=0x0000023acb5dc8c0 points into unknown readable memory: 0f 00 00 00 3a 02 00 00
RBX=0x0 is NULL
RCX=0x0000023a0000000f is an unknown value
RDX=0x0000000000000032 is an unknown value
RSP=0x000000c260fffa50 points into unknown readable memory: 00 a8 63 cb 3a 02 00 00
RBP=0x0000000000000002 is an unknown value
RSI=0x0000023acb5dc990 points into unknown readable memory: 00 51 61 cb 3a 02 00 00
RDI=0x0 is NULL
R8 =0x0 is NULL
R9 =0x0000023ab3700b80 is at begin+0 in a stub
StubRoutines::atomic_cmpxchg_long [0x0000023ab3700b80, 0x0000023ab3700b89[ (9 bytes)
R10=0x00000000546c6148 is an unknown value
R11=0xfffffffffa7a3a02 is an unknown value
R12=0x0 is NULL
R13=0x0000023acb63a800 points into unknown readable memory: 90 3a 99 b7 fc 7f 00 00
R14=0x0000000000000032 is an unknown value
R15=0x0000023acb5ee2a0 points into unknown readable memory: 00 00 00 00 00 00 00 00


Registers:
RAX=0x0000023acb5dc8c0, RBX=0x0000000000000000, RCX=0x0000023a0000000f, RDX=0x0000000000000032
RSP=0x000000c260fffa50, RBP=0x0000000000000002, RSI=0x0000023acb5dc990, RDI=0x0000000000000000
R8 =0x0000000000000000, R9 =0x0000023ab3700b80, R10=0x00000000546c6148, R11=0xfffffffffa7a3a02
R12=0x0000000000000000, R13=0x0000023acb63a800, R14=0x0000000000000032, R15=0x0000023acb5ee2a0
RIP=0x00007ffcb776d569, EFLAGS=0x0000000000010202

Top of Stack: (sp=0x000000c260fffa50)
0x000000c260fffa50:   0000023acb63a800 0000023acb63a800
0x000000c260fffa60:   0000158888a97524 00007ffcb76aed19
0x000000c260fffa70:   00007ffcb7b61b28 00007ffcb77bccdd
0x000000c260fffa80:   0000000000000001 0000023aa9afe7e0
0x000000c260fffa90:   0000023aa9afe7e0 431bde82d7b634db
0x000000c260fffaa0:   0000023acb5ee2a0 0000158888a97524
0x000000c260fffab0:   0000023aa9afe7e0 00007ffcb77f1449
0x000000c260fffac0:   0000000000000001 0000000000000032
0x000000c260fffad0:   0000000000000032 0000000000000002
0x000000c260fffae0:   0000000000000000 0000000000000000
0x000000c260fffaf0:   0000000000000000 00007ffcb74705fe
0x000000c260fffb00:   0000000000000000 0000000000000000
0x000000c260fffb10:   0000000000000000 0000000000000000
0x000000c260fffb20:   0000023acb63a800 0000000000000000
0x000000c260fffb30:   0000000000100000 000000c260fffd80
0x000000c260fffb40:   000000c260f00000 00007ffcb77ea2c8 

Instructions: (pc=0x00007ffcb776d569)
0x00007ffcb776d469:   00 00 74 6c 48 83 3d 53 24 3e 00 00 75 62 48 89
0x00007ffcb776d479:   5c 24 20 e8 2f fb ff ff e8 8a 81 f9 ff 45 33 c0
0x00007ffcb776d489:   48 89 05 40 24 3e 00 41 8d 50 07 8d 4a 09 e8 64
0x00007ffcb776d499:   f5 9e ff 48 8b d8 48 85 c0 74 1b 48 63 15 15 6a
0x00007ffcb776d4a9:   34 00 48 8b c8 e8 7d f5 04 00 48 8d 05 be 1d 22
0x00007ffcb776d4b9:   00 48 89 03 eb 02 33 db 48 8b cb 48 89 1d fd 23
0x00007ffcb776d4c9:   3e 00 48 8b 5c 24 20 48 83 c4 28 e9 d7 f6 04 00
0x00007ffcb776d4d9:   48 83 c4 28 c3 cc cc 48 89 5c 24 10 56 48 83 ec
0x00007ffcb776d4e9:   20 48 8b 01 33 db 48 8b f1 39 18 7e 2a 48 89 7c
0x00007ffcb776d4f9:   24 30 8b fb 0f 1f 00 48 8b 40 18 48 8b 0c 07 48
0x00007ffcb776d509:   8b 01 ff 50 08 48 8b 06 48 8d 7f 08 ff c3 3b 18
0x00007ffcb776d519:   7c e5 48 8b 7c 24 30 48 8b 5c 24 38 48 83 c4 20
0x00007ffcb776d529:   5e c3 cc cc cc cc cc e9 bb 74 f6 ff cc cc cc cc
0x00007ffcb776d539:   cc cc cc cc cc cc cc 48 89 5c 24 10 56 48 83 ec
0x00007ffcb776d549:   20 48 8b 35 7f 23 3e 00 33 db 48 8b 06 39 18 7e
0x00007ffcb776d559:   27 48 89 7c 24 30 8b fb 48 8b 40 18 48 8b 0c 07
0x00007ffcb776d569:   48 8b 01 ff 50 08 48 8b 06 48 8d 7f 08 ff c3 3b
0x00007ffcb776d579:   18 7c e5 48 8b 7c 24 30 48 8b 5c 24 38 48 83 c4
0x00007ffcb776d589:   20 5e c3 cc cc cc cc 48 89 11 48 8b c1 4c 89 41
0x00007ffcb776d599:   08 c3 cc cc cc cc cc 40 53 48 81 ec b0 00 00 00
0x00007ffcb776d5a9:   48 8b d9 48 8d 4c 24 20 e8 0a 02 00 00 48 8d 54
0x00007ffcb776d5b9:   24 20 48 8b cb e8 dd 0d 00 00 48 81 c4 b0 00 00
0x00007ffcb776d5c9:   00 5b c3 cc cc cc cc 48 83 ec 28 e8 47 5b ad ff
0x00007ffcb776d5d9:   48 83 c4 28 e9 fe 0f 00 00 cc cc cc cc cc cc cc
0x00007ffcb776d5e9:   cc cc cc cc cc cc cc 40 53 48 83 ec 20 0f b6 d9
0x00007ffcb776d5f9:   e8 b2 00 00 00 0f b6 cb 48 83 c4 20 5b e9 f5 10
0x00007ffcb776d609:   00 00 cc cc cc cc cc 40 53 48 83 ec 20 48 8b d9
0x00007ffcb776d619:   e8 22 1f 00 00 48 8b d3 48 8b c8 4c 8b 00 41 ff
0x00007ffcb776d629:   90 a0 00 00 00 48 8b cb 48 83 c4 20 5b e9 75 e5
0x00007ffcb776d639:   f6 ff cc cc cc cc cc 48 83 ec 28 e8 f7 1e 00 00
0x00007ffcb776d649:   48 8b c8 48 8b 10 48 83 c4 28 48 ff a2 c0 00 00
0x00007ffcb776d659:   00 cc cc cc cc cc cc 48 89 5c 24 08 57 48 83 ec 


Stack slot to memory mapping:
stack at sp + 0 slots: 0x0000023acb63a800 points into unknown readable memory: 90 3a 99 b7 fc 7f 00 00
stack at sp + 1 slots: 0x0000023acb63a800 points into unknown readable memory: 90 3a 99 b7 fc 7f 00 00
stack at sp + 2 slots: 0x0000158888a97524 is an unknown value
stack at sp + 3 slots: 0x00007ffcb76aed19 jvm.dll
stack at sp + 4 slots: 0x00007ffcb7b61b28 jvm.dll
stack at sp + 5 slots: 0x00007ffcb77bccdd jvm.dll
stack at sp + 6 slots: 0x0000000000000001 is an unknown value
stack at sp + 7 slots: 0x0000023aa9afe7e0 points into unknown readable memory: 01 00 00 00 00 00 00 00


---------------  P R O C E S S  ---------------

Threads class SMR info:
_java_thread_list=0x0000023acb614440, length=12, elements={
0x0000023aa9b02800, 0x0000023ac9e6a800, 0x0000023ac9e6b800, 0x0000023ac9e85000,
0x0000023ac9e88000, 0x0000023ac9e8a000, 0x0000023ac9e9a000, 0x0000023ac9e4f000,
0x0000023aca972800, 0x0000023acb5ed000, 0x0000023acb5d6800, 0x0000023acb5db000
}

Java Threads: ( => current thread )
  0x0000023aa9b02800 JavaThread "main" [_thread_in_native, id=9408, stack(0x000000c25fb00000,0x000000c25fc00000)]
  0x0000023ac9e6a800 JavaThread "Reference Handler" daemon [_thread_blocked, id=8784, stack(0x000000c260200000,0x000000c260300000)]
  0x0000023ac9e6b800 JavaThread "Finalizer" daemon [_thread_blocked, id=9052, stack(0x000000c260300000,0x000000c260400000)]
  0x0000023ac9e85000 JavaThread "Signal Dispatcher" daemon [_thread_blocked, id=5364, stack(0x000000c260400000,0x000000c260500000)]
  0x0000023ac9e88000 JavaThread "Attach Listener" daemon [_thread_blocked, id=2116, stack(0x000000c260500000,0x000000c260600000)]
  0x0000023ac9e8a000 JavaThread "C1 CompilerThread0" daemon [_thread_in_native, id=10988, stack(0x000000c260600000,0x000000c260700000)]
  0x0000023ac9e9a000 JavaThread "Sweeper thread" daemon [_thread_blocked, id=9708, stack(0x000000c260700000,0x000000c260800000)]
  0x0000023ac9e4f000 JavaThread "Common-Cleaner" daemon [_thread_blocked, id=5028, stack(0x000000c260800000,0x000000c260900000)]
  0x0000023aca972800 JavaThread "Service Thread" daemon [_thread_blocked, id=2940, stack(0x000000c260900000,0x000000c260a00000)]
  0x0000023acb5ed000 JavaThread "RMI TCP Accept-0" daemon [_thread_in_native, id=4004, stack(0x000000c260c00000,0x000000c260d00000)]
  0x0000023acb5d6800 JavaThread "RMI TCP Accept-60486" daemon [_thread_in_native, id=5020, stack(0x000000c260d00000,0x000000c260e00000)]
  0x0000023acb5db000 JavaThread "RMI TCP Accept-0" daemon [_thread_in_native, id=9892, stack(0x000000c260e00000,0x000000c260f00000)]

Other Threads:
  0x0000023ac9e64800 VMThread "VM Thread" [stack: 0x000000c260100000,0x000000c260200000] [id=3956]
=>0x0000023acb63a800 WatcherThread [stack: 0x000000c260f00000,0x000000c261000000] [id=464]
  0x0000023aa9b42000 GCTaskThread "GC Thread#0" [stack: 0x000000c25fc00000,0x000000c25fd00000] [id=10740]
  0x0000023acabc6800 GCTaskThread "GC Thread#1" [stack: 0x000000c260a00000,0x000000c260b00000] [id=3908]
  0x0000023acabc7000 GCTaskThread "GC Thread#2" [stack: 0x000000c260b00000,0x000000c260c00000] [id=4172]
  0x0000023aa9b50000 ConcurrentGCThread "G1 Main Marker" [stack: 0x000000c25fd00000,0x000000c25fe00000] [id=5576]
  0x0000023aa9b52800 ConcurrentGCThread "G1 Conc#0" [stack: 0x000000c25fe00000,0x000000c25ff00000] [id=5912]
  0x0000023ac9ce7800 ConcurrentGCThread "G1 Refine#0" [stack: 0x000000c25ff00000,0x000000c260000000] [id=6336]
  0x0000023ac9ce8800 ConcurrentGCThread "G1 Young RemSet Sampling" [stack: 0x000000c260000000,0x000000c260100000] [id=7980]

Threads with active compile tasks:

VM state:not at safepoint (normal execution)

VM Mutex/Monitor currently owned by a thread:  ([mutex/lock_event])
[0x0000023aa9afe7e0] PeriodicTask_lock - owner thread: 0x0000023acb63a800

Heap address: 0x0000000081600000, size: 2026 MB, Compressed Oops mode: 32-bit
Narrow klass base: 0x0000000800000000, Narrow klass shift: 3
Compressed class space size: 1073741824 Address: 0x0000000801190000

Heap:
 garbage-first heap   total 131072K, used 21917K [0x0000000081600000, 0x0000000100000000)
  region size 1024K, 8 young (8192K), 2 survivors (2048K)
 Metaspace       used 5163K, capacity 5699K, committed 5888K, reserved 1056768K
  class space    used 652K, capacity 762K, committed 768K, reserved 1048576K
Heap Regions: E=young(eden), S=young(survivor), O=old, HS=humongous(starts), HC=humongous(continues), CS=collection set, F=free, A=archive, TAMS=top-at-mark-start (previous, next)
|   0|0x0000000081600000, 0x0000000081700000, 0x0000000081700000|100%| O|  |TAMS 0x0000000081600000, 0x0000000081600000| Untracked 
|   1|0x0000000081700000, 0x0000000081800000, 0x0000000081800000|100%| O|  |TAMS 0x0000000081700000, 0x0000000081700000| Untracked 
|   2|0x0000000081800000, 0x0000000081900000, 0x0000000081900000|100%| O|  |TAMS 0x0000000081800000, 0x0000000081800000| Untracked 
|   3|0x0000000081900000, 0x0000000081a00000, 0x0000000081a00000|100%| O|  |TAMS 0x0000000081900000, 0x0000000081900000| Untracked 
|   4|0x0000000081a00000, 0x0000000081b00000, 0x0000000081b00000|100%| O|  |TAMS 0x0000000081a00000, 0x0000000081a00000| Untracked 
|   5|0x0000000081b00000, 0x0000000081c00000, 0x0000000081c00000|100%| O|  |TAMS 0x0000000081b00000, 0x0000000081b00000| Untracked 
|   6|0x0000000081c00000, 0x0000000081d00000, 0x0000000081d00000|100%| O|  |TAMS 0x0000000081c00000, 0x0000000081c00000| Untracked 
|   7|0x0000000081d00000, 0x0000000081e00000, 0x0000000081e00000|100%| O|  |TAMS 0x0000000081d00000, 0x0000000081d00000| Untracked 
|   8|0x0000000081e00000, 0x0000000081f00000, 0x0000000081f00000|100%| O|  |TAMS 0x0000000081e00000, 0x0000000081e00000| Untracked 
|   9|0x0000000081f00000, 0x0000000082000000, 0x0000000082000000|100%| O|  |TAMS 0x0000000081f00000, 0x0000000081f00000| Untracked 
|  10|0x0000000082000000, 0x0000000082100000, 0x0000000082100000|100%|HS|  |TAMS 0x0000000082000000, 0x0000000082000000| Complete 
|  11|0x0000000082100000, 0x0000000082200000, 0x0000000082200000|100%| O|  |TAMS 0x0000000082100000, 0x0000000082100000| Untracked 
|  12|0x0000000082200000, 0x0000000082300000, 0x0000000082300000|100%| O|  |TAMS 0x0000000082200000, 0x0000000082200000| Untracked 
|  13|0x0000000082300000, 0x0000000082400000, 0x0000000082400000|100%| O|  |TAMS 0x0000000082300000, 0x0000000082300000| Untracked 
|  14|0x0000000082400000, 0x0000000082467600, 0x0000000082500000| 40%| O|  |TAMS 0x0000000082400000, 0x0000000082400000| Untracked 
|  15|0x0000000082500000, 0x0000000082500000, 0x0000000082600000|  0%| F|  |TAMS 0x0000000082500000, 0x0000000082500000| Untracked 
|  16|0x0000000082600000, 0x0000000082600000, 0x0000000082700000|  0%| F|  |TAMS 0x0000000082600000, 0x0000000082600000| Untracked 
|  17|0x0000000082700000, 0x0000000082700000, 0x0000000082800000|  0%| F|  |TAMS 0x0000000082700000, 0x0000000082700000| Untracked 
|  18|0x0000000082800000, 0x0000000082800000, 0x0000000082900000|  0%| F|  |TAMS 0x0000000082800000, 0x0000000082800000| Untracked 
|  19|0x0000000082900000, 0x0000000082900000, 0x0000000082a00000|  0%| F|  |TAMS 0x0000000082900000, 0x0000000082900000| Untracked 
|  20|0x0000000082a00000, 0x0000000082a00000, 0x0000000082b00000|  0%| F|  |TAMS 0x0000000082a00000, 0x0000000082a00000| Untracked 
|  21|0x0000000082b00000, 0x0000000082b00000, 0x0000000082c00000|  0%| F|  |TAMS 0x0000000082b00000, 0x0000000082b00000| Untracked 
|  22|0x0000000082c00000, 0x0000000082c00000, 0x0000000082d00000|  0%| F|  |TAMS 0x0000000082c00000, 0x0000000082c00000| Untracked 
|  23|0x0000000082d00000, 0x0000000082d00000, 0x0000000082e00000|  0%| F|  |TAMS 0x0000000082d00000, 0x0000000082d00000| Untracked 
|  24|0x0000000082e00000, 0x0000000082e00000, 0x0000000082f00000|  0%| F|  |TAMS 0x0000000082e00000, 0x0000000082e00000| Untracked 
|  25|0x0000000082f00000, 0x0000000082f00000, 0x0000000083000000|  0%| F|  |TAMS 0x0000000082f00000, 0x0000000082f00000| Untracked 
|  26|0x0000000083000000, 0x0000000083000000, 0x0000000083100000|  0%| F|  |TAMS 0x0000000083000000, 0x0000000083000000| Untracked 
|  27|0x0000000083100000, 0x0000000083100000, 0x0000000083200000|  0%| F|  |TAMS 0x0000000083100000, 0x0000000083100000| Untracked 
|  28|0x0000000083200000, 0x0000000083200000, 0x0000000083300000|  0%| F|  |TAMS 0x0000000083200000, 0x0000000083200000| Untracked 
|  29|0x0000000083300000, 0x0000000083300000, 0x0000000083400000|  0%| F|  |TAMS 0x0000000083300000, 0x0000000083300000| Untracked 
|  30|0x0000000083400000, 0x0000000083400000, 0x0000000083500000|  0%| F|  |TAMS 0x0000000083400000, 0x0000000083400000| Untracked 
|  31|0x0000000083500000, 0x0000000083500000, 0x0000000083600000|  0%| F|  |TAMS 0x0000000083500000, 0x0000000083500000| Untracked 
|  32|0x0000000083600000, 0x0000000083600000, 0x0000000083700000|  0%| F|  |TAMS 0x0000000083600000, 0x0000000083600000| Untracked 
|  33|0x0000000083700000, 0x0000000083700000, 0x0000000083800000|  0%| F|  |TAMS 0x0000000083700000, 0x0000000083700000| Untracked 
|  34|0x0000000083800000, 0x0000000083800000, 0x0000000083900000|  0%| F|  |TAMS 0x0000000083800000, 0x0000000083800000| Untracked 
|  35|0x0000000083900000, 0x0000000083900000, 0x0000000083a00000|  0%| F|  |TAMS 0x0000000083900000, 0x0000000083900000| Untracked 
|  36|0x0000000083a00000, 0x0000000083a00000, 0x0000000083b00000|  0%| F|  |TAMS 0x0000000083a00000, 0x0000000083a00000| Untracked 
|  37|0x0000000083b00000, 0x0000000083b00000, 0x0000000083c00000|  0%| F|  |TAMS 0x0000000083b00000, 0x0000000083b00000| Untracked 
|  38|0x0000000083c00000, 0x0000000083c00000, 0x0000000083d00000|  0%| F|  |TAMS 0x0000000083c00000, 0x0000000083c00000| Untracked 
|  39|0x0000000083d00000, 0x0000000083d00000, 0x0000000083e00000|  0%| F|  |TAMS 0x0000000083d00000, 0x0000000083d00000| Untracked 
|  40|0x0000000083e00000, 0x0000000083e00000, 0x0000000083f00000|  0%| F|  |TAMS 0x0000000083e00000, 0x0000000083e00000| Untracked 
|  41|0x0000000083f00000, 0x0000000083f00000, 0x0000000084000000|  0%| F|  |TAMS 0x0000000083f00000, 0x0000000083f00000| Untracked 
|  42|0x0000000084000000, 0x0000000084000000, 0x0000000084100000|  0%| F|  |TAMS 0x0000000084000000, 0x0000000084000000| Untracked 
|  43|0x0000000084100000, 0x0000000084100000, 0x0000000084200000|  0%| F|  |TAMS 0x0000000084100000, 0x0000000084100000| Untracked 
|  44|0x0000000084200000, 0x0000000084200000, 0x0000000084300000|  0%| F|  |TAMS 0x0000000084200000, 0x0000000084200000| Untracked 
|  45|0x0000000084300000, 0x0000000084300000, 0x0000000084400000|  0%| F|  |TAMS 0x0000000084300000, 0x0000000084300000| Untracked 
|  46|0x0000000084400000, 0x0000000084400000, 0x0000000084500000|  0%| F|  |TAMS 0x0000000084400000, 0x0000000084400000| Untracked 
|  47|0x0000000084500000, 0x0000000084500000, 0x0000000084600000|  0%| F|  |TAMS 0x0000000084500000, 0x0000000084500000| Untracked 
|  48|0x0000000084600000, 0x0000000084600000, 0x0000000084700000|  0%| F|  |TAMS 0x0000000084600000, 0x0000000084600000| Untracked 
|  49|0x0000000084700000, 0x0000000084700000, 0x0000000084800000|  0%| F|  |TAMS 0x0000000084700000, 0x0000000084700000| Untracked 
|  50|0x0000000084800000, 0x0000000084800000, 0x0000000084900000|  0%| F|  |TAMS 0x0000000084800000, 0x0000000084800000| Untracked 
|  51|0x0000000084900000, 0x0000000084900000, 0x0000000084a00000|  0%| F|  |TAMS 0x0000000084900000, 0x0000000084900000| Untracked 
|  52|0x0000000084a00000, 0x0000000084a00000, 0x0000000084b00000|  0%| F|  |TAMS 0x0000000084a00000, 0x0000000084a00000| Untracked 
|  53|0x0000000084b00000, 0x0000000084b00000, 0x0000000084c00000|  0%| F|  |TAMS 0x0000000084b00000, 0x0000000084b00000| Untracked 
|  54|0x0000000084c00000, 0x0000000084c00000, 0x0000000084d00000|  0%| F|  |TAMS 0x0000000084c00000, 0x0000000084c00000| Untracked 
|  55|0x0000000084d00000, 0x0000000084d00000, 0x0000000084e00000|  0%| F|  |TAMS 0x0000000084d00000, 0x0000000084d00000| Untracked 
|  56|0x0000000084e00000, 0x0000000084e00000, 0x0000000084f00000|  0%| F|  |TAMS 0x0000000084e00000, 0x0000000084e00000| Untracked 
|  57|0x0000000084f00000, 0x0000000084f00000, 0x0000000085000000|  0%| F|  |TAMS 0x0000000084f00000, 0x0000000084f00000| Untracked 
|  58|0x0000000085000000, 0x0000000085000000, 0x0000000085100000|  0%| F|  |TAMS 0x0000000085000000, 0x0000000085000000| Untracked 
|  59|0x0000000085100000, 0x0000000085100000, 0x0000000085200000|  0%| F|  |TAMS 0x0000000085100000, 0x0000000085100000| Untracked 
|  60|0x0000000085200000, 0x0000000085200000, 0x0000000085300000|  0%| F|  |TAMS 0x0000000085200000, 0x0000000085200000| Untracked 
|  61|0x0000000085300000, 0x0000000085300000, 0x0000000085400000|  0%| F|  |TAMS 0x0000000085300000, 0x0000000085300000| Untracked 
|  62|0x0000000085400000, 0x0000000085400000, 0x0000000085500000|  0%| F|  |TAMS 0x0000000085400000, 0x0000000085400000| Untracked 
|  63|0x0000000085500000, 0x0000000085500000, 0x0000000085600000|  0%| F|  |TAMS 0x0000000085500000, 0x0000000085500000| Untracked 
|  64|0x0000000085600000, 0x0000000085600000, 0x0000000085700000|  0%| F|  |TAMS 0x0000000085600000, 0x0000000085600000| Untracked 
|  65|0x0000000085700000, 0x0000000085700000, 0x0000000085800000|  0%| F|  |TAMS 0x0000000085700000, 0x0000000085700000| Untracked 
|  66|0x0000000085800000, 0x0000000085800000, 0x0000000085900000|  0%| F|  |TAMS 0x0000000085800000, 0x0000000085800000| Untracked 
|  67|0x0000000085900000, 0x0000000085900000, 0x0000000085a00000|  0%| F|  |TAMS 0x0000000085900000, 0x0000000085900000| Untracked 
|  68|0x0000000085a00000, 0x0000000085a00000, 0x0000000085b00000|  0%| F|  |TAMS 0x0000000085a00000, 0x0000000085a00000| Untracked 
|  69|0x0000000085b00000, 0x0000000085b00000, 0x0000000085c00000|  0%| F|  |TAMS 0x0000000085b00000, 0x0000000085b00000| Untracked 
|  70|0x0000000085c00000, 0x0000000085c00000, 0x0000000085d00000|  0%| F|  |TAMS 0x0000000085c00000, 0x0000000085c00000| Untracked 
|  71|0x0000000085d00000, 0x0000000085d00000, 0x0000000085e00000|  0%| F|  |TAMS 0x0000000085d00000, 0x0000000085d00000| Untracked 
|  72|0x0000000085e00000, 0x0000000085e00000, 0x0000000085f00000|  0%| F|  |TAMS 0x0000000085e00000, 0x0000000085e00000| Untracked 
|  73|0x0000000085f00000, 0x0000000085f00000, 0x0000000086000000|  0%| F|  |TAMS 0x0000000085f00000, 0x0000000085f00000| Untracked 
|  74|0x0000000086000000, 0x0000000086000000, 0x0000000086100000|  0%| F|  |TAMS 0x0000000086000000, 0x0000000086000000| Untracked 
|  75|0x0000000086100000, 0x0000000086100000, 0x0000000086200000|  0%| F|  |TAMS 0x0000000086100000, 0x0000000086100000| Untracked 
|  76|0x0000000086200000, 0x0000000086200000, 0x0000000086300000|  0%| F|  |TAMS 0x0000000086200000, 0x0000000086200000| Untracked 
|  77|0x0000000086300000, 0x0000000086300000, 0x0000000086400000|  0%| F|  |TAMS 0x0000000086300000, 0x0000000086300000| Untracked 
|  78|0x0000000086400000, 0x0000000086400000, 0x0000000086500000|  0%| F|  |TAMS 0x0000000086400000, 0x0000000086400000| Untracked 
|  79|0x0000000086500000, 0x0000000086500000, 0x0000000086600000|  0%| F|  |TAMS 0x0000000086500000, 0x0000000086500000| Untracked 
|  80|0x0000000086600000, 0x0000000086600000, 0x0000000086700000|  0%| F|  |TAMS 0x0000000086600000, 0x0000000086600000| Untracked 
|  81|0x0000000086700000, 0x0000000086700000, 0x0000000086800000|  0%| F|  |TAMS 0x0000000086700000, 0x0000000086700000| Untracked 
|  82|0x0000000086800000, 0x0000000086800000, 0x0000000086900000|  0%| F|  |TAMS 0x0000000086800000, 0x0000000086800000| Untracked 
|  83|0x0000000086900000, 0x0000000086900000, 0x0000000086a00000|  0%| F|  |TAMS 0x0000000086900000, 0x0000000086900000| Untracked 
|  84|0x0000000086a00000, 0x0000000086a00000, 0x0000000086b00000|  0%| F|  |TAMS 0x0000000086a00000, 0x0000000086a00000| Untracked 
|  85|0x0000000086b00000, 0x0000000086b00000, 0x0000000086c00000|  0%| F|  |TAMS 0x0000000086b00000, 0x0000000086b00000| Untracked 
|  86|0x0000000086c00000, 0x0000000086c00000, 0x0000000086d00000|  0%| F|  |TAMS 0x0000000086c00000, 0x0000000086c00000| Untracked 
|  87|0x0000000086d00000, 0x0000000086d00000, 0x0000000086e00000|  0%| F|  |TAMS 0x0000000086d00000, 0x0000000086d00000| Untracked 
|  88|0x0000000086e00000, 0x0000000086e00000, 0x0000000086f00000|  0%| F|  |TAMS 0x0000000086e00000, 0x0000000086e00000| Untracked 
|  89|0x0000000086f00000, 0x0000000086f00000, 0x0000000087000000|  0%| F|  |TAMS 0x0000000086f00000, 0x0000000086f00000| Untracked 
|  90|0x0000000087000000, 0x0000000087000000, 0x0000000087100000|  0%| F|  |TAMS 0x0000000087000000, 0x0000000087000000| Untracked 
|  91|0x0000000087100000, 0x0000000087100000, 0x0000000087200000|  0%| F|  |TAMS 0x0000000087100000, 0x0000000087100000| Untracked 
|  92|0x0000000087200000, 0x0000000087200000, 0x0000000087300000|  0%| F|  |TAMS 0x0000000087200000, 0x0000000087200000| Untracked 
|  93|0x0000000087300000, 0x0000000087300000, 0x0000000087400000|  0%| F|  |TAMS 0x0000000087300000, 0x0000000087300000| Untracked 
|  94|0x0000000087400000, 0x0000000087400000, 0x0000000087500000|  0%| F|  |TAMS 0x0000000087400000, 0x0000000087400000| Untracked 
|  95|0x0000000087500000, 0x0000000087500000, 0x0000000087600000|  0%| F|  |TAMS 0x0000000087500000, 0x0000000087500000| Untracked 
|  96|0x0000000087600000, 0x0000000087600000, 0x0000000087700000|  0%| F|  |TAMS 0x0000000087600000, 0x0000000087600000| Untracked 
|  97|0x0000000087700000, 0x0000000087700000, 0x0000000087800000|  0%| F|  |TAMS 0x0000000087700000, 0x0000000087700000| Untracked 
|  98|0x0000000087800000, 0x0000000087800000, 0x0000000087900000|  0%| F|  |TAMS 0x0000000087800000, 0x0000000087800000| Untracked 
|  99|0x0000000087900000, 0x0000000087900000, 0x0000000087a00000|  0%| F|  |TAMS 0x0000000087900000, 0x0000000087900000| Untracked 
| 100|0x0000000087a00000, 0x0000000087a00000, 0x0000000087b00000|  0%| F|  |TAMS 0x0000000087a00000, 0x0000000087a00000| Untracked 
| 101|0x0000000087b00000, 0x0000000087b00000, 0x0000000087c00000|  0%| F|  |TAMS 0x0000000087b00000, 0x0000000087b00000| Untracked 
| 102|0x0000000087c00000, 0x0000000087c00000, 0x0000000087d00000|  0%| F|  |TAMS 0x0000000087c00000, 0x0000000087c00000| Untracked 
| 103|0x0000000087d00000, 0x0000000087d00000, 0x0000000087e00000|  0%| F|  |TAMS 0x0000000087d00000, 0x0000000087d00000| Untracked 
| 104|0x0000000087e00000, 0x0000000087e00000, 0x0000000087f00000|  0%| F|  |TAMS 0x0000000087e00000, 0x0000000087e00000| Untracked 
| 105|0x0000000087f00000, 0x0000000087f00000, 0x0000000088000000|  0%| F|  |TAMS 0x0000000087f00000, 0x0000000087f00000| Untracked 
| 106|0x0000000088000000, 0x0000000088000000, 0x0000000088100000|  0%| F|  |TAMS 0x0000000088000000, 0x0000000088000000| Untracked 
| 107|0x0000000088100000, 0x0000000088100000, 0x0000000088200000|  0%| F|  |TAMS 0x0000000088100000, 0x0000000088100000| Untracked 
| 108|0x0000000088200000, 0x0000000088200000, 0x0000000088300000|  0%| F|  |TAMS 0x0000000088200000, 0x0000000088200000| Untracked 
| 109|0x0000000088300000, 0x0000000088300000, 0x0000000088400000|  0%| F|  |TAMS 0x0000000088300000, 0x0000000088300000| Untracked 
| 110|0x0000000088400000, 0x0000000088400000, 0x0000000088500000|  0%| F|  |TAMS 0x0000000088400000, 0x0000000088400000| Untracked 
| 111|0x0000000088500000, 0x0000000088500000, 0x0000000088600000|  0%| F|  |TAMS 0x0000000088500000, 0x0000000088500000| Untracked 
| 112|0x0000000088600000, 0x0000000088600000, 0x0000000088700000|  0%| F|  |TAMS 0x0000000088600000, 0x0000000088600000| Untracked 
| 113|0x0000000088700000, 0x0000000088700000, 0x0000000088800000|  0%| F|  |TAMS 0x0000000088700000, 0x0000000088700000| Untracked 
| 114|0x0000000088800000, 0x0000000088800000, 0x0000000088900000|  0%| F|  |TAMS 0x0000000088800000, 0x0000000088800000| Untracked 
| 115|0x0000000088900000, 0x0000000088900000, 0x0000000088a00000|  0%| F|  |TAMS 0x0000000088900000, 0x0000000088900000| Untracked 
| 116|0x0000000088a00000, 0x0000000088a00000, 0x0000000088b00000|  0%| F|  |TAMS 0x0000000088a00000, 0x0000000088a00000| Untracked 
| 117|0x0000000088b00000, 0x0000000088b00000, 0x0000000088c00000|  0%| F|  |TAMS 0x0000000088b00000, 0x0000000088b00000| Untracked 
| 118|0x0000000088c00000, 0x0000000088d00000, 0x0000000088d00000|100%| S|CS|TAMS 0x0000000088c00000, 0x0000000088c00000| Complete 
| 119|0x0000000088d00000, 0x0000000088e00000, 0x0000000088e00000|100%| S|CS|TAMS 0x0000000088d00000, 0x0000000088d00000| Complete 
| 120|0x0000000088e00000, 0x0000000088e00000, 0x0000000088f00000|  0%| F|  |TAMS 0x0000000088e00000, 0x0000000088e00000| Untracked 
| 121|0x0000000088f00000, 0x0000000088f00000, 0x0000000089000000|  0%| F|  |TAMS 0x0000000088f00000, 0x0000000088f00000| Untracked 
| 122|0x0000000089000000, 0x00000000890ac3b0, 0x0000000089100000| 67%| E|  |TAMS 0x0000000089000000, 0x0000000089000000| Complete 
| 123|0x0000000089100000, 0x0000000089200000, 0x0000000089200000|100%| E|CS|TAMS 0x0000000089100000, 0x0000000089100000| Complete 
| 124|0x0000000089200000, 0x0000000089300000, 0x0000000089300000|100%| E|CS|TAMS 0x0000000089200000, 0x0000000089200000| Complete 
| 125|0x0000000089300000, 0x0000000089400000, 0x0000000089400000|100%| E|CS|TAMS 0x0000000089300000, 0x0000000089300000| Complete 
| 126|0x0000000089400000, 0x0000000089500000, 0x0000000089500000|100%| E|CS|TAMS 0x0000000089400000, 0x0000000089400000| Complete 
| 127|0x0000000089500000, 0x0000000089600000, 0x0000000089600000|100%| E|CS|TAMS 0x0000000089500000, 0x0000000089500000| Complete 

Card table byte_map: [0x0000023ac3120000,0x0000023ac3520000] _byte_map_base: 0x0000023ac2d15000

Marking Bits (Prev, Next): (CMBitMap*) 0x0000023aa9b430b8, (CMBitMap*) 0x0000023aa9b430f8
 Prev Bits: [0x0000023ac3920000, 0x0000023ac58c8000)
 Next Bits: [0x0000023ac58d0000, 0x0000023ac7878000)

Polling page: 0x0000023aa9900000

Metaspace:

Usage:
  Non-class:      4.82 MB capacity,     4.40 MB ( 91%) used,   406.75 KB (  8%) free+waste,    19.81 KB ( <1%) overhead. 
      Class:    762.00 KB capacity,   652.74 KB ( 86%) used,    97.76 KB ( 13%) free+waste,    11.50 KB (  2%) overhead. 
       Both:      5.57 MB capacity,     5.04 MB ( 91%) used,   504.51 KB (  9%) free+waste,    31.31 KB ( <1%) overhead. 

Virtual space:
  Non-class space:        8.00 MB reserved,       5.00 MB ( 63%) committed 
      Class space:        1.00 GB reserved,     768.00 KB ( <1%) committed 
             Both:        1.01 GB reserved,       5.75 MB ( <1%) committed 

Chunk freelists:
   Non-Class:  6.88 KB
       Class:  768 bytes
        Both:  7.63 KB

CodeHeap 'non-profiled nmethods': size=238912Kb used=1796Kb max_used=1796Kb free=237116Kb
 bounds [0x0000023ab3db0000, 0x0000023ab4020000, 0x0000023ac2700000]
CodeHeap 'non-nmethods': size=6848Kb used=1137Kb max_used=1137Kb free=5710Kb
 bounds [0x0000023ab3700000, 0x0000023ab3970000, 0x0000023ab3db0000]
 total_blobs=1654 nmethods=1197 adapters=367
 compilation: enabled
              stopped_count=0, restarted_count=0
 full_count=0

Compilation events (10 events):
Event: 1.619 Thread 0x0000023ac9e8a000 nmethod 1045 0x0000023ab3f22890 code [0x0000023ab3f22a40, 0x0000023ab3f22bb0]
Event: 1.619 Thread 0x0000023ac9e8a000 1046       1       java.nio.MappedByteBuffer::position (6 bytes)
Event: 1.619 Thread 0x0000023ac9e8a000 nmethod 1046 0x0000023ab3f22c90 code [0x0000023ab3f22e40, 0x0000023ab3f22fb0]
Event: 1.619 Thread 0x0000023ac9e8a000 1039       1       jdk.internal.loader.BuiltinClassLoader::moduleReaderFor (45 bytes)
Event: 1.619 Thread 0x0000023ac9e8a000 nmethod 1039 0x0000023ab3f23090 code [0x0000023ab3f23280, 0x0000023ab3f23620]
Event: 1.619 Thread 0x0000023ac9e8a000 1040       1       jdk.internal.module.SystemModuleFinders$SystemModuleReader::findImageLocation (42 bytes)
Event: 1.619 Thread 0x0000023ac9e8a000 nmethod 1040 0x0000023ab3f23710 code [0x0000023ab3f23920, 0x0000023ab3f23d40]
Event: 1.619 Thread 0x0000023ac9e8a000 1041       1       jdk.internal.jimage.ImageReader::findLocation (14 bytes)
Event: 1.620 Thread 0x0000023ac9e8a000 nmethod 1041 0x0000023ab3f23f10 code [0x0000023ab3f240e0, 0x0000023ab3f24320]
Event: 1.620 Thread 0x0000023ac9e8a000 1042  s    1       jdk.internal.jimage.BasicImageReader::findLocation (115 bytes)

GC Heap History (4 events):
Event: 0.750 GC heap before
{Heap before GC invocations=0 (full 0):
 garbage-first heap   total 131072K, used 13312K [0x0000000081600000, 0x0000000100000000)
  region size 1024K, 14 young (14336K), 0 survivors (0K)
 Metaspace       used 459K, capacity 4518K, committed 4864K, reserved 1056768K
  class space    used 42K, capacity 399K, committed 512K, reserved 1048576K
}
Event: 0.756 GC heap after
{Heap after GC invocations=1 (full 0):
 garbage-first heap   total 131072K, used 11699K [0x0000000081600000, 0x0000000100000000)
  region size 1024K, 2 young (2048K), 2 survivors (2048K)
 Metaspace       used 459K, capacity 4518K, committed 4864K, reserved 1056768K
  class space    used 42K, capacity 399K, committed 512K, reserved 1048576K
}
Event: 1.584 GC heap before
{Heap before GC invocations=1 (full 0):
 garbage-first heap   total 131072K, used 20915K [0x0000000081600000, 0x0000000100000000)
  region size 1024K, 10 young (10240K), 2 survivors (2048K)
 Metaspace       used 4334K, capacity 5188K, committed 5376K, reserved 1056768K
  class space    used 554K, capacity 653K, committed 768K, reserved 1048576K
}
Event: 1.589 GC heap after
{Heap after GC invocations=2 (full 0):
 garbage-first heap   total 131072K, used 16797K [0x0000000081600000, 0x0000000100000000)
  region size 1024K, 2 young (2048K), 2 survivors (2048K)
 Metaspace       used 4334K, capacity 5188K, committed 5376K, reserved 1056768K
  class space    used 554K, capacity 653K, committed 768K, reserved 1048576K
}

Deoptimization events (0 events):
No events

Classes redefined (0 events):
No events

Internal exceptions (8 events):
Event: 0.867 Thread 0x0000023aa9b02800 Exception <a 'java/lang/NoSuchMethodError'{0x00000000892a3108}: java.lang.invoke.DirectMethodHandle$Holder.invokeStaticInit(Ljava/lang/Object;Ljava/lang/Object;Ljava/lang/Object;)Ljava/lang/Object;> (0x00000000892a3108) thrown at [t:/workspace/open/src/ho
Event: 0.871 Thread 0x0000023aa9b02800 Exception <a 'java/lang/NoSuchMethodError'{0x00000000892bc4b0}: java.lang.invoke.DirectMethodHandle$Holder.invokeInterface(Ljava/lang/Object;Ljava/lang/Object;)I> (0x00000000892bc4b0) thrown at [t:/workspace/open/src/hotspot/share/interpreter/linkResolver
Event: 0.871 Thread 0x0000023aa9b02800 Exception <a 'java/lang/IncompatibleClassChangeError'{0x00000000892befb8}: Found class java.lang.Object, but interface was expected> (0x00000000892befb8) thrown at [t:/workspace/open/src/hotspot/share/interpreter/linkResolver.cpp, line 843]
Event: 0.998 Thread 0x0000023aa9b02800 Exception <a 'java/lang/NoSuchMethodError'{0x00000000890dec88}: java.lang.invoke.DirectMethodHandle$Holder.invokeSpecialIFC(Ljava/lang/Object;Ljava/lang/Object;Ljava/lang/Object;)I> (0x00000000890dec88) thrown at [t:/workspace/open/src/hotspot/share/inter
Event: 1.017 Thread 0x0000023aa9b02800 Exception <a 'java/lang/NoSuchMethodError'{0x0000000088f426a8}: java.lang.invoke.DirectMethodHandle$Holder.invokeStaticInit(Ljava/lang/Object;IIII)Ljava/lang/Object;> (0x0000000088f426a8) thrown at [t:/workspace/open/src/hotspot/share/interpreter/linkReso
Event: 1.513 Thread 0x0000023aa9b02800 Exception <a 'java/lang/NoSuchMethodError'{0x0000000088f6c018}: java.lang.invoke.DirectMethodHandle$Holder.invokeStaticInit(Ljava/lang/Object;Ljava/lang/Object;IIII)Ljava/lang/Object;> (0x0000000088f6c018) thrown at [t:/workspace/open/src/hotspot/share/in
Event: 1.525 Thread 0x0000023aa9b02800 Exception <a 'java/lang/ClassNotFoundException'{0x0000000088f87508}: javax/management/remote/rmi/RMIServerImpl_Skel> (0x0000000088f87508) thrown at [t:/workspace/open/src/hotspot/share/classfile/systemDictionary.cpp, line 235]
Event: 1.557 Thread 0x0000023aa9b02800 Exception <a 'java/lang/ClassNotFoundException'{0x0000000088e35678}: jdk/internal/agent/resources/spi/agentProvider> (0x0000000088e35678) thrown at [t:/workspace/open/src/hotspot/share/classfile/systemDictionary.cpp, line 235]

Events (10 events):
Event: 1.616 loading class java/util/concurrent/LinkedBlockingQueue
Event: 1.616 loading class java/util/concurrent/LinkedBlockingQueue done
Event: 1.616 loading class java/util/concurrent/LinkedBlockingQueue$Node
Event: 1.616 loading class java/util/concurrent/LinkedBlockingQueue$Node done
Event: 1.616 loading class org/slf4j/helpers/NOPLoggerFactory
Event: 1.616 loading class org/slf4j/helpers/NOPLoggerFactory done
Event: 1.617 loading class org/slf4j/helpers/Util
Event: 1.617 loading class org/slf4j/helpers/Util done
Event: 1.619 loading class org/slf4j/impl/StaticLoggerBinder
Event: 1.619 loading class org/slf4j/impl/StaticLoggerBinder done


Dynamic libraries:
0x00007ff7453a0000 - 0x00007ff7453af000 	C:\Program Files\Java\jdk-12.0.2\bin\javaw.exe
0x00007ffce9d20000 - 0x00007ffce9f10000 	C:\Windows\SYSTEM32\ntdll.dll
0x00007ffce8430000 - 0x00007ffce84e2000 	C:\Windows\System32\KERNEL32.DLL
0x00007ffce77a0000 - 0x00007ffce7a43000 	C:\Windows\System32\KERNELBASE.dll
0x00007ffce7c20000 - 0x00007ffce7d1a000 	C:\Windows\System32\ucrtbase.dll
0x00007ffcdd390000 - 0x00007ffcdd3a8000 	C:\Program Files\Java\jdk-12.0.2\bin\jli.dll
0x00007ffce8650000 - 0x00007ffce86f3000 	C:\Windows\System32\ADVAPI32.dll
0x00007ffce8550000 - 0x00007ffce85ee000 	C:\Windows\System32\msvcrt.dll
0x00007ffce9370000 - 0x00007ffce9407000 	C:\Windows\System32\sechost.dll
0x00007ffce8a20000 - 0x00007ffce8b40000 	C:\Windows\System32\RPCRT4.dll
0x00007ffce8880000 - 0x00007ffce8a13000 	C:\Windows\System32\USER32.dll
0x00007ffce7bf0000 - 0x00007ffce7c11000 	C:\Windows\System32\win32u.dll
0x00007ffce8b40000 - 0x00007ffce8b66000 	C:\Windows\System32\GDI32.dll
0x00007ffce6d30000 - 0x00007ffce6ec4000 	C:\Windows\System32\gdi32full.dll
0x00007ffcdd370000 - 0x00007ffcdd386000 	C:\Program Files\Java\jdk-12.0.2\bin\VCRUNTIME140.dll
0x00007ffce7a50000 - 0x00007ffce7aee000 	C:\Windows\System32\msvcp_win.dll
0x00007ffcdba40000 - 0x00007ffcdbcc5000 	C:\Windows\WinSxS\amd64_microsoft.windows.common-controls_6595b64144ccf1df_6.0.18362.356_none_e6c4af7d130f27cc\COMCTL32.dll
0x00007ffce7dd0000 - 0x00007ffce8106000 	C:\Windows\System32\combase.dll
0x00007ffce7af0000 - 0x00007ffce7b70000 	C:\Windows\System32\bcryptPrimitives.dll
0x00007ffcdc410000 - 0x00007ffcdc41a000 	C:\Windows\SYSTEM32\VERSION.dll
0x00007ffce9410000 - 0x00007ffce943e000 	C:\Windows\System32\IMM32.DLL
0x00007ffcbaf20000 - 0x00007ffcbafca000 	C:\Program Files\Java\jdk-12.0.2\bin\msvcp140.dll
0x00007ffcb70a0000 - 0x00007ffcb7c17000 	C:\Program Files\Java\jdk-12.0.2\bin\server\jvm.dll
0x00007ffce8860000 - 0x00007ffce8868000 	C:\Windows\System32\PSAPI.DLL
0x00007ffcda160000 - 0x00007ffcda169000 	C:\Windows\SYSTEM32\WSOCK32.dll
0x00007ffce8bf0000 - 0x00007ffce8c5f000 	C:\Windows\System32\WS2_32.dll
0x00007ffce4620000 - 0x00007ffce4644000 	C:\Windows\SYSTEM32\WINMM.dll
0x00007ffce45f0000 - 0x00007ffce461d000 	C:\Windows\SYSTEM32\winmmbase.dll
0x00007ffce6cb0000 - 0x00007ffce6cfa000 	C:\Windows\System32\cfgmgr32.dll
0x00007ffce6c90000 - 0x00007ffce6ca1000 	C:\Windows\System32\kernel.appcore.dll
0x00007ffcd6080000 - 0x00007ffcd6091000 	C:\Program Files\Java\jdk-12.0.2\bin\verify.dll
0x00007ffcdb840000 - 0x00007ffcdba34000 	C:\Windows\SYSTEM32\DBGHELP.DLL
0x00007ffcdb720000 - 0x00007ffcdb74a000 	C:\Windows\SYSTEM32\dbgcore.DLL
0x00007ffcc5e60000 - 0x00007ffcc5e86000 	C:\Program Files\Java\jdk-12.0.2\bin\java.dll
0x00007ffcd1480000 - 0x00007ffcd1497000 	C:\Program Files\Java\jdk-12.0.2\bin\zip.dll
0x00007ffcd8d40000 - 0x00007ffcd8d4a000 	C:\Program Files\Java\jdk-12.0.2\bin\jimage.dll
0x00007ffce9440000 - 0x00007ffce9b25000 	C:\Windows\System32\SHELL32.dll
0x00007ffce8380000 - 0x00007ffce8429000 	C:\Windows\System32\shcore.dll
0x00007ffce6ed0000 - 0x00007ffce764e000 	C:\Windows\System32\windows.storage.dll
0x00007ffce6c70000 - 0x00007ffce6c8f000 	C:\Windows\System32\profapi.dll
0x00007ffce6c20000 - 0x00007ffce6c6a000 	C:\Windows\System32\powrprof.dll
0x00007ffce6bf0000 - 0x00007ffce6c00000 	C:\Windows\System32\UMPDC.dll
0x00007ffce8c80000 - 0x00007ffce8cd2000 	C:\Windows\System32\shlwapi.dll
0x00007ffce7bd0000 - 0x00007ffce7be7000 	C:\Windows\System32\cryptsp.dll
0x00007ffccf840000 - 0x00007ffccf859000 	C:\Program Files\Java\jdk-12.0.2\bin\net.dll
0x00007ffcd9bf0000 - 0x00007ffcd9dc6000 	C:\Windows\SYSTEM32\urlmon.dll
0x00007ffcde520000 - 0x00007ffcde610000 	C:\Windows\SYSTEM32\WINHTTP.dll
0x00007ffcd93f0000 - 0x00007ffcd9696000 	C:\Windows\SYSTEM32\iertutil.dll
0x00007ffce6630000 - 0x00007ffce663c000 	C:\Windows\SYSTEM32\CRYPTBASE.DLL
0x00007ffce6460000 - 0x00007ffce64c7000 	C:\Windows\system32\mswsock.dll
0x00007ffccbf20000 - 0x00007ffccbf33000 	C:\Program Files\Java\jdk-12.0.2\bin\nio.dll
0x00007ffcdd360000 - 0x00007ffcdd369000 	C:\Program Files\Java\jdk-12.0.2\bin\management.dll
0x00007ffcdd350000 - 0x00007ffcdd35c000 	C:\Program Files\Java\jdk-12.0.2\bin\management_ext.dll
0x00007ffcda370000 - 0x00007ffcda386000 	C:\Windows\system32\napinsp.dll
0x00007ffcda350000 - 0x00007ffcda36a000 	C:\Windows\system32\pnrpnsp.dll
0x00007ffce61b0000 - 0x00007ffce627a000 	C:\Windows\SYSTEM32\DNSAPI.dll
0x00007ffce8ce0000 - 0x00007ffce8ce8000 	C:\Windows\System32\NSI.dll
0x00007ffce6170000 - 0x00007ffce61aa000 	C:\Windows\SYSTEM32\IPHLPAPI.DLL
0x00007ffcda330000 - 0x00007ffcda33e000 	C:\Windows\System32\winrnr.dll
0x00007ffce3340000 - 0x00007ffce335c000 	C:\Windows\system32\NLAapi.dll
0x00007ffcda310000 - 0x00007ffcda325000 	C:\Windows\system32\wshbth.dll
0x00007ffcdd0d0000 - 0x00007ffcdd0da000 	C:\Windows\System32\rasadhlp.dll
0x00007ffcdd170000 - 0x00007ffcdd1e7000 	C:\Windows\System32\fwpuclnt.dll
0x00007ffce6d00000 - 0x00007ffce6d26000 	C:\Windows\System32\bcrypt.dll
0x00007ffce5fd0000 - 0x00007ffce6003000 	C:\Windows\system32\rsaenh.dll
0x00007ffce6ae0000 - 0x00007ffce6b05000 	C:\Windows\SYSTEM32\USERENV.dll
0x00007ffcdd100000 - 0x00007ffcdd116000 	C:\Windows\SYSTEM32\dhcpcsvc6.DLL
0x00007ffcdd0e0000 - 0x00007ffcdd0fc000 	C:\Windows\SYSTEM32\dhcpcsvc.DLL

dbghelp: loaded successfully - version: 4.0.5 - missing functions: none
symbol engine: initialized successfully - sym options: 0x614 - pdb path: .;C:\Program Files\Java\jdk-12.0.2\bin;C:\Windows\SYSTEM32;C:\Windows\WinSxS\amd64_microsoft.windows.common-controls_6595b64144ccf1df_6.0.18362.356_none_e6c4af7d130f27cc;C:\Program Files\Java\jdk-12.0.2\bin\server

VM Arguments:
jvm_args: -Dcom.sun.management.jmxremote -Dcom.sun.management.jmxremote.port=60486 -Dcom.sun.management.jmxremote.authenticate=false -Dcom.sun.management.jmxremote.ssl=false -Djava.rmi.server.hostname=localhost -Dspring.jmx.enabled=true -Dspring.application.admin.enabled=true -Xverify:none -XX:TieredStopAtLevel=1 -Dspring.boot.project.name=project-car-store -Dfile.encoding=UTF-8 
java_command: com.mauriciopd.carstore.ProjectCarStoreApplication --spring.output.ansi.enabled=always
java_class_path (initial): C:\Users\mauri.DESKTOP-PO4LD2G\OneDrive\Documentos\ws-car-store-back\project-car-store\target\classes;C:\Users\mauri.DESKTOP-PO4LD2G\.m2\repository\com\amazonaws\aws-java-sdk\1.11.651\aws-java-sdk-1.11.651.jar;C:\Users\mauri.DESKTOP-PO4LD2G\.m2\repository\com\amazonaws\aws-java-sdk-workmailmessageflow\1.11.651\aws-java-sdk-workmailmessageflow-1.11.651.jar;C:\Users\mauri.DESKTOP-PO4LD2G\.m2\repository\com\amazonaws\jmespath-java\1.11.651\jmespath-java-1.11.651.jar;C:\Users\mauri.DESKTOP-PO4LD2G\.m2\repository\com\amazonaws\aws-java-sdk-qldbsession\1.11.651\aws-java-sdk-qldbsession-1.11.651.jar;C:\Users\mauri.DESKTOP-PO4LD2G\.m2\repository\com\amazonaws\aws-java-sdk-qldb\1.11.651\aws-java-sdk-qldb-1.11.651.jar;C:\Users\mauri.DESKTOP-PO4LD2G\.m2\repository\com\amazonaws\aws-java-sdk-forecastquery\1.11.651\aws-java-sdk-forecastquery-1.11.651.jar;C:\Users\mauri.DESKTOP-PO4LD2G\.m2\repository\com\amazonaws\aws-java-sdk-forecast\1.11.651\aws-java-sdk-forecast-1.11.651.jar;C:\Users\mauri.DESKTOP-PO4LD2G\.m2\repository\com\amazonaws\aws-java-sdk-lakeformation\1.11.651\aws-java-sdk-lakeformation-1.11.651.jar;C:\Users\mauri.DESKTOP-PO4LD2G\.m2\repository\com\amazonaws\aws-java-sdk-eventbridge\1.11.651\aws-java-sdk-eventbridge-1.11.651.jar;C:\Users\mauri.DESKTOP-PO4LD2G\.m2\repository\com\amazonaws\aws-java-sdk-ec2instanceconnect\1.11.651\aws-java-sdk-ec2instanceconnect-1.11.651.jar;C:\Users\mauri.DESKTOP-PO4LD2G\.m2\repository\com\amazonaws\aws-java-sdk-applicationinsights\1.11.651\aws-java-sdk-applicationinsights-1.11.651.jar;C:\Users\mauri.DESKTOP-PO4LD2G\.m2\repository\com\amazonaws\aws-java-sdk-servicequotas\1.11.651\aws-java-sdk-servicequotas-1.11.651.jar;C:\Users\mauri.DESKTOP-PO4LD2G\.m2\repository\com\amazonaws\aws-java-sdk-personalizeevents\1.11.651\aws-java-sdk-personalizeevents-1.11.651.jar;C:\Users\mauri.DESKTOP-PO4LD2G\.m2\repository\com\amazonaws\aws-java-sdk-personalize\1.11.651\aws-java-sdk-personalize-1.11.651.jar;C:\Users\mauri.DE
Launcher Type: SUN_STANDARD

[Global flags]
     bool BytecodeVerificationLocal                = false                                     {product} {command line}
     bool BytecodeVerificationRemote               = false                                     {product} {command line}
     intx CICompilerCount                          = 3                                         {product} {ergonomic}
     uint ConcGCThreads                            = 1                                         {product} {ergonomic}
     uint G1ConcRefinementThreads                  = 4                                         {product} {ergonomic}
   size_t G1HeapRegionSize                         = 1048576                                   {product} {ergonomic}
    uintx GCDrainStackTargetSize                   = 64                                        {product} {ergonomic}
   size_t InitialHeapSize                          = 134217728                                 {product} {ergonomic}
     bool ManagementServer                         = true                                      {product} {command line}
   size_t MarkStackSize                            = 4194304                                   {product} {ergonomic}
   size_t MaxHeapSize                              = 2124414976                                {product} {ergonomic}
   size_t MaxNewSize                               = 1274019840                                {product} {ergonomic}
   size_t MinHeapDeltaBytes                        = 1048576                                   {product} {ergonomic}
    uintx NonNMethodCodeHeapSize                   = 6973028                                {pd product} {ergonomic}
    uintx NonProfiledCodeHeapSize                  = 244685212                              {pd product} {ergonomic}
    uintx ProfiledCodeHeapSize                     = 0                                      {pd product} {ergonomic}
    uintx ReservedCodeCacheSize                    = 251658240                              {pd product} {ergonomic}
     bool SegmentedCodeCache                       = true                                      {product} {ergonomic}
     intx TieredStopAtLevel                        = 1                                         {product} {command line}
     bool UseCompressedClassPointers               = true                                 {lp64_product} {ergonomic}
     bool UseCompressedOops                        = true                                 {lp64_product} {ergonomic}
     bool UseG1GC                                  = true                                      {product} {ergonomic}
     bool UseLargePagesIndividualAllocation        = false                                  {pd product} {ergonomic}

Logging:
Log output configuration:
 #0: stdout all=warning uptime,level,tags
 #1: stderr all=off uptime,level,tags

Environment Variables:
JAVA_HOME=C:\Program Files\Java\jdk-12.0.2\bin
PATH=C:/Program Files/Java/jdk-12.0.2/bin/server;C:/Program Files/Java/jdk-12.0.2/bin;C:\Windows\system32;C:\Windows;C:\Windows\System32\Wbem;C:\Windows\System32\WindowsPowerShell\v1.0\;C:\Windows\System32\OpenSSH\;C:\Program Files\nodejs\;C:\Program Files\Java\jdk-12.0.2\bin;C:\Program Files\Git\cmd;C:\Program Files\MongoDB\Server\4.2\bin;C:\Users\mauri.DESKTOP-PO4LD2G\AppData\Local\Microsoft\WindowsApps;C:\Users\mauri.DESKTOP-PO4LD2G\AppData\Local\Programs\Microsoft VS Code\bin;C:\Users\mauri.DESKTOP-PO4LD2G\AppData\Roaming\npm;C:\Program Files\Java\jdk-12.0.2\bin\bin;C:\Program Files\heroku\bin;C:\xampp\mysql\bin;;C:\sts-4.4.1.RELEASE;
USERNAME=mauri
OS=Windows_NT
PROCESSOR_IDENTIFIER=Intel64 Family 6 Model 58 Stepping 9, GenuineIntel



---------------  S Y S T E M  ---------------

OS: Windows 10 , 64 bit Build 18362 (10.0.18362.329)

CPU:total 4 (initial active 4) (2 cores per cpu, 2 threads per core) family 6 model 58 stepping 9, cmov, cx8, fxsr, mmx, sse, sse2, sse3, ssse3, sse4.1, sse4.2, popcnt, avx, aes, clmul, erms, ht, tsc, tscinvbit, tscinv

Memory: 4k page, system-wide physical 8097M (2410M free)
TotalPageFile size 11041M (AvailPageFile size 4041M)
current process WorkingSet (physical memory assigned to process): 75M, peak: 75M
current process commit charge ("private bytes"): 211M, peak: 211M

vm_info: Java HotSpot(TM) 64-Bit Server VM (12.0.2+10) for windows-amd64 JRE (12.0.2+10), built on Jul 16 2019 01:56:17 by "mach5one" with MS VC++ 15.5 (VS2017)

END.
