#
# A fatal error has been detected by the Java Runtime Environment:
#
#  EXCEPTION_ACCESS_VIOLATION (0xc0000005) at pc=0x00007fff05119fef, pid=6044, tid=2480
#
# JRE version: Java(TM) SE Runtime Environment (12.0.2+10) (build 12.0.2+10)
# Java VM: Java HotSpot(TM) 64-Bit Server VM (12.0.2+10, mixed mode, sharing, tiered, compressed oops, g1 gc, windows-amd64)
# Problematic frame:
# V  [jvm.dll+0x629fef]
#
# No core dump will be written. Minidumps are not enabled by default on client versions of Windows
#
# If you would like to submit a bug report, please visit:
#   http://bugreport.java.com/bugreport/crash.jsp
#

---------------  S U M M A R Y ------------

Command Line: -Dcom.sun.management.jmxremote -Dcom.sun.management.jmxremote.port=54579 -Dcom.sun.management.jmxremote.authenticate=false -Dcom.sun.management.jmxremote.ssl=false -Djava.rmi.server.hostname=localhost -Dspring.jmx.enabled=true -Dspring.application.admin.enabled=true -Xverify:none -XX:TieredStopAtLevel=1 -Dspring.boot.project.name=project-car-store -Dfile.encoding=UTF-8 com.mauriciopd.carstore.ProjectCarStoreApplication --spring.output.ansi.enabled=always

Host: Intel(R) Core(TM) i5-3340M CPU @ 2.70GHz, 4 cores, 7G,  Windows 10 , 64 bit Build 18362 (10.0.18362.329)
Time: Tue Nov 19 20:21:16 2019 Hora oficial do Brasil elapsed time: 3 seconds (0d 0h 0m 3s)

---------------  T H R E A D  ---------------

Current thread (0x000002096e994000):  GCTaskThread "GC Thread#0" [stack: 0x000000d219800000,0x000000d219900000] [id=2480]

Stack: [0x000000d219800000,0x000000d219900000],  sp=0x000000d2198fdc30,  free space=1015k
Native frames: (J=compiled Java code, j=interpreted, Vv=VM code, C=native code)
V  [jvm.dll+0x629fef]
V  [jvm.dll+0x5f0799]
V  [jvm.dll+0x2e6b65]
V  [jvm.dll+0x2e65e9]
V  [jvm.dll+0x74f097]
V  [jvm.dll+0x74f4f0]
V  [jvm.dll+0x333bb8]
V  [jvm.dll+0x333708]
V  [jvm.dll+0x2fd6f0]
V  [jvm.dll+0x7bd020]
V  [jvm.dll+0x74a2c8]
V  [jvm.dll+0x639b16]
C  [ucrtbase.dll+0x1d9f2]
C  [KERNEL32.DLL+0x17bd4]
C  [ntdll.dll+0x6cee1]

JavaThread 0x000002090f6ca800 (nid = 3840) was being processed
Java frames: (J=compiled Java code, j=interpreted, Vv=VM code)
v  ~RuntimeStub::resolve_opt_virtual_call
J 1669 c1 java.lang.invoke.DirectMethodHandle.make(BLjava/lang/Class;Ljava/lang/invoke/MemberName;Ljava/lang/Class;)Ljava/lang/invoke/DirectMethodHandle; java.base@12.0.2 (263 bytes) @ 0x000002090094e514 [0x000002090094e480+0x0000000000000094]
j  java.lang.invoke.DirectMethodHandle.make(Ljava/lang/Class;Ljava/lang/invoke/MemberName;)Ljava/lang/invoke/DirectMethodHandle;+17 java.base@12.0.2
j  java.lang.invoke.MethodHandles$Lookup.getDirectFieldCommon(BLjava/lang/Class;Ljava/lang/invoke/MemberName;Z)Ljava/lang/invoke/MethodHandle;+20 java.base@12.0.2
j  java.lang.invoke.MethodHandles$Lookup.getDirectField(BLjava/lang/Class;Ljava/lang/invoke/MemberName;)Ljava/lang/invoke/MethodHandle;+8 java.base@12.0.2
j  java.lang.invoke.MethodHandles$Lookup.findGetter(Ljava/lang/Class;Ljava/lang/String;Ljava/lang/Class;)Ljava/lang/invoke/MethodHandle;+15 java.base@12.0.2
j  java.lang.invoke.ClassSpecializer$Factory.findGetter(Ljava/lang/Class;Ljava/util/List;I)Ljava/lang/invoke/MethodHandle;+29 java.base@12.0.2
j  java.lang.invoke.ClassSpecializer$Factory.findGetters(Ljava/lang/Class;Ljava/util/List;)Ljava/util/List;+28 java.base@12.0.2
j  java.lang.invoke.ClassSpecializer$Factory.linkSpeciesDataToCode(Ljava/lang/invoke/ClassSpecializer$SpeciesData;Ljava/lang/Class;)V+34 java.base@12.0.2
j  java.lang.invoke.ClassSpecializer$Factory.loadSpecies(Ljava/lang/invoke/ClassSpecializer$SpeciesData;)Ljava/lang/invoke/ClassSpecializer$SpeciesData;+208 java.base@12.0.2
j  java.lang.invoke.ClassSpecializer.findSpecies(Ljava/lang/Object;)Ljava/lang/invoke/ClassSpecializer$SpeciesData;+53 java.base@12.0.2
j  java.lang.invoke.BoundMethodHandle$SpeciesData.extendWith(B)Ljava/lang/invoke/BoundMethodHandle$SpeciesData;+46 java.base@12.0.2
j  java.lang.invoke.LambdaFormEditor.newSpeciesData(Ljava/lang/invoke/LambdaForm$BasicType;)Ljava/lang/invoke/BoundMethodHandle$SpeciesData;+9 java.base@12.0.2
j  java.lang.invoke.LambdaFormEditor.bindArgumentForm(I)Ljava/lang/invoke/LambdaForm;+78 java.base@12.0.2
j  java.lang.invoke.LambdaFormEditor.bindArgumentJ(Ljava/lang/invoke/BoundMethodHandle;IJ)Ljava/lang/invoke/BoundMethodHandle;+44 java.base@12.0.2
j  java.lang.invoke.BoundMethodHandle.bindArgumentJ(IJ)Ljava/lang/invoke/BoundMethodHandle;+7 java.base@12.0.2
j  java.lang.invoke.MethodHandles.insertArgumentPrimitive(Ljava/lang/invoke/BoundMethodHandle;ILjava/lang/Class;Ljava/lang/Object;)Ljava/lang/invoke/BoundMethodHandle;+74 java.base@12.0.2
j  java.lang.invoke.MethodHandles.insertArguments(Ljava/lang/invoke/MethodHandle;I[Ljava/lang/Object;)Ljava/lang/invoke/MethodHandle;+62 java.base@12.0.2
j  java.lang.invoke.StringConcatFactory$MethodHandleInlineCopyStrategy.generate(Ljava/lang/invoke/MethodType;Ljava/lang/invoke/StringConcatFactory$Recipe;)Ljava/lang/invoke/MethodHandle;+476 java.base@12.0.2
j  java.lang.invoke.StringConcatFactory.generate(Ljava/lang/invoke/MethodHandles$Lookup;Ljava/lang/String;Ljava/lang/invoke/MethodType;Ljava/lang/invoke/StringConcatFactory$Recipe;)Ljava/lang/invoke/MethodHandle;+101 java.base@12.0.2
j  java.lang.invoke.StringConcatFactory.doStringConcat(Ljava/lang/invoke/MethodHandles$Lookup;Ljava/lang/String;Ljava/lang/invoke/MethodType;ZLjava/lang/String;[Ljava/lang/Object;)Ljava/lang/invoke/CallSite;+507 java.base@12.0.2
j  java.lang.invoke.StringConcatFactory.makeConcatWithConstants(Ljava/lang/invoke/MethodHandles$Lookup;Ljava/lang/String;Ljava/lang/invoke/MethodType;Ljava/lang/String;[Ljava/lang/Object;)Ljava/lang/invoke/CallSite;+71 java.base@12.0.2
j  java.lang.invoke.DirectMethodHandle$Holder.invokeStatic(Ljava/lang/Object;Ljava/lang/Object;Ljava/lang/Object;Ljava/lang/Object;Ljava/lang/Object;Ljava/lang/Object;)Ljava/lang/Object;+18 java.base@12.0.2
j  java.lang.invoke.DelegatingMethodHandle$Holder.delegate(Ljava/lang/Object;Ljava/lang/Object;Ljava/lang/Object;Ljava/lang/Object;Ljava/lang/Object;Ljava/lang/Object;)Ljava/lang/Object;+21 java.base@12.0.2
j  java.lang.invoke.Invokers$Holder.invokeExact_MT(Ljava/lang/Object;Ljava/lang/Object;Ljava/lang/Object;Ljava/lang/Object;Ljava/lang/Object;Ljava/lang/Object;Ljava/lang/Object;)Ljava/lang/Object;+26 java.base@12.0.2
j  java.lang.invoke.BootstrapMethodInvoker.invoke(Ljava/lang/Class;Ljava/lang/invoke/MethodHandle;Ljava/lang/String;Ljava/lang/Object;Ljava/lang/Object;Ljava/lang/Class;)Ljava/lang/Object;+134 java.base@12.0.2
j  java.lang.invoke.CallSite.makeSite(Ljava/lang/invoke/MethodHandle;Ljava/lang/String;Ljava/lang/invoke/MethodType;Ljava/lang/Object;Ljava/lang/Class;)Ljava/lang/invoke/CallSite;+8 java.base@12.0.2
j  java.lang.invoke.MethodHandleNatives.linkCallSiteImpl(Ljava/lang/Class;Ljava/lang/invoke/MethodHandle;Ljava/lang/String;Ljava/lang/invoke/MethodType;Ljava/lang/Object;[Ljava/lang/Object;)Ljava/lang/invoke/MemberName;+6 java.base@12.0.2
j  java.lang.invoke.MethodHandleNatives.linkCallSite(Ljava/lang/Object;ILjava/lang/Object;Ljava/lang/Object;Ljava/lang/Object;Ljava/lang/Object;[Ljava/lang/Object;)Ljava/lang/invoke/MemberName;+46 java.base@12.0.2
v  ~StubRoutines::call_stub
j  com.sun.naming.internal.VersionHelper.lambda$getJavaHomeConfStream$4(Ljava/lang/String;)Ljava/io/InputStream;+20 java.naming@12.0.2
j  com.sun.naming.internal.VersionHelper$$Lambda$148.run()Ljava/lang/Object;+4 java.naming@12.0.2
J 927 c1 java.security.AccessController.doPrivileged(Ljava/security/PrivilegedAction;)Ljava/lang/Object; java.base@12.0.2 (9 bytes) @ 0x00000209007f419c [0x00000209007f4160+0x000000000000003c]
j  com.sun.naming.internal.VersionHelper.getJavaHomeConfStream(Ljava/lang/String;)Ljava/io/InputStream;+8 java.naming@12.0.2
j  com.sun.naming.internal.ResourceManager.getApplicationResources()Ljava/util/Hashtable;+173 java.naming@12.0.2
j  com.sun.naming.internal.ResourceManager.getInitialEnvironment(Ljava/util/Hashtable;)Ljava/util/Hashtable;+113 java.naming@12.0.2
j  javax.naming.InitialContext.init(Ljava/util/Hashtable;)V+2 java.naming@12.0.2
j  javax.naming.InitialContext.<init>()V+21 java.naming@12.0.2
j  org.springframework.jndi.JndiLocatorDelegate.isDefaultJndiEnvironmentAvailable()Z+12
j  org.springframework.web.context.support.StandardServletEnvironment.customizePropertySources(Lorg/springframework/core/env/MutablePropertySources;)V+26
j  org.springframework.core.env.AbstractEnvironment.<init>()V+72
j  org.springframework.core.env.StandardEnvironment.<init>()V+1
j  org.springframework.web.context.support.StandardServletEnvironment.<init>()V+1
j  org.springframework.boot.SpringApplication.getOrCreateEnvironment()Lorg/springframework/core/env/ConfigurableEnvironment;+52
j  org.springframework.boot.SpringApplication.prepareEnvironment(Lorg/springframework/boot/SpringApplicationRunListeners;Lorg/springframework/boot/ApplicationArguments;)Lorg/springframework/core/env/ConfigurableEnvironment;+1
j  org.springframework.boot.SpringApplication.run([Ljava/lang/String;)Lorg/springframework/context/ConfigurableApplicationContext;+54
j  org.springframework.boot.SpringApplication.run([Ljava/lang/Class;[Ljava/lang/String;)Lorg/springframework/context/ConfigurableApplicationContext;+9
j  org.springframework.boot.SpringApplication.run(Ljava/lang/Class;[Ljava/lang/String;)Lorg/springframework/context/ConfigurableApplicationContext;+9
j  com.mauriciopd.carstore.ProjectCarStoreApplication.main([Ljava/lang/String;)V+3
v  ~StubRoutines::call_stub
j  jdk.internal.reflect.NativeMethodAccessorImpl.invoke0(Ljava/lang/reflect/Method;Ljava/lang/Object;[Ljava/lang/Object;)Ljava/lang/Object;+0 java.base@12.0.2
j  jdk.internal.reflect.NativeMethodAccessorImpl.invoke(Ljava/lang/Object;[Ljava/lang/Object;)Ljava/lang/Object;+100 java.base@12.0.2
j  jdk.internal.reflect.DelegatingMethodAccessorImpl.invoke(Ljava/lang/Object;[Ljava/lang/Object;)Ljava/lang/Object;+6 java.base@12.0.2
j  java.lang.reflect.Method.invoke(Ljava/lang/Object;[Ljava/lang/Object;)Ljava/lang/Object;+59 java.base@12.0.2
j  org.springframework.boot.devtools.restart.RestartLauncher.run()V+41
v  ~StubRoutines::call_stub

siginfo: EXCEPTION_ACCESS_VIOLATION (0xc0000005), reading address 0xffffffffffffffff


Register to memory mapping:

RIP=0x00007fff05119fef jvm.dll
RAX=0x000002090000000f points into unknown readable memory: 00
RBX=0x0000000000000026 is an unknown value
RCX=0x0000000000000006 is an unknown value
RDX=0x0002090000008000 is an unknown value
RSP=0x000000d2198fdc30 points into unknown readable memory: 19 00 00 00 00 00 00 00
RBP=0x000000000000001a is an unknown value
RSI={method} {0x0000000800204dd8} 'invokeExact_MT' '(Ljava/lang/Object;Ljava/lang/Object;Ljava/lang/Object;Ljava/lang/Object;Ljava/lang/Object;Ljava/lang/Object;Ljava/lang/Object;)Ljava/lang/Object;' in 'java/lang/invoke/Invokers$Holder'
RDI=0x0000000000000026 is an unknown value
R8 =0x000000000000001a is an unknown value
R9 =0x000000d2198fddd8 points into unknown readable memory: 00 00 00 00 00 00 00 00
R10=0x00000008007fe170 is pointing into metadata
R11=0x000000d2198fde58 points into unknown readable memory: e9 65 dd 04 ff 7f 00 00
R12=0x000000d2198fddd8 points into unknown readable memory: 00 00 00 00 00 00 00 00
R13=0x00000000000003d8 is an unknown value
R14=0x000002090f229580 points into unknown readable memory: 0f 00 00 00 09 02 00 00
R15=0x000000d2198fdcc0 points into unknown readable memory: d0 4d 20 00 08 00 00 00


Registers:
RAX=0x000002090000000f, RBX=0x0000000000000026, RCX=0x0000000000000006, RDX=0x0002090000008000
RSP=0x000000d2198fdc30, RBP=0x000000000000001a, RSI=0x0000000800204dd0, RDI=0x0000000000000026
R8 =0x000000000000001a, R9 =0x000000d2198fddd8, R10=0x00000008007fe170, R11=0x000000d2198fde58
R12=0x000000d2198fddd8, R13=0x00000000000003d8, R14=0x000002090f229580, R15=0x000000d2198fdcc0
RIP=0x00007fff05119fef, EFLAGS=0x0000000000010206

Top of Stack: (sp=0x000000d2198fdc30)
0x000000d2198fdc30:   0000000000000019 000002090f631810
0x000000d2198fdc40:   000000d2198fddd8 000000d2198fdcc0
0x000000d2198fdc50:   000002090f702790 00007fff04e7741c
0x000000d2198fdc60:   000002090f657cb8 000002090f657c38
0x000000d2198fdc70:   000000000000001a 000000000000001a
0x000000d2198fdc80:   0000000800204dd0 000000d2198fdde0
0x000000d2198fdc90:   000000d2198fddd8 00007fff050e0799
0x000000d2198fdca0:   000000d2198fddd8 000000d2198fdde0
0x000000d2198fdcb0:   0000000800204dd0 000000d2198fddd8
0x000000d2198fdcc0:   0000000800204dd0 000002096e994000
0x000000d2198fdcd0:   000002090f657cb8 00007fff04dd6b65
0x000000d2198fdce0:   000000d2198fdfa0 000000d2198fdf70
0x000000d2198fdcf0:   000000d2198fdde0 000002090f657cb8
0x000000d2198fdd00:   000002097dc02a01 0000000800204dd0
0x000000d2198fdd10:   000002096e994000 00007fff00000007
0x000000d2198fdd20:   000002096e994000 000002090f657c38 

Instructions: (pc=0x00007fff05119fef)
0x00007fff05119eef:   48 83 ec 30 4c 8b f1 4d 8b e1 48 8b 0a 41 8b e8
0x00007fff05119eff:   4c 8b fa 4c 8b 51 08 41 0f b7 42 28 41 0f b7 5a
0x00007fff05119f0f:   34 c1 e3 02 33 d8 41 0f b7 42 32 c1 e3 02 33 d8
0x00007fff05119f1f:   c1 e3 02 41 33 d8 48 83 3d 6b 0b 48 00 00 0f 84
0x00007fff05119f2f:   99 00 00 00 8b 15 cb 5f 4b 00 65 48 8b 04 25 58
0x00007fff05119f3f:   00 00 00 ff 05 28 0a 48 00 41 b8 08 00 00 00 4c
0x00007fff05119f4f:   89 6c 24 70 48 8b 04 d0 4a 8b 14 00 48 8b ba 68
0x00007fff05119f5f:   02 00 00 48 8b 47 28 48 8b 77 10 4c 8b 67 18 4c
0x00007fff05119f6f:   8b 6f 20 48 89 44 24 78 e8 24 6a fc ff 8b 15 ee
0x00007fff05119f7f:   09 48 00 48 8d 0d 1f 37 2b 00 4c 8b c8 89 5c 24
0x00007fff05119f8f:   20 44 8b c5 e8 d8 f1 ff ff 48 83 3e 00 74 15 48
0x00007fff05119f9f:   8b 54 24 78 48 8b cf e8 b5 bd a9 ff 48 8b ce e8
0x00007fff05119faf:   8d bd a9 ff 4c 89 67 18 4c 8b a4 24 88 00 00 00
0x00007fff05119fbf:   4c 89 6f 20 4c 8b 6c 24 70 48 89 77 10 8b fb 66
0x00007fff05119fcf:   90 8b c7 25 1f 00 00 80 7d 07 ff c8 83 c8 e0 ff
0x00007fff05119fdf:   c0 48 63 c8 49 8b 06 48 8b 14 c8 48 85 d2 74 15
0x00007fff05119fef:   48 8b 02 48 85 c0 74 0d 49 3b 07 75 08 0f b7 42
0x00007fff05119fff:   08 3b c5 74 79 ff c7 8b c7 2b c3 83 f8 03 7c c1
0x00007fff0511a00f:   45 33 c0 41 8d 50 01 8d 4a 3f e8 e2 29 a9 ff 33
0x00007fff0511a01f:   ff 44 8b c5 49 8b d7 48 8b c8 48 8b f0 48 89 38
0x00007fff0511a02f:   48 c7 40 0c ff ff 00 00 66 89 78 08 48 89 78 18
0x00007fff0511a03f:   48 89 78 20 48 89 78 28 48 89 78 30 e8 d0 f5 ff
0x00007fff0511a04f:   ff 48 8b d6 49 8b cc e8 85 01 00 00 49 8b 0f e8
0x00007fff0511a05f:   4d 82 fc ff 84 c0 74 49 48 8b ce 48 83 c4 30 41
0x00007fff0511a06f:   5f 41 5e 41 5c 5f 5e 5d 5b e9 03 29 a9 ff 49 8b
0x00007fff0511a07f:   cc e8 5b 01 00 00 48 83 3d 0b 0a 48 00 00 0f 84
0x00007fff0511a08f:   bc 00 00 00 8b d7 48 8d 0d 44 36 2b 00 48 83 c4
0x00007fff0511a09f:   30 41 5f 41 5e 41 5c 5f 5e 5d 5b e9 c1 f0 ff ff
0x00007fff0511a0af:   90 8d 04 1f 25 1f 00 00 80 7d 07 ff c8 83 c8 e0
0x00007fff0511a0bf:   ff c0 48 63 c8 49 8b 06 48 8d 14 cd 00 00 00 00
0x00007fff0511a0cf:   48 8b 0c 02 48 85 c9 75 17 49 03 16 45 33 c0 48
0x00007fff0511a0df:   8b 05 bb 2b 40 00 48 8b ce ff d0 48 85 c0 74 60 


Stack slot to memory mapping:
stack at sp + 0 slots: 0x0000000000000019 is an unknown value
stack at sp + 1 slots: 0x000002090f631810 points into unknown readable memory: f8 af 1e 00 08 00 00 00
stack at sp + 2 slots: 0x000000d2198fddd8 points into unknown readable memory: 00 00 00 00 00 00 00 00
stack at sp + 3 slots: 0x000000d2198fdcc0 points into unknown readable memory: d0 4d 20 00 08 00 00 00
stack at sp + 4 slots: 0x000002090f702790 points into unknown readable memory: d0 df 73 0f 09 02 00 00
stack at sp + 5 slots: 0x00007fff04e7741c jvm.dll
stack at sp + 6 slots: 0x000002090f657cb8 points into unknown readable memory: b0 d7 38 05 ff 7f 00 00
stack at sp + 7 slots: 0x000002090f657c38 points into unknown readable memory: c0 d7 38 05 ff 7f 00 00


---------------  P R O C E S S  ---------------

Threads class SMR info:
_java_thread_list=0x000002090f6e7180, length=21, elements={
0x000002096e959000, 0x000002097ddb6000, 0x000002097ddb7800, 0x000002097e6e4800,
0x000002097e6e7800, 0x000002097e6ea800, 0x000002097e6f3000, 0x000002097dd9b000,
0x000002097e8e5800, 0x000002090f27f000, 0x000002090f271800, 0x000002090f272000,
0x000002090f32f800, 0x000002090f5cf800, 0x000002090f5f7800, 0x000002090f603000,
0x000002090f69f000, 0x000002090f6ca800, 0x000002090f6ce000, 0x000002090f6de000,
0x000002090f6db800
}

Java Threads: ( => current thread )
  0x000002096e959000 JavaThread "main" [_thread_blocked, id=5084, stack(0x000000d219700000,0x000000d219800000)]
  0x000002097ddb6000 JavaThread "Reference Handler" daemon [_thread_blocked, id=10404, stack(0x000000d219e00000,0x000000d219f00000)]
  0x000002097ddb7800 JavaThread "Finalizer" daemon [_thread_blocked, id=11840, stack(0x000000d219f00000,0x000000d21a000000)]
  0x000002097e6e4800 JavaThread "Signal Dispatcher" daemon [_thread_blocked, id=8436, stack(0x000000d21a000000,0x000000d21a100000)]
  0x000002097e6e7800 JavaThread "Attach Listener" daemon [_thread_blocked, id=11348, stack(0x000000d21a100000,0x000000d21a200000)]
  0x000002097e6ea800 JavaThread "C1 CompilerThread0" daemon [_thread_blocked, id=8572, stack(0x000000d21a200000,0x000000d21a300000)]
  0x000002097e6f3000 JavaThread "Sweeper thread" daemon [_thread_blocked, id=10832, stack(0x000000d21a300000,0x000000d21a400000)]
  0x000002097dd9b000 JavaThread "Common-Cleaner" daemon [_thread_blocked, id=1824, stack(0x000000d21a400000,0x000000d21a500000)]
  0x000002097e8e5800 JavaThread "Service Thread" daemon [_thread_blocked, id=5952, stack(0x000000d21a500000,0x000000d21a600000)]
  0x000002090f27f000 JavaThread "RMI TCP Accept-0" daemon [_thread_in_native, id=10468, stack(0x000000d21a800000,0x000000d21a900000)]
  0x000002090f271800 JavaThread "RMI TCP Accept-54579" daemon [_thread_in_native, id=2160, stack(0x000000d21a900000,0x000000d21aa00000)]
  0x000002090f272000 JavaThread "RMI TCP Accept-0" daemon [_thread_in_native, id=10248, stack(0x000000d21aa00000,0x000000d21ab00000)]
  0x000002090f32f800 JavaThread "RMI TCP Connection(1)-127.0.0.1" daemon [_thread_in_native, id=6872, stack(0x000000d21ac00000,0x000000d21ad00000)]
  0x000002090f5cf800 JavaThread "RMI Scheduler(0)" daemon [_thread_blocked, id=4120, stack(0x000000d21ad00000,0x000000d21ae00000)]
  0x000002090f5f7800 JavaThread "RMI TCP Connection(2)-127.0.0.1" daemon [_thread_in_native, id=11988, stack(0x000000d21ae00000,0x000000d21af00000)]
  0x000002090f603000 JavaThread "JMX server connection timeout 19" daemon [_thread_blocked, id=4916, stack(0x000000d21af00000,0x000000d21b000000)]
  0x000002090f69f000 JavaThread "Thread-0" [_thread_blocked, id=8128, stack(0x000000d21b000000,0x000000d21b100000)]
  0x000002090f6ca800 JavaThread "restartedMain" [_thread_blocked, id=3840, stack(0x000000d21b100000,0x000000d21b200000)]
  0x000002090f6ce000 JavaThread "RMI TCP Connection(3)-127.0.0.1" daemon [_thread_blocked, id=11776, stack(0x000000d21b200000,0x000000d21b300000)]
  0x000002090f6de000 JavaThread "JMX server connection timeout 24" daemon [_thread_blocked, id=3612, stack(0x000000d21b300000,0x000000d21b400000)]
  0x000002090f6db800 JavaThread "background-preinit" [_thread_blocked, id=2024, stack(0x000000d21b400000,0x000000d21b500000)]

Other Threads:
  0x000002097ddb0000 VMThread "VM Thread" [stack: 0x000000d219d00000,0x000000d219e00000] [id=9968]
  0x000002090f2c0000 WatcherThread [stack: 0x000000d21ab00000,0x000000d21ac00000] [id=11028]
=>0x000002096e994000 GCTaskThread "GC Thread#0" [stack: 0x000000d219800000,0x000000d219900000] [id=2480]
  0x000002097f1bf800 GCTaskThread "GC Thread#1" [stack: 0x000000d21a600000,0x000000d21a700000] [id=3084]
  0x000002097f1c0000 GCTaskThread "GC Thread#2" [stack: 0x000000d21a700000,0x000000d21a800000] [id=11112]
  0x000002090f709800 GCTaskThread "GC Thread#3" [stack: 0x000000d21b500000,0x000000d21b600000] [id=8388]
  0x000002096e9df800 ConcurrentGCThread "G1 Main Marker" [stack: 0x000000d219900000,0x000000d219a00000] [id=9356]
  0x000002096e9e2000 ConcurrentGCThread "G1 Conc#0" [stack: 0x000000d219a00000,0x000000d219b00000] [id=11732]
  0x000002097dc31000 ConcurrentGCThread "G1 Refine#0" [stack: 0x000000d219b00000,0x000000d219c00000] [id=11996]
  0x000002097dc32000 ConcurrentGCThread "G1 Young RemSet Sampling" [stack: 0x000000d219c00000,0x000000d219d00000] [id=11248]

Threads with active compile tasks:

VM state:at safepoint (normal execution)

VM Mutex/Monitor currently owned by a thread:  ([mutex/lock_event])
[0x000002096e9568a0] Threads_lock - owner thread: 0x000002097ddb0000
[0x000002096e9565d0] Heap_lock - owner thread: 0x000002090f6db800

Heap address: 0x0000000081600000, size: 2026 MB, Compressed Oops mode: 32-bit
Narrow klass base: 0x0000000800000000, Narrow klass shift: 3
Compressed class space size: 1073741824 Address: 0x0000000801190000

Heap:
 garbage-first heap   total 131072K, used 58188K [0x0000000081600000, 0x0000000100000000)
  region size 1024K, 42 young (43008K), 3 survivors (3072K)
 Metaspace       used 7652K, capacity 8136K, committed 8448K, reserved 1056768K
  class space    used 985K, capacity 1154K, committed 1280K, reserved 1048576K
Heap Regions: E=young(eden), S=young(survivor), O=old, HS=humongous(starts), HC=humongous(continues), CS=collection set, F=free, A=archive, TAMS=top-at-mark-start (previous, next)
|   0|0x0000000081600000, 0x0000000081700000, 0x0000000081700000|100%| O|  |TAMS 0x0000000081600000, 0x0000000081600000| Untracked 
|   1|0x0000000081700000, 0x0000000081800000, 0x0000000081800000|100%| O|  |TAMS 0x0000000081700000, 0x0000000081700000| Untracked 
|   2|0x0000000081800000, 0x0000000081900000, 0x0000000081900000|100%| O|  |TAMS 0x0000000081800000, 0x0000000081800000| Untracked 
|   3|0x0000000081900000, 0x0000000081a00000, 0x0000000081a00000|100%| O|  |TAMS 0x0000000081900000, 0x0000000081900000| Untracked 
|   4|0x0000000081a00000, 0x0000000081b00000, 0x0000000081b00000|100%| O|  |TAMS 0x0000000081a00000, 0x0000000081a00000| Untracked 
|   5|0x0000000081b00000, 0x0000000081c00000, 0x0000000081c00000|100%| O|  |TAMS 0x0000000081b00000, 0x0000000081b00000| Untracked 
|   6|0x0000000081c00000, 0x0000000081d00000, 0x0000000081d00000|100%| O|  |TAMS 0x0000000081c00000, 0x0000000081c00000| Untracked 
|   7|0x0000000081d00000, 0x0000000081e00000, 0x0000000081e00000|100%| O|  |TAMS 0x0000000081d00000, 0x0000000081d00000| Untracked 
|   8|0x0000000081e00000, 0x0000000081f00000, 0x0000000081f00000|100%| O|  |TAMS 0x0000000081e00000, 0x0000000081e00000| Untracked 
|   9|0x0000000081f00000, 0x0000000082000000, 0x0000000082000000|100%| O|  |TAMS 0x0000000081f00000, 0x0000000081f00000| Untracked 
|  10|0x0000000082000000, 0x0000000082100000, 0x0000000082100000|100%|HS|  |TAMS 0x0000000082000000, 0x0000000082000000| Complete 
|  11|0x0000000082100000, 0x0000000082200000, 0x0000000082200000|100%| O|  |TAMS 0x0000000082100000, 0x0000000082100000| Untracked 
|  12|0x0000000082200000, 0x0000000082300000, 0x0000000082300000|100%| O|  |TAMS 0x0000000082200000, 0x0000000082200000| Untracked 
|  13|0x0000000082300000, 0x0000000082400000, 0x0000000082400000|100%| O|  |TAMS 0x0000000082300000, 0x0000000082300000| Untracked 
|  14|0x0000000082400000, 0x0000000082500000, 0x0000000082500000|100%| O|  |TAMS 0x0000000082400000, 0x0000000082400000| Untracked 
|  15|0x0000000082500000, 0x00000000825d3200, 0x0000000082600000| 82%| O|  |TAMS 0x0000000082500000, 0x0000000082500000| Untracked 
|  16|0x0000000082600000, 0x0000000082600000, 0x0000000082700000|  0%| F|  |TAMS 0x0000000082600000, 0x0000000082600000| Untracked 
|  17|0x0000000082700000, 0x0000000082700000, 0x0000000082800000|  0%| F|  |TAMS 0x0000000082700000, 0x0000000082700000| Untracked 
|  18|0x0000000082800000, 0x0000000082800000, 0x0000000082900000|  0%| F|  |TAMS 0x0000000082800000, 0x0000000082800000| Untracked 
|  19|0x0000000082900000, 0x0000000082900000, 0x0000000082a00000|  0%| F|  |TAMS 0x0000000082900000, 0x0000000082900000| Untracked 
|  20|0x0000000082a00000, 0x0000000082a00000, 0x0000000082b00000|  0%| F|  |TAMS 0x0000000082a00000, 0x0000000082a00000| Untracked 
|  21|0x0000000082b00000, 0x0000000082b00000, 0x0000000082c00000|  0%| F|  |TAMS 0x0000000082b00000, 0x0000000082b00000| Untracked 
|  22|0x0000000082c00000, 0x0000000082c00000, 0x0000000082d00000|  0%| F|  |TAMS 0x0000000082c00000, 0x0000000082c00000| Untracked 
|  23|0x0000000082d00000, 0x0000000082d00000, 0x0000000082e00000|  0%| F|  |TAMS 0x0000000082d00000, 0x0000000082d00000| Untracked 
|  24|0x0000000082e00000, 0x0000000082e00000, 0x0000000082f00000|  0%| F|  |TAMS 0x0000000082e00000, 0x0000000082e00000| Untracked 
|  25|0x0000000082f00000, 0x0000000082f00000, 0x0000000083000000|  0%| F|  |TAMS 0x0000000082f00000, 0x0000000082f00000| Untracked 
|  26|0x0000000083000000, 0x0000000083000000, 0x0000000083100000|  0%| F|  |TAMS 0x0000000083000000, 0x0000000083000000| Untracked 
|  27|0x0000000083100000, 0x0000000083100000, 0x0000000083200000|  0%| F|  |TAMS 0x0000000083100000, 0x0000000083100000| Untracked 
|  28|0x0000000083200000, 0x0000000083200000, 0x0000000083300000|  0%| F|  |TAMS 0x0000000083200000, 0x0000000083200000| Untracked 
|  29|0x0000000083300000, 0x0000000083300000, 0x0000000083400000|  0%| F|  |TAMS 0x0000000083300000, 0x0000000083300000| Untracked 
|  30|0x0000000083400000, 0x0000000083400000, 0x0000000083500000|  0%| F|  |TAMS 0x0000000083400000, 0x0000000083400000| Untracked 
|  31|0x0000000083500000, 0x0000000083500000, 0x0000000083600000|  0%| F|  |TAMS 0x0000000083500000, 0x0000000083500000| Untracked 
|  32|0x0000000083600000, 0x0000000083600000, 0x0000000083700000|  0%| F|  |TAMS 0x0000000083600000, 0x0000000083600000| Untracked 
|  33|0x0000000083700000, 0x0000000083700000, 0x0000000083800000|  0%| F|  |TAMS 0x0000000083700000, 0x0000000083700000| Untracked 
|  34|0x0000000083800000, 0x0000000083800000, 0x0000000083900000|  0%| F|  |TAMS 0x0000000083800000, 0x0000000083800000| Untracked 
|  35|0x0000000083900000, 0x0000000083900000, 0x0000000083a00000|  0%| F|  |TAMS 0x0000000083900000, 0x0000000083900000| Untracked 
|  36|0x0000000083a00000, 0x0000000083a00000, 0x0000000083b00000|  0%| F|  |TAMS 0x0000000083a00000, 0x0000000083a00000| Untracked 
|  37|0x0000000083b00000, 0x0000000083b00000, 0x0000000083c00000|  0%| F|  |TAMS 0x0000000083b00000, 0x0000000083b00000| Untracked 
|  38|0x0000000083c00000, 0x0000000083c00000, 0x0000000083d00000|  0%| F|  |TAMS 0x0000000083c00000, 0x0000000083c00000| Untracked 
|  39|0x0000000083d00000, 0x0000000083d00000, 0x0000000083e00000|  0%| F|  |TAMS 0x0000000083d00000, 0x0000000083d00000| Untracked 
|  40|0x0000000083e00000, 0x0000000083e00000, 0x0000000083f00000|  0%| F|  |TAMS 0x0000000083e00000, 0x0000000083e00000| Untracked 
|  41|0x0000000083f00000, 0x0000000083f00000, 0x0000000084000000|  0%| F|  |TAMS 0x0000000083f00000, 0x0000000083f00000| Untracked 
|  42|0x0000000084000000, 0x0000000084000000, 0x0000000084100000|  0%| F|  |TAMS 0x0000000084000000, 0x0000000084000000| Untracked 
|  43|0x0000000084100000, 0x0000000084100000, 0x0000000084200000|  0%| F|  |TAMS 0x0000000084100000, 0x0000000084100000| Untracked 
|  44|0x0000000084200000, 0x0000000084200000, 0x0000000084300000|  0%| F|  |TAMS 0x0000000084200000, 0x0000000084200000| Untracked 
|  45|0x0000000084300000, 0x0000000084300000, 0x0000000084400000|  0%| F|  |TAMS 0x0000000084300000, 0x0000000084300000| Untracked 
|  46|0x0000000084400000, 0x0000000084400000, 0x0000000084500000|  0%| F|  |TAMS 0x0000000084400000, 0x0000000084400000| Untracked 
|  47|0x0000000084500000, 0x0000000084500000, 0x0000000084600000|  0%| F|  |TAMS 0x0000000084500000, 0x0000000084500000| Untracked 
|  48|0x0000000084600000, 0x0000000084600000, 0x0000000084700000|  0%| F|  |TAMS 0x0000000084600000, 0x0000000084600000| Untracked 
|  49|0x0000000084700000, 0x0000000084700000, 0x0000000084800000|  0%| F|  |TAMS 0x0000000084700000, 0x0000000084700000| Untracked 
|  50|0x0000000084800000, 0x0000000084800000, 0x0000000084900000|  0%| F|  |TAMS 0x0000000084800000, 0x0000000084800000| Untracked 
|  51|0x0000000084900000, 0x0000000084900000, 0x0000000084a00000|  0%| F|  |TAMS 0x0000000084900000, 0x0000000084900000| Untracked 
|  52|0x0000000084a00000, 0x0000000084a00000, 0x0000000084b00000|  0%| F|  |TAMS 0x0000000084a00000, 0x0000000084a00000| Untracked 
|  53|0x0000000084b00000, 0x0000000084b00000, 0x0000000084c00000|  0%| F|  |TAMS 0x0000000084b00000, 0x0000000084b00000| Untracked 
|  54|0x0000000084c00000, 0x0000000084c00000, 0x0000000084d00000|  0%| F|  |TAMS 0x0000000084c00000, 0x0000000084c00000| Untracked 
|  55|0x0000000084d00000, 0x0000000084d00000, 0x0000000084e00000|  0%| F|  |TAMS 0x0000000084d00000, 0x0000000084d00000| Untracked 
|  56|0x0000000084e00000, 0x0000000084e00000, 0x0000000084f00000|  0%| F|  |TAMS 0x0000000084e00000, 0x0000000084e00000| Untracked 
|  57|0x0000000084f00000, 0x0000000084f00000, 0x0000000085000000|  0%| F|  |TAMS 0x0000000084f00000, 0x0000000084f00000| Untracked 
|  58|0x0000000085000000, 0x0000000085000000, 0x0000000085100000|  0%| F|  |TAMS 0x0000000085000000, 0x0000000085000000| Untracked 
|  59|0x0000000085100000, 0x0000000085100000, 0x0000000085200000|  0%| F|  |TAMS 0x0000000085100000, 0x0000000085100000| Untracked 
|  60|0x0000000085200000, 0x0000000085200000, 0x0000000085300000|  0%| F|  |TAMS 0x0000000085200000, 0x0000000085200000| Untracked 
|  61|0x0000000085300000, 0x0000000085300000, 0x0000000085400000|  0%| F|  |TAMS 0x0000000085300000, 0x0000000085300000| Untracked 
|  62|0x0000000085400000, 0x0000000085400000, 0x0000000085500000|  0%| F|  |TAMS 0x0000000085400000, 0x0000000085400000| Untracked 
|  63|0x0000000085500000, 0x0000000085500000, 0x0000000085600000|  0%| F|  |TAMS 0x0000000085500000, 0x0000000085500000| Untracked 
|  64|0x0000000085600000, 0x0000000085600000, 0x0000000085700000|  0%| F|  |TAMS 0x0000000085600000, 0x0000000085600000| Untracked 
|  65|0x0000000085700000, 0x0000000085700000, 0x0000000085800000|  0%| F|  |TAMS 0x0000000085700000, 0x0000000085700000| Untracked 
|  66|0x0000000085800000, 0x0000000085800000, 0x0000000085900000|  0%| F|  |TAMS 0x0000000085800000, 0x0000000085800000| Untracked 
|  67|0x0000000085900000, 0x0000000085900000, 0x0000000085a00000|  0%| F|  |TAMS 0x0000000085900000, 0x0000000085900000| Untracked 
|  68|0x0000000085a00000, 0x0000000085a00000, 0x0000000085b00000|  0%| F|  |TAMS 0x0000000085a00000, 0x0000000085a00000| Untracked 
|  69|0x0000000085b00000, 0x0000000085b00000, 0x0000000085c00000|  0%| F|  |TAMS 0x0000000085b00000, 0x0000000085b00000| Untracked 
|  70|0x0000000085c00000, 0x0000000085c00000, 0x0000000085d00000|  0%| F|  |TAMS 0x0000000085c00000, 0x0000000085c00000| Untracked 
|  71|0x0000000085d00000, 0x0000000085d00000, 0x0000000085e00000|  0%| F|  |TAMS 0x0000000085d00000, 0x0000000085d00000| Untracked 
|  72|0x0000000085e00000, 0x0000000085e00000, 0x0000000085f00000|  0%| F|  |TAMS 0x0000000085e00000, 0x0000000085e00000| Untracked 
|  73|0x0000000085f00000, 0x0000000085f00000, 0x0000000086000000|  0%| F|  |TAMS 0x0000000085f00000, 0x0000000085f00000| Untracked 
|  74|0x0000000086000000, 0x0000000086000000, 0x0000000086100000|  0%| F|  |TAMS 0x0000000086000000, 0x0000000086000000| Untracked 
|  75|0x0000000086100000, 0x0000000086100000, 0x0000000086200000|  0%| F|  |TAMS 0x0000000086100000, 0x0000000086100000| Untracked 
|  76|0x0000000086200000, 0x0000000086200000, 0x0000000086300000|  0%| F|  |TAMS 0x0000000086200000, 0x0000000086200000| Untracked 
|  77|0x0000000086300000, 0x0000000086300000, 0x0000000086400000|  0%| F|  |TAMS 0x0000000086300000, 0x0000000086300000| Untracked 
|  78|0x0000000086400000, 0x0000000086400000, 0x0000000086500000|  0%| F|  |TAMS 0x0000000086400000, 0x0000000086400000| Untracked 
|  79|0x0000000086500000, 0x0000000086500000, 0x0000000086600000|  0%| F|  |TAMS 0x0000000086500000, 0x0000000086500000| Untracked 
|  80|0x0000000086600000, 0x0000000086600000, 0x0000000086700000|  0%| F|  |TAMS 0x0000000086600000, 0x0000000086600000| Untracked 
|  81|0x0000000086700000, 0x0000000086700000, 0x0000000086800000|  0%| F|  |TAMS 0x0000000086700000, 0x0000000086700000| Untracked 
|  82|0x0000000086800000, 0x0000000086800000, 0x0000000086900000|  0%| F|  |TAMS 0x0000000086800000, 0x0000000086800000| Untracked 
|  83|0x0000000086900000, 0x0000000086900000, 0x0000000086a00000|  0%| F|  |TAMS 0x0000000086900000, 0x0000000086900000| Untracked 
|  84|0x0000000086a00000, 0x0000000086a44970, 0x0000000086b00000| 26%| S|  |TAMS 0x0000000086a00000, 0x0000000086a00000| Complete 
|  85|0x0000000086b00000, 0x0000000086c00000, 0x0000000086c00000|100%| S|  |TAMS 0x0000000086b00000, 0x0000000086b00000| Complete 
|  86|0x0000000086c00000, 0x0000000086d00000, 0x0000000086d00000|100%| S|  |TAMS 0x0000000086c00000, 0x0000000086c00000| Complete 
|  87|0x0000000086d00000, 0x0000000086e00000, 0x0000000086e00000|100%| E|CS|TAMS 0x0000000086d00000, 0x0000000086d00000| Complete 
|  88|0x0000000086e00000, 0x0000000086f00000, 0x0000000086f00000|100%| E|CS|TAMS 0x0000000086e00000, 0x0000000086e00000| Complete 
|  89|0x0000000086f00000, 0x0000000087000000, 0x0000000087000000|100%| E|CS|TAMS 0x0000000086f00000, 0x0000000086f00000| Complete 
|  90|0x0000000087000000, 0x0000000087100000, 0x0000000087100000|100%| E|CS|TAMS 0x0000000087000000, 0x0000000087000000| Complete 
|  91|0x0000000087100000, 0x0000000087200000, 0x0000000087200000|100%| E|CS|TAMS 0x0000000087100000, 0x0000000087100000| Complete 
|  92|0x0000000087200000, 0x0000000087300000, 0x0000000087300000|100%| E|CS|TAMS 0x0000000087200000, 0x0000000087200000| Complete 
|  93|0x0000000087300000, 0x0000000087400000, 0x0000000087400000|100%| E|CS|TAMS 0x0000000087300000, 0x0000000087300000| Complete 
|  94|0x0000000087400000, 0x0000000087500000, 0x0000000087500000|100%| E|CS|TAMS 0x0000000087400000, 0x0000000087400000| Complete 
|  95|0x0000000087500000, 0x0000000087600000, 0x0000000087600000|100%| E|CS|TAMS 0x0000000087500000, 0x0000000087500000| Complete 
|  96|0x0000000087600000, 0x0000000087700000, 0x0000000087700000|100%| E|CS|TAMS 0x0000000087600000, 0x0000000087600000| Complete 
|  97|0x0000000087700000, 0x0000000087800000, 0x0000000087800000|100%| E|CS|TAMS 0x0000000087700000, 0x0000000087700000| Complete 
|  98|0x0000000087800000, 0x0000000087900000, 0x0000000087900000|100%| E|CS|TAMS 0x0000000087800000, 0x0000000087800000| Complete 
|  99|0x0000000087900000, 0x0000000087a00000, 0x0000000087a00000|100%| E|CS|TAMS 0x0000000087900000, 0x0000000087900000| Complete 
| 100|0x0000000087a00000, 0x0000000087b00000, 0x0000000087b00000|100%| E|CS|TAMS 0x0000000087a00000, 0x0000000087a00000| Complete 
| 101|0x0000000087b00000, 0x0000000087c00000, 0x0000000087c00000|100%| E|CS|TAMS 0x0000000087b00000, 0x0000000087b00000| Complete 
| 102|0x0000000087c00000, 0x0000000087d00000, 0x0000000087d00000|100%| E|CS|TAMS 0x0000000087c00000, 0x0000000087c00000| Complete 
| 103|0x0000000087d00000, 0x0000000087e00000, 0x0000000087e00000|100%| E|CS|TAMS 0x0000000087d00000, 0x0000000087d00000| Complete 
| 104|0x0000000087e00000, 0x0000000087f00000, 0x0000000087f00000|100%| E|CS|TAMS 0x0000000087e00000, 0x0000000087e00000| Complete 
| 105|0x0000000087f00000, 0x0000000088000000, 0x0000000088000000|100%| E|CS|TAMS 0x0000000087f00000, 0x0000000087f00000| Complete 
| 106|0x0000000088000000, 0x0000000088100000, 0x0000000088100000|100%| E|CS|TAMS 0x0000000088000000, 0x0000000088000000| Complete 
| 107|0x0000000088100000, 0x0000000088200000, 0x0000000088200000|100%| E|CS|TAMS 0x0000000088100000, 0x0000000088100000| Complete 
| 108|0x0000000088200000, 0x0000000088300000, 0x0000000088300000|100%| E|CS|TAMS 0x0000000088200000, 0x0000000088200000| Complete 
| 109|0x0000000088300000, 0x0000000088400000, 0x0000000088400000|100%| E|CS|TAMS 0x0000000088300000, 0x0000000088300000| Complete 
| 110|0x0000000088400000, 0x0000000088500000, 0x0000000088500000|100%| E|CS|TAMS 0x0000000088400000, 0x0000000088400000| Complete 
| 111|0x0000000088500000, 0x0000000088600000, 0x0000000088600000|100%| E|CS|TAMS 0x0000000088500000, 0x0000000088500000| Complete 
| 112|0x0000000088600000, 0x0000000088700000, 0x0000000088700000|100%| E|CS|TAMS 0x0000000088600000, 0x0000000088600000| Complete 
| 113|0x0000000088700000, 0x0000000088800000, 0x0000000088800000|100%| E|CS|TAMS 0x0000000088700000, 0x0000000088700000| Complete 
| 114|0x0000000088800000, 0x0000000088900000, 0x0000000088900000|100%| E|CS|TAMS 0x0000000088800000, 0x0000000088800000| Complete 
| 115|0x0000000088900000, 0x0000000088a00000, 0x0000000088a00000|100%| E|CS|TAMS 0x0000000088900000, 0x0000000088900000| Complete 
| 116|0x0000000088a00000, 0x0000000088b00000, 0x0000000088b00000|100%| E|CS|TAMS 0x0000000088a00000, 0x0000000088a00000| Complete 
| 117|0x0000000088b00000, 0x0000000088c00000, 0x0000000088c00000|100%| E|CS|TAMS 0x0000000088b00000, 0x0000000088b00000| Complete 
| 118|0x0000000088c00000, 0x0000000088d00000, 0x0000000088d00000|100%| E|CS|TAMS 0x0000000088c00000, 0x0000000088c00000| Complete 
| 119|0x0000000088d00000, 0x0000000088e00000, 0x0000000088e00000|100%| E|CS|TAMS 0x0000000088d00000, 0x0000000088d00000| Complete 
| 120|0x0000000088e00000, 0x0000000088f00000, 0x0000000088f00000|100%| E|CS|TAMS 0x0000000088e00000, 0x0000000088e00000| Complete 
| 121|0x0000000088f00000, 0x0000000089000000, 0x0000000089000000|100%| E|CS|TAMS 0x0000000088f00000, 0x0000000088f00000| Complete 
| 122|0x0000000089000000, 0x0000000089100000, 0x0000000089100000|100%| E|CS|TAMS 0x0000000089000000, 0x0000000089000000| Complete 
| 123|0x0000000089100000, 0x0000000089200000, 0x0000000089200000|100%| E|CS|TAMS 0x0000000089100000, 0x0000000089100000| Complete 
| 124|0x0000000089200000, 0x0000000089300000, 0x0000000089300000|100%| E|CS|TAMS 0x0000000089200000, 0x0000000089200000| Complete 
| 125|0x0000000089300000, 0x0000000089400000, 0x0000000089400000|100%| E|CS|TAMS 0x0000000089300000, 0x0000000089300000| Complete 
| 126|0x0000000089400000, 0x0000000089500000, 0x0000000089500000|100%| E|CS|TAMS 0x0000000089400000, 0x0000000089400000| Complete 
| 127|0x0000000089500000, 0x0000000089600000, 0x0000000089600000|100%| E|CS|TAMS 0x0000000089500000, 0x0000000089500000| Complete 

Card table byte_map: [0x0000020977140000,0x0000020977540000] _byte_map_base: 0x0000020976d35000

Marking Bits (Prev, Next): (CMBitMap*) 0x000002096e995068, (CMBitMap*) 0x000002096e9950a8
 Prev Bits: [0x0000020977940000, 0x00000209798e8000)
 Next Bits: [0x00000209798f0000, 0x000002097b898000)

Polling page: 0x000002096c6a0000

Metaspace:

Usage:
  Non-class:      6.82 MB capacity,     6.51 MB ( 95%) used,   281.56 KB (  4%) free+waste,    33.06 KB ( <1%) overhead. 
      Class:      1.13 MB capacity,   985.16 KB ( 85%) used,   150.40 KB ( 13%) free+waste,    18.44 KB (  2%) overhead. 
       Both:      7.95 MB capacity,     7.47 MB ( 94%) used,   431.96 KB (  5%) free+waste,    51.50 KB ( <1%) overhead. 

Virtual space:
  Non-class space:        8.00 MB reserved,       7.00 MB ( 88%) committed 
      Class space:        1.00 GB reserved,       1.25 MB ( <1%) committed 
             Both:        1.01 GB reserved,       8.25 MB ( <1%) committed 

Chunk freelists:
   Non-Class:  0 bytes
       Class:  0 bytes
        Both:  0 bytes

CodeHeap 'non-profiled nmethods': size=238912Kb used=2691Kb max_used=2691Kb free=236220Kb
 bounds [0x00000209006b0000, 0x0000020900960000, 0x000002090f000000]
CodeHeap 'non-nmethods': size=6848Kb used=1146Kb max_used=1146Kb free=5701Kb
 bounds [0x0000020900000000, 0x0000020900270000, 0x00000209006b0000]
 total_blobs=2147 nmethods=1677 adapters=380
 compilation: enabled
              stopped_count=0, restarted_count=0
 full_count=0

Compilation events (10 events):
Event: 3.101 Thread 0x000002097e6ea800 1672   !   1       java.util.ImmutableCollections$ListItr::next (34 bytes)
Event: 3.101 Thread 0x000002097e6ea800 nmethod 1672 0x000002090094f910 code [0x000002090094fae0, 0x000002090094fce0]
Event: 3.101 Thread 0x000002097e6ea800 1673       1       sun.reflect.generics.tree.ClassTypeSignature::getPath (5 bytes)
Event: 3.101 Thread 0x000002097e6ea800 nmethod 1673 0x000002090094fe10 code [0x000002090094ffc0, 0x00000209009500f8]
Event: 3.101 Thread 0x000002097e6ea800 1674       1       sun.reflect.generics.tree.SimpleClassTypeSignature::getName (5 bytes)
Event: 3.101 Thread 0x000002097e6ea800 nmethod 1674 0x0000020900950190 code [0x0000020900950340, 0x0000020900950478]
Event: 3.101 Thread 0x000002097e6ea800 1675       1       sun.reflect.generics.tree.SimpleClassTypeSignature::getDollar (5 bytes)
Event: 3.101 Thread 0x000002097e6ea800 nmethod 1675 0x0000020900950510 code [0x00000209009506c0, 0x00000209009507f8]
Event: 3.102 Thread 0x000002097e6ea800 1676       1       org.springframework.util.ConcurrentReferenceHashMap$Task::hasOption (9 bytes)
Event: 3.103 Thread 0x000002097e6ea800 nmethod 1676 0x0000020900950a90 code [0x0000020900950c40, 0x0000020900950db0]

GC Heap History (9 events):
Event: 0.752 GC heap before
{Heap before GC invocations=0 (full 0):
 garbage-first heap   total 131072K, used 13312K [0x0000000081600000, 0x0000000100000000)
  region size 1024K, 14 young (14336K), 0 survivors (0K)
 Metaspace       used 459K, capacity 4518K, committed 4864K, reserved 1056768K
  class space    used 42K, capacity 399K, committed 512K, reserved 1048576K
}
Event: 0.757 GC heap after
{Heap after GC invocations=1 (full 0):
 garbage-first heap   total 131072K, used 11568K [0x0000000081600000, 0x0000000100000000)
  region size 1024K, 2 young (2048K), 2 survivors (2048K)
 Metaspace       used 459K, capacity 4518K, committed 4864K, reserved 1056768K
  class space    used 42K, capacity 399K, committed 512K, reserved 1048576K
}
Event: 1.038 GC heap before
{Heap before GC invocations=1 (full 0):
 garbage-first heap   total 131072K, used 18736K [0x0000000081600000, 0x0000000100000000)
  region size 1024K, 8 young (8192K), 2 survivors (2048K)
 Metaspace       used 2774K, capacity 4760K, committed 4864K, reserved 1056768K
  class space    used 355K, capacity 484K, committed 512K, reserved 1048576K
}
Event: 1.043 GC heap after
{Heap after GC invocations=2 (full 0):
 garbage-first heap   total 131072K, used 16216K [0x0000000081600000, 0x0000000100000000)
  region size 1024K, 1 young (1024K), 1 survivors (1024K)
 Metaspace       used 2774K, capacity 4760K, committed 4864K, reserved 1056768K
  class space    used 355K, capacity 484K, committed 512K, reserved 1048576K
}
Event: 2.289 GC heap before
{Heap before GC invocations=2 (full 0):
 garbage-first heap   total 131072K, used 32600K [0x0000000081600000, 0x0000000100000000)
  region size 1024K, 17 young (17408K), 1 survivors (1024K)
 Metaspace       used 6256K, capacity 6675K, committed 6912K, reserved 1056768K
  class space    used 800K, capacity 934K, committed 1024K, reserved 1048576K
}
Event: 2.294 GC heap after
{Heap after GC invocations=3 (full 0):
 garbage-first heap   total 131072K, used 17772K [0x0000000081600000, 0x0000000100000000)
  region size 1024K, 3 young (3072K), 3 survivors (3072K)
 Metaspace       used 6256K, capacity 6675K, committed 6912K, reserved 1056768K
  class space    used 800K, capacity 934K, committed 1024K, reserved 1048576K
}
Event: 2.746 GC heap before
{Heap before GC invocations=3 (full 0):
 garbage-first heap   total 131072K, used 40300K [0x0000000081600000, 0x0000000100000000)
  region size 1024K, 26 young (26624K), 3 survivors (3072K)
 Metaspace       used 6966K, capacity 7403K, committed 7424K, reserved 1056768K
  class space    used 886K, capacity 1019K, committed 1024K, reserved 1048576K
}
Event: 2.751 GC heap after
{Heap after GC invocations=4 (full 0):
 garbage-first heap   total 131072K, used 18252K [0x0000000081600000, 0x0000000100000000)
  region size 1024K, 2 young (2048K), 2 survivors (2048K)
 Metaspace       used 6966K, capacity 7403K, committed 7424K, reserved 1056768K
  class space    used 886K, capacity 1019K, committed 1024K, reserved 1048576K
}
Event: 3.103 GC heap before
{Heap before GC invocations=4 (full 0):
 garbage-first heap   total 131072K, used 57164K [0x0000000081600000, 0x0000000100000000)
  region size 1024K, 41 young (41984K), 2 survivors (2048K)
 Metaspace       used 7652K, capacity 8136K, committed 8448K, reserved 1056768K
  class space    used 985K, capacity 1154K, committed 1280K, reserved 1048576K
}

Deoptimization events (0 events):
No events

Classes redefined (0 events):
No events

Internal exceptions (10 events):
Event: 3.056 Thread 0x000002090f6ce000 Exception <a 'java/lang/ClassNotFoundException'{0x0000000087063a88}: org/springframework/context/support/LiveBeansView> (0x0000000087063a88) thrown at [t:/workspace/open/src/hotspot/share/classfile/systemDictionary.cpp, line 235]
Event: 3.056 Thread 0x000002090f6ce000 Exception <a 'java/lang/ClassNotFoundException'{0x0000000087063e30}: org/springframework/context/support/LiveBeansView> (0x0000000087063e30) thrown at [t:/workspace/open/src/hotspot/share/classfile/systemDictionary.cpp, line 235]
Event: 3.057 Thread 0x000002090f6ce000 Exception <a 'java/lang/ClassNotFoundException'{0x00000000870641f0}: org/springframework/context/support/LiveBeansView> (0x00000000870641f0) thrown at [t:/workspace/open/src/hotspot/share/classfile/systemDictionary.cpp, line 235]
Event: 3.057 Thread 0x000002090f6ce000 Exception <a 'java/lang/ClassNotFoundException'{0x0000000087064598}: org/springframework/context/support/LiveBeansView> (0x0000000087064598) thrown at [t:/workspace/open/src/hotspot/share/classfile/systemDictionary.cpp, line 235]
Event: 3.057 Thread 0x000002090f6ce000 Exception <a 'java/lang/ClassNotFoundException'{0x0000000087064958}: org/springframework/context/support/LiveBeansView> (0x0000000087064958) thrown at [t:/workspace/open/src/hotspot/share/classfile/systemDictionary.cpp, line 235]
Event: 3.059 Thread 0x000002090f6ce000 Exception <a 'java/lang/ClassNotFoundException'{0x00000000870ecf80}: org/springframework/context/support/LiveBeansView> (0x00000000870ecf80) thrown at [t:/workspace/open/src/hotspot/share/classfile/systemDictionary.cpp, line 235]
Event: 3.059 Thread 0x000002090f6ce000 Exception <a 'java/lang/ClassNotFoundException'{0x00000000870ed338}: org/springframework/context/support/LiveBeansView> (0x00000000870ed338) thrown at [t:/workspace/open/src/hotspot/share/classfile/systemDictionary.cpp, line 235]
Event: 3.060 Thread 0x000002090f6ce000 Exception <a 'java/lang/ClassNotFoundException'{0x00000000870ed700}: org/springframework/context/support/LiveBeansView> (0x00000000870ed700) thrown at [t:/workspace/open/src/hotspot/share/classfile/systemDictionary.cpp, line 235]
Event: 3.060 Thread 0x000002090f6ce000 Exception <a 'java/lang/ClassNotFoundException'{0x00000000870edab0}: org/springframework/context/support/LiveBeansView> (0x00000000870edab0) thrown at [t:/workspace/open/src/hotspot/share/classfile/systemDictionary.cpp, line 235]
Event: 3.060 Thread 0x000002090f6ce000 Exception <a 'java/lang/ClassNotFoundException'{0x00000000870ede60}: org/springframework/context/support/LiveBeansView> (0x00000000870ede60) thrown at [t:/workspace/open/src/hotspot/share/classfile/systemDictionary.cpp, line 235]

Events (10 events):
Event: 3.101 loading class sun/reflect/generics/tree/BottomSignature done
Event: 3.101 loading class sun/reflect/generics/tree/Wildcard
Event: 3.101 loading class sun/reflect/generics/tree/Wildcard done
Event: 3.101 loading class sun/reflect/generics/reflectiveObjects/WildcardTypeImpl
Event: 3.101 loading class sun/reflect/generics/reflectiveObjects/WildcardTypeImpl done
Event: 3.101 loading class org/springframework/core/convert/support/IntegerToEnumConverterFactory
Event: 3.101 loading class org/springframework/core/convert/support/IntegerToEnumConverterFactory done
Event: 3.102 loading class org/springframework/core/convert/support/EnumToIntegerConverter
Event: 3.102 loading class org/springframework/core/convert/support/EnumToIntegerConverter done
Event: 3.103 Executing VM operation: G1CollectForAllocation


Dynamic libraries:
0x00007ff60a920000 - 0x00007ff60a92f000 	C:\Program Files\Java\jdk-12.0.2\bin\javaw.exe
0x00007fff62ae0000 - 0x00007fff62cd0000 	C:\Windows\SYSTEM32\ntdll.dll
0x00007fff60bb0000 - 0x00007fff60c62000 	C:\Windows\System32\KERNEL32.DLL
0x00007fff605b0000 - 0x00007fff60853000 	C:\Windows\System32\KERNELBASE.dll
0x00007fff60860000 - 0x00007fff6095a000 	C:\Windows\System32\ucrtbase.dll
0x00007fff3acd0000 - 0x00007fff3ace8000 	C:\Program Files\Java\jdk-12.0.2\bin\jli.dll
0x00007fff3acf0000 - 0x00007fff3ad06000 	C:\Program Files\Java\jdk-12.0.2\bin\VCRUNTIME140.dll
0x00007fff61710000 - 0x00007fff617b3000 	C:\Windows\System32\ADVAPI32.dll
0x00007fff62a00000 - 0x00007fff62a9e000 	C:\Windows\System32\msvcrt.dll
0x00007fff61360000 - 0x00007fff613f7000 	C:\Windows\System32\sechost.dll
0x00007fff62690000 - 0x00007fff627b0000 	C:\Windows\System32\RPCRT4.dll
0x00007fff62860000 - 0x00007fff629f3000 	C:\Windows\System32\USER32.dll
0x00007fff60ab0000 - 0x00007fff60ad1000 	C:\Windows\System32\win32u.dll
0x00007fff61b60000 - 0x00007fff61b86000 	C:\Windows\System32\GDI32.dll
0x00007fff5fa70000 - 0x00007fff5fc04000 	C:\Windows\System32\gdi32full.dll
0x00007fff603e0000 - 0x00007fff6047e000 	C:\Windows\System32\msvcp_win.dll
0x00007fff52330000 - 0x00007fff525b5000 	C:\Windows\WinSxS\amd64_microsoft.windows.common-controls_6595b64144ccf1df_6.0.18362.356_none_e6c4af7d130f27cc\COMCTL32.dll
0x00007fff61820000 - 0x00007fff61b56000 	C:\Windows\System32\combase.dll
0x00007fff604d0000 - 0x00007fff60550000 	C:\Windows\System32\bcryptPrimitives.dll
0x00007fff510c0000 - 0x00007fff510ca000 	C:\Windows\SYSTEM32\VERSION.dll
0x00007fff62590000 - 0x00007fff625be000 	C:\Windows\System32\IMM32.DLL
0x00007fff35ce0000 - 0x00007fff35d8a000 	C:\Program Files\Java\jdk-12.0.2\bin\msvcp140.dll
0x00007fff04af0000 - 0x00007fff05667000 	C:\Program Files\Java\jdk-12.0.2\bin\server\jvm.dll
0x00007fff60b90000 - 0x00007fff60b98000 	C:\Windows\System32\PSAPI.DLL
0x00007fff5d200000 - 0x00007fff5d224000 	C:\Windows\SYSTEM32\WINMM.dll
0x00007fff50830000 - 0x00007fff50839000 	C:\Windows\SYSTEM32\WSOCK32.dll
0x00007fff62370000 - 0x00007fff623df000 	C:\Windows\System32\WS2_32.dll
0x00007fff5d1d0000 - 0x00007fff5d1fd000 	C:\Windows\SYSTEM32\winmmbase.dll
0x00007fff5fc10000 - 0x00007fff5fc5a000 	C:\Windows\System32\cfgmgr32.dll
0x00007fff5f9c0000 - 0x00007fff5f9d1000 	C:\Windows\System32\kernel.appcore.dll
0x00007fff5acc0000 - 0x00007fff5acd1000 	C:\Program Files\Java\jdk-12.0.2\bin\verify.dll
0x00007fff526b0000 - 0x00007fff528a4000 	C:\Windows\SYSTEM32\DBGHELP.DLL
0x00007fff52300000 - 0x00007fff5232a000 	C:\Windows\SYSTEM32\dbgcore.DLL
0x00007fff4a100000 - 0x00007fff4a126000 	C:\Program Files\Java\jdk-12.0.2\bin\java.dll
0x00007fff44c30000 - 0x00007fff44c47000 	C:\Program Files\Java\jdk-12.0.2\bin\zip.dll
0x00007fff5c200000 - 0x00007fff5c20a000 	C:\Program Files\Java\jdk-12.0.2\bin\jimage.dll
0x00007fff60c70000 - 0x00007fff61355000 	C:\Windows\System32\SHELL32.dll
0x00007fff627b0000 - 0x00007fff62859000 	C:\Windows\System32\shcore.dll
0x00007fff5fc60000 - 0x00007fff603de000 	C:\Windows\System32\windows.storage.dll
0x00007fff5fa30000 - 0x00007fff5fa4f000 	C:\Windows\System32\profapi.dll
0x00007fff5f9e0000 - 0x00007fff5fa2a000 	C:\Windows\System32\powrprof.dll
0x00007fff5f9b0000 - 0x00007fff5f9c0000 	C:\Windows\System32\UMPDC.dll
0x00007fff617c0000 - 0x00007fff61812000 	C:\Windows\System32\shlwapi.dll
0x00007fff60480000 - 0x00007fff60497000 	C:\Windows\System32\cryptsp.dll
0x00007fff3f320000 - 0x00007fff3f339000 	C:\Program Files\Java\jdk-12.0.2\bin\net.dll
0x00007fff563d0000 - 0x00007fff564c0000 	C:\Windows\SYSTEM32\WINHTTP.dll
0x00007fff528b0000 - 0x00007fff52a86000 	C:\Windows\SYSTEM32\urlmon.dll
0x00007fff535d0000 - 0x00007fff53876000 	C:\Windows\SYSTEM32\iertutil.dll
0x00007fff5f3f0000 - 0x00007fff5f3fc000 	C:\Windows\SYSTEM32\CRYPTBASE.DLL
0x00007fff5f220000 - 0x00007fff5f287000 	C:\Windows\system32\mswsock.dll
0x00007fff3f300000 - 0x00007fff3f313000 	C:\Program Files\Java\jdk-12.0.2\bin\nio.dll
0x00007fff5c1c0000 - 0x00007fff5c1c9000 	C:\Program Files\Java\jdk-12.0.2\bin\management.dll
0x00007fff5bcc0000 - 0x00007fff5bccc000 	C:\Program Files\Java\jdk-12.0.2\bin\management_ext.dll
0x00007fff508d0000 - 0x00007fff508e6000 	C:\Windows\system32\napinsp.dll
0x00007fff508b0000 - 0x00007fff508ca000 	C:\Windows\system32\pnrpnsp.dll
0x00007fff5ef70000 - 0x00007fff5f03a000 	C:\Windows\SYSTEM32\DNSAPI.dll
0x00007fff60ba0000 - 0x00007fff60ba8000 	C:\Windows\System32\NSI.dll
0x00007fff5ef30000 - 0x00007fff5ef6a000 	C:\Windows\SYSTEM32\IPHLPAPI.DLL
0x00007fff50870000 - 0x00007fff5087e000 	C:\Windows\System32\winrnr.dll
0x00007fff5c120000 - 0x00007fff5c13c000 	C:\Windows\system32\NLAapi.dll
0x00007fff50850000 - 0x00007fff50865000 	C:\Windows\system32\wshbth.dll
0x00007fff56230000 - 0x00007fff5623a000 	C:\Windows\System32\rasadhlp.dll
0x00007fff56350000 - 0x00007fff563c7000 	C:\Windows\System32\fwpuclnt.dll
0x00007fff604a0000 - 0x00007fff604c6000 	C:\Windows\System32\bcrypt.dll
0x00007fff5ed90000 - 0x00007fff5edc3000 	C:\Windows\system32\rsaenh.dll
0x00007fff5f8d0000 - 0x00007fff5f8f5000 	C:\Windows\SYSTEM32\USERENV.dll
0x00007fff562e0000 - 0x00007fff562f6000 	C:\Windows\SYSTEM32\dhcpcsvc6.DLL
0x00007fff562c0000 - 0x00007fff562dc000 	C:\Windows\SYSTEM32\dhcpcsvc.DLL

dbghelp: loaded successfully - version: 4.0.5 - missing functions: none
symbol engine: initialized successfully - sym options: 0x614 - pdb path: .;C:\Program Files\Java\jdk-12.0.2\bin;C:\Windows\SYSTEM32;C:\Windows\WinSxS\amd64_microsoft.windows.common-controls_6595b64144ccf1df_6.0.18362.356_none_e6c4af7d130f27cc;C:\Program Files\Java\jdk-12.0.2\bin\server

VM Arguments:
jvm_args: -Dcom.sun.management.jmxremote -Dcom.sun.management.jmxremote.port=54579 -Dcom.sun.management.jmxremote.authenticate=false -Dcom.sun.management.jmxremote.ssl=false -Djava.rmi.server.hostname=localhost -Dspring.jmx.enabled=true -Dspring.application.admin.enabled=true -Xverify:none -XX:TieredStopAtLevel=1 -Dspring.boot.project.name=project-car-store -Dfile.encoding=UTF-8 
java_command: com.mauriciopd.carstore.ProjectCarStoreApplication --spring.output.ansi.enabled=always
java_class_path (initial): C:\Users\mauri.DESKTOP-PO4LD2G\OneDrive\Documentos\ws-car-store-back\project-car-store\target\classes;C:\Users\mauri.DESKTOP-PO4LD2G\.m2\repository\com\amazonaws\aws-java-sdk\1.11.651\aws-java-sdk-1.11.651.jar;C:\Users\mauri.DESKTOP-PO4LD2G\.m2\repository\com\amazonaws\aws-java-sdk-workmailmessageflow\1.11.651\aws-java-sdk-workmailmessageflow-1.11.651.jar;C:\Users\mauri.DESKTOP-PO4LD2G\.m2\repository\com\amazonaws\jmespath-java\1.11.651\jmespath-java-1.11.651.jar;C:\Users\mauri.DESKTOP-PO4LD2G\.m2\repository\com\amazonaws\aws-java-sdk-qldbsession\1.11.651\aws-java-sdk-qldbsession-1.11.651.jar;C:\Users\mauri.DESKTOP-PO4LD2G\.m2\repository\com\amazonaws\aws-java-sdk-qldb\1.11.651\aws-java-sdk-qldb-1.11.651.jar;C:\Users\mauri.DESKTOP-PO4LD2G\.m2\repository\com\amazonaws\aws-java-sdk-forecastquery\1.11.651\aws-java-sdk-forecastquery-1.11.651.jar;C:\Users\mauri.DESKTOP-PO4LD2G\.m2\repository\com\amazonaws\aws-java-sdk-forecast\1.11.651\aws-java-sdk-forecast-1.11.651.jar;C:\Users\mauri.DESKTOP-PO4LD2G\.m2\repository\com\amazonaws\aws-java-sdk-lakeformation\1.11.651\aws-java-sdk-lakeformation-1.11.651.jar;C:\Users\mauri.DESKTOP-PO4LD2G\.m2\repository\com\amazonaws\aws-java-sdk-eventbridge\1.11.651\aws-java-sdk-eventbridge-1.11.651.jar;C:\Users\mauri.DESKTOP-PO4LD2G\.m2\repository\com\amazonaws\aws-java-sdk-ec2instanceconnect\1.11.651\aws-java-sdk-ec2instanceconnect-1.11.651.jar;C:\Users\mauri.DESKTOP-PO4LD2G\.m2\repository\com\amazonaws\aws-java-sdk-applicationinsights\1.11.651\aws-java-sdk-applicationinsights-1.11.651.jar;C:\Users\mauri.DESKTOP-PO4LD2G\.m2\repository\com\amazonaws\aws-java-sdk-servicequotas\1.11.651\aws-java-sdk-servicequotas-1.11.651.jar;C:\Users\mauri.DESKTOP-PO4LD2G\.m2\repository\com\amazonaws\aws-java-sdk-personalizeevents\1.11.651\aws-java-sdk-personalizeevents-1.11.651.jar;C:\Users\mauri.DESKTOP-PO4LD2G\.m2\repository\com\amazonaws\aws-java-sdk-personalize\1.11.651\aws-java-sdk-personalize-1.11.651.jar;C:\Users\mauri.DE
Launcher Type: SUN_STANDARD

[Global flags]
     bool BytecodeVerificationLocal                = false                                     {product} {command line}
     bool BytecodeVerificationRemote               = false                                     {product} {command line}
     intx CICompilerCount                          = 3                                         {product} {ergonomic}
     uint ConcGCThreads                            = 1                                         {product} {ergonomic}
     uint G1ConcRefinementThreads                  = 4                                         {product} {ergonomic}
   size_t G1HeapRegionSize                         = 1048576                                   {product} {ergonomic}
    uintx GCDrainStackTargetSize                   = 64                                        {product} {ergonomic}
   size_t InitialHeapSize                          = 134217728                                 {product} {ergonomic}
     bool ManagementServer                         = true                                      {product} {command line}
   size_t MarkStackSize                            = 4194304                                   {product} {ergonomic}
   size_t MaxHeapSize                              = 2124414976                                {product} {ergonomic}
   size_t MaxNewSize                               = 1274019840                                {product} {ergonomic}
   size_t MinHeapDeltaBytes                        = 1048576                                   {product} {ergonomic}
    uintx NonNMethodCodeHeapSize                   = 6973028                                {pd product} {ergonomic}
    uintx NonProfiledCodeHeapSize                  = 244685212                              {pd product} {ergonomic}
    uintx ProfiledCodeHeapSize                     = 0                                      {pd product} {ergonomic}
    uintx ReservedCodeCacheSize                    = 251658240                              {pd product} {ergonomic}
     bool SegmentedCodeCache                       = true                                      {product} {ergonomic}
     intx TieredStopAtLevel                        = 1                                         {product} {command line}
     bool UseCompressedClassPointers               = true                                 {lp64_product} {ergonomic}
     bool UseCompressedOops                        = true                                 {lp64_product} {ergonomic}
     bool UseG1GC                                  = true                                      {product} {ergonomic}
     bool UseLargePagesIndividualAllocation        = false                                  {pd product} {ergonomic}

Logging:
Log output configuration:
 #0: stdout all=warning uptime,level,tags
 #1: stderr all=off uptime,level,tags

Environment Variables:
JAVA_HOME=C:\Program Files\Java\jdk-12.0.2\bin
PATH=C:/Program Files/Java/jdk-12.0.2/bin/server;C:/Program Files/Java/jdk-12.0.2/bin;C:\Windows\system32;C:\Windows;C:\Windows\System32\Wbem;C:\Windows\System32\WindowsPowerShell\v1.0\;C:\Windows\System32\OpenSSH\;C:\Program Files\nodejs\;C:\Program Files\Java\jdk-12.0.2\bin;C:\Program Files\Git\cmd;C:\Program Files\MongoDB\Server\4.2\bin;C:\Users\mauri.DESKTOP-PO4LD2G\AppData\Local\Microsoft\WindowsApps;C:\Users\mauri.DESKTOP-PO4LD2G\AppData\Local\Programs\Microsoft VS Code\bin;C:\Users\mauri.DESKTOP-PO4LD2G\AppData\Roaming\npm;C:\Program Files\Java\jdk-12.0.2\bin\bin;C:\Program Files\heroku\bin;C:\xampp\mysql\bin;;C:\sts-4.4.1.RELEASE;
USERNAME=mauri
OS=Windows_NT
PROCESSOR_IDENTIFIER=Intel64 Family 6 Model 58 Stepping 9, GenuineIntel



---------------  S Y S T E M  ---------------

OS: Windows 10 , 64 bit Build 18362 (10.0.18362.329)

CPU:total 4 (initial active 4) (2 cores per cpu, 2 threads per core) family 6 model 58 stepping 9, cmov, cx8, fxsr, mmx, sse, sse2, sse3, ssse3, sse4.1, sse4.2, popcnt, avx, aes, clmul, erms, ht, tsc, tscinvbit, tscinv

Memory: 4k page, system-wide physical 8097M (1704M free)
TotalPageFile size 11822M (AvailPageFile size 2245M)
current process WorkingSet (physical memory assigned to process): 110M, peak: 110M
current process commit charge ("private bytes"): 219M, peak: 219M

vm_info: Java HotSpot(TM) 64-Bit Server VM (12.0.2+10) for windows-amd64 JRE (12.0.2+10), built on Jul 16 2019 01:56:17 by "mach5one" with MS VC++ 15.5 (VS2017)

END.
