#
# A fatal error has been detected by the Java Runtime Environment:
#
#  EXCEPTION_ACCESS_VIOLATION (0xc0000005) at pc=0x00007ffcb77055f5, pid=5568, tid=7164
#
# JRE version: Java(TM) SE Runtime Environment (12.0.2+10) (build 12.0.2+10)
# Java VM: Java HotSpot(TM) 64-Bit Server VM (12.0.2+10, mixed mode, sharing, tiered, compressed oops, g1 gc, windows-amd64)
# Problematic frame:
# V  [jvm.dll+0x6655f5]
#
# No core dump will be written. Minidumps are not enabled by default on client versions of Windows
#
# If you would like to submit a bug report, please visit:
#   http://bugreport.java.com/bugreport/crash.jsp
#

---------------  S U M M A R Y ------------

Command Line: -Dcom.sun.management.jmxremote -Dcom.sun.management.jmxremote.port=60148 -Dcom.sun.management.jmxremote.authenticate=false -Dcom.sun.management.jmxremote.ssl=false -Djava.rmi.server.hostname=localhost -Dspring.jmx.enabled=true -Dspring.application.admin.enabled=true -Xverify:none -XX:TieredStopAtLevel=1 -Dspring.boot.project.name=project-car-store -Dfile.encoding=UTF-8 com.mauriciopd.carstore.ProjectCarStoreApplication --spring.output.ansi.enabled=always

Host: Intel(R) Core(TM) i5-3340M CPU @ 2.70GHz, 4 cores, 7G,  Windows 10 , 64 bit Build 18362 (10.0.18362.329)
Time: Fri Nov 22 17:45:09 2019 Hora oficial do Brasil elapsed time: 2 seconds (0d 0h 0m 2s)

---------------  T H R E A D  ---------------

Current thread (0x00000177c8767800):  WatcherThread [stack: 0x000000425ed00000,0x000000425ee00000] [id=7164]

Stack: [0x000000425ed00000,0x000000425ee00000],  sp=0x000000425edff730,  free space=1021k
Native frames: (J=compiled Java code, j=interpreted, Vv=VM code, C=native code)
V  [jvm.dll+0x6655f5]
V  [jvm.dll+0x6cd56f]
V  [jvm.dll+0x71ccdd]
V  [jvm.dll+0x751449]
V  [jvm.dll+0x74a2c8]
V  [jvm.dll+0x639b16]
C  [ucrtbase.dll+0x1d9f2]
C  [KERNEL32.DLL+0x17bd4]
C  [ntdll.dll+0x6cee1]


siginfo: EXCEPTION_ACCESS_VIOLATION (0xc0000005), reading address 0x00007ffc0000000f


Register to memory mapping:

RIP=0x00007ffcb77055f5 jvm.dll
RAX=0x00007ffc0000000f is an unknown value
RBX=0x00000177c86ddaa0 points into unknown readable memory: 50 61 98 b7 fc 7f 00 00
RCX=0x00000177c86a9920 points into unknown readable memory: 0f 00 00 00 fc 7f 00 00
RDX=0x0000000000000032 is an unknown value
RSP=0x000000425edff730 points into unknown readable memory: f0 e3 b0 a8 77 01 00 00
RBP=0x0000000000000002 is an unknown value
RSI=0x00000177c86a9af0 points into unknown readable memory: 60 cd 75 c8 77 01 00 00
RDI=0x0 is NULL
R8 =0x0 is NULL
R9 =0x00000177b0f00b80 is at begin+0 in a stub
StubRoutines::atomic_cmpxchg_long [0x00000177b0f00b80, 0x00000177b0f00b89[ (9 bytes)
R10=0x00000000546c6148 is an unknown value
R11=0xfffffffffa7a3a02 is an unknown value
R12=0x0 is NULL
R13=0x00000177c8767800 points into unknown readable memory: 90 3a 99 b7 fc 7f 00 00
R14=0x0000000000000032 is an unknown value
R15=0x00000177c8764810 points into unknown readable memory: 00 00 00 00 00 00 00 00


Registers:
RAX=0x00007ffc0000000f, RBX=0x00000177c86ddaa0, RCX=0x00000177c86a9920, RDX=0x0000000000000032
RSP=0x000000425edff730, RBP=0x0000000000000002, RSI=0x00000177c86a9af0, RDI=0x0000000000000000
R8 =0x0000000000000000, R9 =0x00000177b0f00b80, R10=0x00000000546c6148, R11=0xfffffffffa7a3a02
R12=0x0000000000000000, R13=0x00000177c8767800, R14=0x0000000000000032, R15=0x00000177c8764810
RIP=0x00007ffcb77055f5, EFLAGS=0x0000000000010202

Top of Stack: (sp=0x000000425edff730)
0x000000425edff730:   00000177a8b0e3f0 00000177a8b0e3f0
0x000000425edff740:   0000000000000001 00007ffcb76ae2e0
0x000000425edff750:   0000000000000000 00007ffcb776d56f
0x000000425edff760:   00000177c8767800 00000177c8767800
0x000000425edff770:   000015649bb9b06c 00007ffcb76aed19
0x000000425edff780:   00007ffcb7b61b28 00007ffcb77bccdd
0x000000425edff790:   0000000000000001 00000177a8b0e3f0
0x000000425edff7a0:   00000177a8b0e3f0 431bde82d7b634db
0x000000425edff7b0:   00000177c8764810 000015649bb9b06c
0x000000425edff7c0:   00000177a8b0e3f0 00007ffcb77f1449
0x000000425edff7d0:   0000000000000001 0000000000000032
0x000000425edff7e0:   0000000000000032 0000000000000002
0x000000425edff7f0:   0000000000000000 0000000000000000
0x000000425edff800:   0000000000000000 00007ffcb74705fe
0x000000425edff810:   000000000000027f 0000000000000000
0x000000425edff820:   0000000000000000 0000ffff00001f80 

Instructions: (pc=0x00007ffcb77055f5)
0x00007ffcb77054f5:   2b 00 75 f7 48 83 c3 02 33 d2 48 03 cb e8 09 6c
0x00007ffcb7705505:   03 00 4c 8b cf 48 8d 15 a3 2a 22 00 4c 8b c5 48
0x00007ffcb7705515:   8b c8 48 8b d8 e8 21 c5 b2 ff 48 8b c3 48 8b 4c
0x00007ffcb7705525:   24 48 48 33 cc e8 d1 a4 15 00 48 8b 9c 24 88 00
0x00007ffcb7705535:   00 00 48 83 c4 50 5f 5e 5d c3 cc 48 89 5c 24 18
0x00007ffcb7705545:   57 48 83 ec 50 48 8b 05 af 16 3e 00 48 33 c4 48
0x00007ffcb7705555:   89 44 24 48 48 8b f9 4c 8d 05 b9 2d 1f 00 44 8b
0x00007ffcb7705565:   ca 48 8d 4c 24 20 ba 28 00 00 00 e8 fb ac dc ff
0x00007ffcb7705575:   48 83 c8 ff 48 8b c8 0f 1f 40 00 48 ff c1 80 3c
0x00007ffcb7705585:   0f 00 75 f7 48 8d 54 24 20 66 90 48 ff c0 80 3c
0x00007ffcb7705595:   02 00 75 f7 48 83 c0 02 33 d2 48 03 c8 e8 69 6b
0x00007ffcb77055a5:   03 00 4c 8d 4c 24 20 4c 8b c7 48 8d 15 fe 29 22
0x00007ffcb77055b5:   00 48 8b c8 48 8b d8 e8 7f c4 b2 ff 48 8b c3 48
0x00007ffcb77055c5:   8b 4c 24 48 48 33 cc e8 2f a4 15 00 48 8b 5c 24
0x00007ffcb77055d5:   70 48 83 c4 50 5f c3 cc cc cc cc 40 53 48 83 ec
0x00007ffcb77055e5:   20 48 8b d9 48 8b 49 38 48 85 c9 74 0c 48 8b 01
0x00007ffcb77055f5:   ff 10 48 8b 4b 28 48 89 01 48 83 c4 20 5b c3 cc
0x00007ffcb7705605:   cc cc cc cc cc cc cc cc cc cc cc 48 89 5c 24 08
0x00007ffcb7705615:   57 48 83 ec 20 48 8b 1d 27 4c 44 00 48 8b cb e8
0x00007ffcb7705625:   97 91 fa ff 48 8b 0d f8 8e 44 00 48 85 c9 75 04
0x00007ffcb7705635:   33 ff eb 08 e8 32 f1 ff ff 48 8b f8 48 8b cb e8
0x00007ffcb7705645:   f7 95 fa ff 48 8b 5c 24 30 48 8b c7 48 83 c4 20
0x00007ffcb7705655:   5f c3 cc cc cc cc cc cc cc cc cc 40 53 48 83 ec
0x00007ffcb7705665:   20 4c 63 41 30 48 8d 05 ba ff 1e 00 48 85 d2 48
0x00007ffcb7705675:   8b d9 48 8b 49 28 48 0f 44 d0 ff 15 8b d1 15 00
0x00007ffcb7705685:   48 63 53 30 48 8b 43 28 c6 44 02 ff 00 48 83 c4
0x00007ffcb7705695:   20 5b c3 cc cc cc cc cc cc cc cc 48 89 4c 24 08
0x00007ffcb77056a5:   48 89 54 24 10 4c 89 44 24 18 4c 89 4c 24 20 48
0x00007ffcb77056b5:   83 ec 28 4c 8b c1 4c 8d 4c 24 38 48 8d 0d 19 8f
0x00007ffcb77056c5:   44 00 ba 02 00 00 00 e8 6f e3 ed ff 48 83 c4 28
0x00007ffcb77056d5:   c3 cc cc cc cc cc cc cc cc cc cc 40 56 48 83 ec
0x00007ffcb77056e5:   20 80 3d 65 e6 3a 00 00 48 8b f1 75 08 33 c0 48 


Stack slot to memory mapping:
stack at sp + 0 slots: 0x00000177a8b0e3f0 points into unknown readable memory: 01 00 00 00 00 00 00 00
stack at sp + 1 slots: 0x00000177a8b0e3f0 points into unknown readable memory: 01 00 00 00 00 00 00 00
stack at sp + 2 slots: 0x0000000000000001 is an unknown value
stack at sp + 3 slots: 0x00007ffcb76ae2e0 jvm.dll
stack at sp + 4 slots: 0x0 is NULL
stack at sp + 5 slots: 0x00007ffcb776d56f jvm.dll
stack at sp + 6 slots: 0x00000177c8767800 points into unknown readable memory: 90 3a 99 b7 fc 7f 00 00
stack at sp + 7 slots: 0x00000177c8767800 points into unknown readable memory: 90 3a 99 b7 fc 7f 00 00


---------------  P R O C E S S  ---------------

Threads class SMR info:
_java_thread_list=0x00000177c87db7b0, length=15, elements={
0x00000177a8b12800, 0x00000177c6f5b800, 0x00000177c6f5d000, 0x00000177c6f75800,
0x00000177c6f78800, 0x00000177c6f7a800, 0x00000177c6fa3000, 0x00000177c6f40000,
0x00000177c7a65000, 0x00000177c86ee000, 0x00000177c8724800, 0x00000177c86e6800,
0x00000177c874c800, 0x00000177c8794000, 0x00000177c87db000
}

Java Threads: ( => current thread )
  0x00000177a8b12800 JavaThread "main" [_thread_in_native, id=8920, stack(0x000000425d800000,0x000000425d900000)]
  0x00000177c6f5b800 JavaThread "Reference Handler" daemon [_thread_blocked, id=7480, stack(0x000000425df00000,0x000000425e000000)]
  0x00000177c6f5d000 JavaThread "Finalizer" daemon [_thread_blocked, id=3032, stack(0x000000425e000000,0x000000425e100000)]
  0x00000177c6f75800 JavaThread "Signal Dispatcher" daemon [_thread_blocked, id=6556, stack(0x000000425e100000,0x000000425e200000)]
  0x00000177c6f78800 JavaThread "Attach Listener" daemon [_thread_blocked, id=10352, stack(0x000000425e200000,0x000000425e300000)]
  0x00000177c6f7a800 JavaThread "C1 CompilerThread0" daemon [_thread_blocked, id=3456, stack(0x000000425e300000,0x000000425e400000)]
  0x00000177c6fa3000 JavaThread "Sweeper thread" daemon [_thread_blocked, id=11088, stack(0x000000425e400000,0x000000425e500000)]
  0x00000177c6f40000 JavaThread "Common-Cleaner" daemon [_thread_blocked, id=6344, stack(0x000000425e500000,0x000000425e600000)]
  0x00000177c7a65000 JavaThread "Service Thread" daemon [_thread_blocked, id=9548, stack(0x000000425e600000,0x000000425e700000)]
  0x00000177c86ee000 JavaThread "RMI TCP Accept-0" daemon [_thread_in_native, id=396, stack(0x000000425e900000,0x000000425ea00000)]
  0x00000177c8724800 JavaThread "RMI TCP Accept-0" daemon [_thread_in_native, id=10576, stack(0x000000425ea00000,0x000000425eb00000)]
  0x00000177c86e6800 JavaThread "RMI TCP Accept-60148" daemon [_thread_in_native, id=10536, stack(0x000000425eb00000,0x000000425ec00000)]
  0x00000177c874c800 JavaThread "RMI TCP Connection(1)-127.0.0.1" daemon [_thread_in_native, id=3240, stack(0x000000425ec00000,0x000000425ed00000)]
  0x00000177c8794000 JavaThread "RMI Scheduler(0)" daemon [_thread_blocked, id=8400, stack(0x000000425ee00000,0x000000425ef00000)]
  0x00000177c87db000 JavaThread "JMX server connection timeout 18" daemon [_thread_blocked, id=8428, stack(0x000000425ef00000,0x000000425f000000)]

Other Threads:
  0x00000177c6f56800 VMThread "VM Thread" [stack: 0x000000425de00000,0x000000425df00000] [id=5796]
=>0x00000177c8767800 WatcherThread [stack: 0x000000425ed00000,0x000000425ee00000] [id=7164]
  0x00000177a8b52000 GCTaskThread "GC Thread#0" [stack: 0x000000425d900000,0x000000425da00000] [id=11208]
  0x00000177c7cb7800 GCTaskThread "GC Thread#1" [stack: 0x000000425e700000,0x000000425e800000] [id=6916]
  0x00000177c7cb8800 GCTaskThread "GC Thread#2" [stack: 0x000000425e800000,0x000000425e900000] [id=10804]
  0x00000177a8b5f800 ConcurrentGCThread "G1 Main Marker" [stack: 0x000000425da00000,0x000000425db00000] [id=2444]
  0x00000177a8b61000 ConcurrentGCThread "G1 Conc#0" [stack: 0x000000425db00000,0x000000425dc00000] [id=9360]
  0x00000177a8bcd800 ConcurrentGCThread "G1 Refine#0" [stack: 0x000000425dc00000,0x000000425dd00000] [id=808]
  0x00000177a8bce000 ConcurrentGCThread "G1 Young RemSet Sampling" [stack: 0x000000425dd00000,0x000000425de00000] [id=9396]

Threads with active compile tasks:

VM state:not at safepoint (normal execution)

VM Mutex/Monitor currently owned by a thread:  ([mutex/lock_event])
[0x00000177a8b0e3f0] PeriodicTask_lock - owner thread: 0x00000177c8767800

Heap address: 0x0000000081600000, size: 2026 MB, Compressed Oops mode: 32-bit
Narrow klass base: 0x0000000800000000, Narrow klass shift: 3
Compressed class space size: 1073741824 Address: 0x0000000801190000

Heap:
 garbage-first heap   total 131072K, used 25756K [0x0000000081600000, 0x0000000100000000)
  region size 1024K, 11 young (11264K), 1 survivors (1024K)
 Metaspace       used 5418K, capacity 5859K, committed 6016K, reserved 1056768K
  class space    used 693K, capacity 843K, committed 896K, reserved 1048576K
Heap Regions: E=young(eden), S=young(survivor), O=old, HS=humongous(starts), HC=humongous(continues), CS=collection set, F=free, A=archive, TAMS=top-at-mark-start (previous, next)
|   0|0x0000000081600000, 0x0000000081700000, 0x0000000081700000|100%| O|  |TAMS 0x0000000081600000, 0x0000000081600000| Untracked 
|   1|0x0000000081700000, 0x0000000081800000, 0x0000000081800000|100%| O|  |TAMS 0x0000000081700000, 0x0000000081700000| Untracked 
|   2|0x0000000081800000, 0x0000000081900000, 0x0000000081900000|100%| O|  |TAMS 0x0000000081800000, 0x0000000081800000| Untracked 
|   3|0x0000000081900000, 0x0000000081a00000, 0x0000000081a00000|100%| O|  |TAMS 0x0000000081900000, 0x0000000081900000| Untracked 
|   4|0x0000000081a00000, 0x0000000081b00000, 0x0000000081b00000|100%| O|  |TAMS 0x0000000081a00000, 0x0000000081a00000| Untracked 
|   5|0x0000000081b00000, 0x0000000081c00000, 0x0000000081c00000|100%| O|  |TAMS 0x0000000081b00000, 0x0000000081b00000| Untracked 
|   6|0x0000000081c00000, 0x0000000081d00000, 0x0000000081d00000|100%| O|  |TAMS 0x0000000081c00000, 0x0000000081c00000| Untracked 
|   7|0x0000000081d00000, 0x0000000081e00000, 0x0000000081e00000|100%| O|  |TAMS 0x0000000081d00000, 0x0000000081d00000| Untracked 
|   8|0x0000000081e00000, 0x0000000081f00000, 0x0000000081f00000|100%| O|  |TAMS 0x0000000081e00000, 0x0000000081e00000| Untracked 
|   9|0x0000000081f00000, 0x0000000082000000, 0x0000000082000000|100%| O|  |TAMS 0x0000000081f00000, 0x0000000081f00000| Untracked 
|  10|0x0000000082000000, 0x0000000082100000, 0x0000000082100000|100%|HS|  |TAMS 0x0000000082000000, 0x0000000082000000| Complete 
|  11|0x0000000082100000, 0x0000000082200000, 0x0000000082200000|100%| O|  |TAMS 0x0000000082100000, 0x0000000082100000| Untracked 
|  12|0x0000000082200000, 0x0000000082300000, 0x0000000082300000|100%| O|  |TAMS 0x0000000082200000, 0x0000000082200000| Untracked 
|  13|0x0000000082300000, 0x0000000082400000, 0x0000000082400000|100%| O|  |TAMS 0x0000000082300000, 0x0000000082300000| Untracked 
|  14|0x0000000082400000, 0x0000000082500000, 0x0000000082500000|100%| O|  |TAMS 0x0000000082400000, 0x0000000082400000| Untracked 
|  15|0x0000000082500000, 0x0000000082527000, 0x0000000082600000| 15%| O|  |TAMS 0x0000000082500000, 0x0000000082500000| Untracked 
|  16|0x0000000082600000, 0x0000000082600000, 0x0000000082700000|  0%| F|  |TAMS 0x0000000082600000, 0x0000000082600000| Untracked 
|  17|0x0000000082700000, 0x0000000082700000, 0x0000000082800000|  0%| F|  |TAMS 0x0000000082700000, 0x0000000082700000| Untracked 
|  18|0x0000000082800000, 0x0000000082800000, 0x0000000082900000|  0%| F|  |TAMS 0x0000000082800000, 0x0000000082800000| Untracked 
|  19|0x0000000082900000, 0x0000000082900000, 0x0000000082a00000|  0%| F|  |TAMS 0x0000000082900000, 0x0000000082900000| Untracked 
|  20|0x0000000082a00000, 0x0000000082a00000, 0x0000000082b00000|  0%| F|  |TAMS 0x0000000082a00000, 0x0000000082a00000| Untracked 
|  21|0x0000000082b00000, 0x0000000082b00000, 0x0000000082c00000|  0%| F|  |TAMS 0x0000000082b00000, 0x0000000082b00000| Untracked 
|  22|0x0000000082c00000, 0x0000000082c00000, 0x0000000082d00000|  0%| F|  |TAMS 0x0000000082c00000, 0x0000000082c00000| Untracked 
|  23|0x0000000082d00000, 0x0000000082d00000, 0x0000000082e00000|  0%| F|  |TAMS 0x0000000082d00000, 0x0000000082d00000| Untracked 
|  24|0x0000000082e00000, 0x0000000082e00000, 0x0000000082f00000|  0%| F|  |TAMS 0x0000000082e00000, 0x0000000082e00000| Untracked 
|  25|0x0000000082f00000, 0x0000000082f00000, 0x0000000083000000|  0%| F|  |TAMS 0x0000000082f00000, 0x0000000082f00000| Untracked 
|  26|0x0000000083000000, 0x0000000083000000, 0x0000000083100000|  0%| F|  |TAMS 0x0000000083000000, 0x0000000083000000| Untracked 
|  27|0x0000000083100000, 0x0000000083100000, 0x0000000083200000|  0%| F|  |TAMS 0x0000000083100000, 0x0000000083100000| Untracked 
|  28|0x0000000083200000, 0x0000000083200000, 0x0000000083300000|  0%| F|  |TAMS 0x0000000083200000, 0x0000000083200000| Untracked 
|  29|0x0000000083300000, 0x0000000083300000, 0x0000000083400000|  0%| F|  |TAMS 0x0000000083300000, 0x0000000083300000| Untracked 
|  30|0x0000000083400000, 0x0000000083400000, 0x0000000083500000|  0%| F|  |TAMS 0x0000000083400000, 0x0000000083400000| Untracked 
|  31|0x0000000083500000, 0x0000000083500000, 0x0000000083600000|  0%| F|  |TAMS 0x0000000083500000, 0x0000000083500000| Untracked 
|  32|0x0000000083600000, 0x0000000083600000, 0x0000000083700000|  0%| F|  |TAMS 0x0000000083600000, 0x0000000083600000| Untracked 
|  33|0x0000000083700000, 0x0000000083700000, 0x0000000083800000|  0%| F|  |TAMS 0x0000000083700000, 0x0000000083700000| Untracked 
|  34|0x0000000083800000, 0x0000000083800000, 0x0000000083900000|  0%| F|  |TAMS 0x0000000083800000, 0x0000000083800000| Untracked 
|  35|0x0000000083900000, 0x0000000083900000, 0x0000000083a00000|  0%| F|  |TAMS 0x0000000083900000, 0x0000000083900000| Untracked 
|  36|0x0000000083a00000, 0x0000000083a00000, 0x0000000083b00000|  0%| F|  |TAMS 0x0000000083a00000, 0x0000000083a00000| Untracked 
|  37|0x0000000083b00000, 0x0000000083b00000, 0x0000000083c00000|  0%| F|  |TAMS 0x0000000083b00000, 0x0000000083b00000| Untracked 
|  38|0x0000000083c00000, 0x0000000083c00000, 0x0000000083d00000|  0%| F|  |TAMS 0x0000000083c00000, 0x0000000083c00000| Untracked 
|  39|0x0000000083d00000, 0x0000000083d00000, 0x0000000083e00000|  0%| F|  |TAMS 0x0000000083d00000, 0x0000000083d00000| Untracked 
|  40|0x0000000083e00000, 0x0000000083e00000, 0x0000000083f00000|  0%| F|  |TAMS 0x0000000083e00000, 0x0000000083e00000| Untracked 
|  41|0x0000000083f00000, 0x0000000083f00000, 0x0000000084000000|  0%| F|  |TAMS 0x0000000083f00000, 0x0000000083f00000| Untracked 
|  42|0x0000000084000000, 0x0000000084000000, 0x0000000084100000|  0%| F|  |TAMS 0x0000000084000000, 0x0000000084000000| Untracked 
|  43|0x0000000084100000, 0x0000000084100000, 0x0000000084200000|  0%| F|  |TAMS 0x0000000084100000, 0x0000000084100000| Untracked 
|  44|0x0000000084200000, 0x0000000084200000, 0x0000000084300000|  0%| F|  |TAMS 0x0000000084200000, 0x0000000084200000| Untracked 
|  45|0x0000000084300000, 0x0000000084300000, 0x0000000084400000|  0%| F|  |TAMS 0x0000000084300000, 0x0000000084300000| Untracked 
|  46|0x0000000084400000, 0x0000000084400000, 0x0000000084500000|  0%| F|  |TAMS 0x0000000084400000, 0x0000000084400000| Untracked 
|  47|0x0000000084500000, 0x0000000084500000, 0x0000000084600000|  0%| F|  |TAMS 0x0000000084500000, 0x0000000084500000| Untracked 
|  48|0x0000000084600000, 0x0000000084600000, 0x0000000084700000|  0%| F|  |TAMS 0x0000000084600000, 0x0000000084600000| Untracked 
|  49|0x0000000084700000, 0x0000000084700000, 0x0000000084800000|  0%| F|  |TAMS 0x0000000084700000, 0x0000000084700000| Untracked 
|  50|0x0000000084800000, 0x0000000084800000, 0x0000000084900000|  0%| F|  |TAMS 0x0000000084800000, 0x0000000084800000| Untracked 
|  51|0x0000000084900000, 0x0000000084900000, 0x0000000084a00000|  0%| F|  |TAMS 0x0000000084900000, 0x0000000084900000| Untracked 
|  52|0x0000000084a00000, 0x0000000084a00000, 0x0000000084b00000|  0%| F|  |TAMS 0x0000000084a00000, 0x0000000084a00000| Untracked 
|  53|0x0000000084b00000, 0x0000000084b00000, 0x0000000084c00000|  0%| F|  |TAMS 0x0000000084b00000, 0x0000000084b00000| Untracked 
|  54|0x0000000084c00000, 0x0000000084c00000, 0x0000000084d00000|  0%| F|  |TAMS 0x0000000084c00000, 0x0000000084c00000| Untracked 
|  55|0x0000000084d00000, 0x0000000084d00000, 0x0000000084e00000|  0%| F|  |TAMS 0x0000000084d00000, 0x0000000084d00000| Untracked 
|  56|0x0000000084e00000, 0x0000000084e00000, 0x0000000084f00000|  0%| F|  |TAMS 0x0000000084e00000, 0x0000000084e00000| Untracked 
|  57|0x0000000084f00000, 0x0000000084f00000, 0x0000000085000000|  0%| F|  |TAMS 0x0000000084f00000, 0x0000000084f00000| Untracked 
|  58|0x0000000085000000, 0x0000000085000000, 0x0000000085100000|  0%| F|  |TAMS 0x0000000085000000, 0x0000000085000000| Untracked 
|  59|0x0000000085100000, 0x0000000085100000, 0x0000000085200000|  0%| F|  |TAMS 0x0000000085100000, 0x0000000085100000| Untracked 
|  60|0x0000000085200000, 0x0000000085200000, 0x0000000085300000|  0%| F|  |TAMS 0x0000000085200000, 0x0000000085200000| Untracked 
|  61|0x0000000085300000, 0x0000000085300000, 0x0000000085400000|  0%| F|  |TAMS 0x0000000085300000, 0x0000000085300000| Untracked 
|  62|0x0000000085400000, 0x0000000085400000, 0x0000000085500000|  0%| F|  |TAMS 0x0000000085400000, 0x0000000085400000| Untracked 
|  63|0x0000000085500000, 0x0000000085500000, 0x0000000085600000|  0%| F|  |TAMS 0x0000000085500000, 0x0000000085500000| Untracked 
|  64|0x0000000085600000, 0x0000000085600000, 0x0000000085700000|  0%| F|  |TAMS 0x0000000085600000, 0x0000000085600000| Untracked 
|  65|0x0000000085700000, 0x0000000085700000, 0x0000000085800000|  0%| F|  |TAMS 0x0000000085700000, 0x0000000085700000| Untracked 
|  66|0x0000000085800000, 0x0000000085800000, 0x0000000085900000|  0%| F|  |TAMS 0x0000000085800000, 0x0000000085800000| Untracked 
|  67|0x0000000085900000, 0x0000000085900000, 0x0000000085a00000|  0%| F|  |TAMS 0x0000000085900000, 0x0000000085900000| Untracked 
|  68|0x0000000085a00000, 0x0000000085a00000, 0x0000000085b00000|  0%| F|  |TAMS 0x0000000085a00000, 0x0000000085a00000| Untracked 
|  69|0x0000000085b00000, 0x0000000085b00000, 0x0000000085c00000|  0%| F|  |TAMS 0x0000000085b00000, 0x0000000085b00000| Untracked 
|  70|0x0000000085c00000, 0x0000000085c00000, 0x0000000085d00000|  0%| F|  |TAMS 0x0000000085c00000, 0x0000000085c00000| Untracked 
|  71|0x0000000085d00000, 0x0000000085d00000, 0x0000000085e00000|  0%| F|  |TAMS 0x0000000085d00000, 0x0000000085d00000| Untracked 
|  72|0x0000000085e00000, 0x0000000085e00000, 0x0000000085f00000|  0%| F|  |TAMS 0x0000000085e00000, 0x0000000085e00000| Untracked 
|  73|0x0000000085f00000, 0x0000000085f00000, 0x0000000086000000|  0%| F|  |TAMS 0x0000000085f00000, 0x0000000085f00000| Untracked 
|  74|0x0000000086000000, 0x0000000086000000, 0x0000000086100000|  0%| F|  |TAMS 0x0000000086000000, 0x0000000086000000| Untracked 
|  75|0x0000000086100000, 0x0000000086100000, 0x0000000086200000|  0%| F|  |TAMS 0x0000000086100000, 0x0000000086100000| Untracked 
|  76|0x0000000086200000, 0x0000000086200000, 0x0000000086300000|  0%| F|  |TAMS 0x0000000086200000, 0x0000000086200000| Untracked 
|  77|0x0000000086300000, 0x0000000086300000, 0x0000000086400000|  0%| F|  |TAMS 0x0000000086300000, 0x0000000086300000| Untracked 
|  78|0x0000000086400000, 0x0000000086400000, 0x0000000086500000|  0%| F|  |TAMS 0x0000000086400000, 0x0000000086400000| Untracked 
|  79|0x0000000086500000, 0x0000000086500000, 0x0000000086600000|  0%| F|  |TAMS 0x0000000086500000, 0x0000000086500000| Untracked 
|  80|0x0000000086600000, 0x0000000086600000, 0x0000000086700000|  0%| F|  |TAMS 0x0000000086600000, 0x0000000086600000| Untracked 
|  81|0x0000000086700000, 0x0000000086700000, 0x0000000086800000|  0%| F|  |TAMS 0x0000000086700000, 0x0000000086700000| Untracked 
|  82|0x0000000086800000, 0x0000000086800000, 0x0000000086900000|  0%| F|  |TAMS 0x0000000086800000, 0x0000000086800000| Untracked 
|  83|0x0000000086900000, 0x0000000086900000, 0x0000000086a00000|  0%| F|  |TAMS 0x0000000086900000, 0x0000000086900000| Untracked 
|  84|0x0000000086a00000, 0x0000000086a00000, 0x0000000086b00000|  0%| F|  |TAMS 0x0000000086a00000, 0x0000000086a00000| Untracked 
|  85|0x0000000086b00000, 0x0000000086b00000, 0x0000000086c00000|  0%| F|  |TAMS 0x0000000086b00000, 0x0000000086b00000| Untracked 
|  86|0x0000000086c00000, 0x0000000086c00000, 0x0000000086d00000|  0%| F|  |TAMS 0x0000000086c00000, 0x0000000086c00000| Untracked 
|  87|0x0000000086d00000, 0x0000000086d00000, 0x0000000086e00000|  0%| F|  |TAMS 0x0000000086d00000, 0x0000000086d00000| Untracked 
|  88|0x0000000086e00000, 0x0000000086e00000, 0x0000000086f00000|  0%| F|  |TAMS 0x0000000086e00000, 0x0000000086e00000| Untracked 
|  89|0x0000000086f00000, 0x0000000086f00000, 0x0000000087000000|  0%| F|  |TAMS 0x0000000086f00000, 0x0000000086f00000| Untracked 
|  90|0x0000000087000000, 0x0000000087000000, 0x0000000087100000|  0%| F|  |TAMS 0x0000000087000000, 0x0000000087000000| Untracked 
|  91|0x0000000087100000, 0x0000000087100000, 0x0000000087200000|  0%| F|  |TAMS 0x0000000087100000, 0x0000000087100000| Untracked 
|  92|0x0000000087200000, 0x0000000087200000, 0x0000000087300000|  0%| F|  |TAMS 0x0000000087200000, 0x0000000087200000| Untracked 
|  93|0x0000000087300000, 0x0000000087300000, 0x0000000087400000|  0%| F|  |TAMS 0x0000000087300000, 0x0000000087300000| Untracked 
|  94|0x0000000087400000, 0x0000000087400000, 0x0000000087500000|  0%| F|  |TAMS 0x0000000087400000, 0x0000000087400000| Untracked 
|  95|0x0000000087500000, 0x0000000087500000, 0x0000000087600000|  0%| F|  |TAMS 0x0000000087500000, 0x0000000087500000| Untracked 
|  96|0x0000000087600000, 0x0000000087600000, 0x0000000087700000|  0%| F|  |TAMS 0x0000000087600000, 0x0000000087600000| Untracked 
|  97|0x0000000087700000, 0x0000000087700000, 0x0000000087800000|  0%| F|  |TAMS 0x0000000087700000, 0x0000000087700000| Untracked 
|  98|0x0000000087800000, 0x0000000087800000, 0x0000000087900000|  0%| F|  |TAMS 0x0000000087800000, 0x0000000087800000| Untracked 
|  99|0x0000000087900000, 0x0000000087900000, 0x0000000087a00000|  0%| F|  |TAMS 0x0000000087900000, 0x0000000087900000| Untracked 
| 100|0x0000000087a00000, 0x0000000087a00000, 0x0000000087b00000|  0%| F|  |TAMS 0x0000000087a00000, 0x0000000087a00000| Untracked 
| 101|0x0000000087b00000, 0x0000000087b00000, 0x0000000087c00000|  0%| F|  |TAMS 0x0000000087b00000, 0x0000000087b00000| Untracked 
| 102|0x0000000087c00000, 0x0000000087c00000, 0x0000000087d00000|  0%| F|  |TAMS 0x0000000087c00000, 0x0000000087c00000| Untracked 
| 103|0x0000000087d00000, 0x0000000087d00000, 0x0000000087e00000|  0%| F|  |TAMS 0x0000000087d00000, 0x0000000087d00000| Untracked 
| 104|0x0000000087e00000, 0x0000000087e00000, 0x0000000087f00000|  0%| F|  |TAMS 0x0000000087e00000, 0x0000000087e00000| Untracked 
| 105|0x0000000087f00000, 0x0000000087f00000, 0x0000000088000000|  0%| F|  |TAMS 0x0000000087f00000, 0x0000000087f00000| Untracked 
| 106|0x0000000088000000, 0x0000000088000000, 0x0000000088100000|  0%| F|  |TAMS 0x0000000088000000, 0x0000000088000000| Untracked 
| 107|0x0000000088100000, 0x0000000088100000, 0x0000000088200000|  0%| F|  |TAMS 0x0000000088100000, 0x0000000088100000| Untracked 
| 108|0x0000000088200000, 0x0000000088200000, 0x0000000088300000|  0%| F|  |TAMS 0x0000000088200000, 0x0000000088200000| Untracked 
| 109|0x0000000088300000, 0x0000000088300000, 0x0000000088400000|  0%| F|  |TAMS 0x0000000088300000, 0x0000000088300000| Untracked 
| 110|0x0000000088400000, 0x0000000088400000, 0x0000000088500000|  0%| F|  |TAMS 0x0000000088400000, 0x0000000088400000| Untracked 
| 111|0x0000000088500000, 0x0000000088500000, 0x0000000088600000|  0%| F|  |TAMS 0x0000000088500000, 0x0000000088500000| Untracked 
| 112|0x0000000088600000, 0x0000000088600000, 0x0000000088700000|  0%| F|  |TAMS 0x0000000088600000, 0x0000000088600000| Untracked 
| 113|0x0000000088700000, 0x0000000088700000, 0x0000000088800000|  0%| F|  |TAMS 0x0000000088700000, 0x0000000088700000| Untracked 
| 114|0x0000000088800000, 0x0000000088800000, 0x0000000088900000|  0%| F|  |TAMS 0x0000000088800000, 0x0000000088800000| Untracked 
| 115|0x0000000088900000, 0x0000000088900000, 0x0000000088a00000|  0%| F|  |TAMS 0x0000000088900000, 0x0000000088900000| Untracked 
| 116|0x0000000088a00000, 0x0000000088a00000, 0x0000000088b00000|  0%| F|  |TAMS 0x0000000088a00000, 0x0000000088a00000| Untracked 
| 117|0x0000000088b00000, 0x0000000088ba3448, 0x0000000088c00000| 63%| E|  |TAMS 0x0000000088b00000, 0x0000000088b00000| Complete 
| 118|0x0000000088c00000, 0x0000000088d00000, 0x0000000088d00000|100%| E|CS|TAMS 0x0000000088c00000, 0x0000000088c00000| Complete 
| 119|0x0000000088d00000, 0x0000000088e00000, 0x0000000088e00000|100%| E|CS|TAMS 0x0000000088d00000, 0x0000000088d00000| Complete 
| 120|0x0000000088e00000, 0x0000000088f00000, 0x0000000088f00000|100%| E|CS|TAMS 0x0000000088e00000, 0x0000000088e00000| Complete 
| 121|0x0000000088f00000, 0x0000000089000000, 0x0000000089000000|100%| E|CS|TAMS 0x0000000088f00000, 0x0000000088f00000| Complete 
| 122|0x0000000089000000, 0x0000000089100000, 0x0000000089100000|100%| S|CS|TAMS 0x0000000089000000, 0x0000000089000000| Complete 
| 123|0x0000000089100000, 0x0000000089200000, 0x0000000089200000|100%| E|CS|TAMS 0x0000000089100000, 0x0000000089100000| Complete 
| 124|0x0000000089200000, 0x0000000089300000, 0x0000000089300000|100%| E|CS|TAMS 0x0000000089200000, 0x0000000089200000| Complete 
| 125|0x0000000089300000, 0x0000000089400000, 0x0000000089400000|100%| E|CS|TAMS 0x0000000089300000, 0x0000000089300000| Complete 
| 126|0x0000000089400000, 0x0000000089500000, 0x0000000089500000|100%| E|CS|TAMS 0x0000000089400000, 0x0000000089400000| Complete 
| 127|0x0000000089500000, 0x0000000089600000, 0x0000000089600000|100%| E|CS|TAMS 0x0000000089500000, 0x0000000089500000| Complete 

Card table byte_map: [0x00000177c0300000,0x00000177c0700000] _byte_map_base: 0x00000177bfef5000

Marking Bits (Prev, Next): (CMBitMap*) 0x00000177a8b52e68, (CMBitMap*) 0x00000177a8b52ea8
 Prev Bits: [0x00000177c0b00000, 0x00000177c2aa8000)
 Next Bits: [0x00000177c2ab0000, 0x00000177c4a58000)

Polling page: 0x00000177a6c70000

Metaspace:

Usage:
  Non-class:      4.90 MB capacity,     4.63 MB ( 95%) used,   249.28 KB (  5%) free+waste,    25.50 KB ( <1%) overhead. 
      Class:    843.00 KB capacity,   696.61 KB ( 83%) used,   131.83 KB ( 16%) free+waste,    14.56 KB (  2%) overhead. 
       Both:      5.72 MB capacity,     5.31 MB ( 93%) used,   381.11 KB (  7%) free+waste,    40.06 KB ( <1%) overhead. 

Virtual space:
  Non-class space:        8.00 MB reserved,       5.00 MB ( 63%) committed 
      Class space:        1.00 GB reserved,     896.00 KB ( <1%) committed 
             Both:        1.01 GB reserved,       5.88 MB ( <1%) committed 

Chunk freelists:
   Non-Class:  0 bytes
       Class:  2.63 KB
        Both:  2.63 KB

CodeHeap 'non-profiled nmethods': size=238912Kb used=1736Kb max_used=1736Kb free=237175Kb
 bounds [0x00000177b15b0000, 0x00000177b1820000, 0x00000177bff00000]
CodeHeap 'non-nmethods': size=6848Kb used=1128Kb max_used=1128Kb free=5719Kb
 bounds [0x00000177b0f00000, 0x00000177b1170000, 0x00000177b15b0000]
 total_blobs=1664 nmethods=1215 adapters=359
 compilation: enabled
              stopped_count=0, restarted_count=0
 full_count=0

Compilation events (10 events):
Event: 2.266 Thread 0x00000177c6f7a800 nmethod 1096 0x00000177b1732790 code [0x00000177b1732980, 0x00000177b1732cd0]
Event: 2.266 Thread 0x00000177c6f7a800 1097       1       java.nio.MappedByteBuffer::limit (6 bytes)
Event: 2.266 Thread 0x00000177c6f7a800 nmethod 1097 0x00000177b1732e90 code [0x00000177b1733040, 0x00000177b17331b0]
Event: 2.266 Thread 0x00000177c6f7a800 1098       1       java.nio.MappedByteBuffer::position (6 bytes)
Event: 2.266 Thread 0x00000177c6f7a800 nmethod 1098 0x00000177b1733290 code [0x00000177b1733440, 0x00000177b17335b0]
Event: 2.266 Thread 0x00000177c6f7a800 1099       1       java.nio.DirectByteBufferR::<init> (19 bytes)
Event: 2.267 Thread 0x00000177c6f7a800 nmethod 1099 0x00000177b1733690 code [0x00000177b1733840, 0x00000177b17339b0]
Event: 2.267 Thread 0x00000177c6f7a800 1087  s    1       jdk.internal.jimage.BasicImageReader::findLocation (115 bytes)
Event: 2.267 Thread 0x00000177c6f7a800 nmethod 1087 0x00000177b1733a90 code [0x00000177b1733d40, 0x00000177b17347e0]
Event: 2.267 Thread 0x00000177c6f7a800 1088       1       jdk.internal.jimage.ImageStringsReader::hashCode (8 bytes)

GC Heap History (4 events):
Event: 1.048 GC heap before
{Heap before GC invocations=0 (full 0):
 garbage-first heap   total 131072K, used 13312K [0x0000000081600000, 0x0000000100000000)
  region size 1024K, 14 young (14336K), 0 survivors (0K)
 Metaspace       used 459K, capacity 4518K, committed 4864K, reserved 1056768K
  class space    used 42K, capacity 399K, committed 512K, reserved 1048576K
}
Event: 1.054 GC heap after
{Heap after GC invocations=1 (full 0):
 garbage-first heap   total 131072K, used 12027K [0x0000000081600000, 0x0000000100000000)
  region size 1024K, 2 young (2048K), 2 survivors (2048K)
 Metaspace       used 459K, capacity 4518K, committed 4864K, reserved 1056768K
  class space    used 42K, capacity 399K, committed 512K, reserved 1048576K
}
Event: 1.334 GC heap before
{Heap before GC invocations=1 (full 0):
 garbage-first heap   total 131072K, used 18171K [0x0000000081600000, 0x0000000100000000)
  region size 1024K, 7 young (7168K), 2 survivors (2048K)
 Metaspace       used 2187K, capacity 4707K, committed 4864K, reserved 1056768K
  class space    used 281K, capacity 467K, committed 512K, reserved 1048576K
}
Event: 1.339 GC heap after
{Heap after GC invocations=2 (full 0):
 garbage-first heap   total 131072K, used 16540K [0x0000000081600000, 0x0000000100000000)
  region size 1024K, 1 young (1024K), 1 survivors (1024K)
 Metaspace       used 2187K, capacity 4707K, committed 4864K, reserved 1056768K
  class space    used 281K, capacity 467K, committed 512K, reserved 1048576K
}

Deoptimization events (0 events):
No events

Classes redefined (0 events):
No events

Internal exceptions (10 events):
Event: 1.221 Thread 0x00000177a8b12800 Exception <a 'java/lang/NoSuchMethodError'{0x00000000892a3108}: java.lang.invoke.DirectMethodHandle$Holder.invokeStaticInit(Ljava/lang/Object;Ljava/lang/Object;Ljava/lang/Object;)Ljava/lang/Object;> (0x00000000892a3108) thrown at [t:/workspace/open/src/ho
Event: 1.228 Thread 0x00000177a8b12800 Exception <a 'java/lang/NoSuchMethodError'{0x00000000892bc4b0}: java.lang.invoke.DirectMethodHandle$Holder.invokeInterface(Ljava/lang/Object;Ljava/lang/Object;)I> (0x00000000892bc4b0) thrown at [t:/workspace/open/src/hotspot/share/interpreter/linkResolver
Event: 1.228 Thread 0x00000177a8b12800 Exception <a 'java/lang/IncompatibleClassChangeError'{0x00000000892befb8}: Found class java.lang.Object, but interface was expected> (0x00000000892befb8) thrown at [t:/workspace/open/src/hotspot/share/interpreter/linkResolver.cpp, line 843]
Event: 1.454 Thread 0x00000177a8b12800 Exception <a 'java/lang/NoSuchMethodError'{0x00000000895f93b0}: java.lang.invoke.DirectMethodHandle$Holder.invokeSpecialIFC(Ljava/lang/Object;Ljava/lang/Object;Ljava/lang/Object;)I> (0x00000000895f93b0) thrown at [t:/workspace/open/src/hotspot/share/inter
Event: 1.484 Thread 0x00000177a8b12800 Exception <a 'java/lang/NoSuchMethodError'{0x000000008945c9f0}: java.lang.invoke.DirectMethodHandle$Holder.invokeStaticInit(Ljava/lang/Object;IIII)Ljava/lang/Object;> (0x000000008945c9f0) thrown at [t:/workspace/open/src/hotspot/share/interpreter/linkReso
Event: 2.137 Thread 0x00000177a8b12800 Exception <a 'java/lang/NoSuchMethodError'{0x0000000089486108}: java.lang.invoke.DirectMethodHandle$Holder.invokeStaticInit(Ljava/lang/Object;Ljava/lang/Object;IIII)Ljava/lang/Object;> (0x0000000089486108) thrown at [t:/workspace/open/src/hotspot/share/in
Event: 2.152 Thread 0x00000177a8b12800 Exception <a 'java/lang/ClassNotFoundException'{0x0000000089491200}: javax/management/remote/rmi/RMIServerImpl_Skel> (0x0000000089491200) thrown at [t:/workspace/open/src/hotspot/share/classfile/systemDictionary.cpp, line 235]
Event: 2.152 Thread 0x00000177c6f78800 Exception <a 'java/lang/ClassNotFoundException'{0x0000000089220980}: javax/management/remote/rmi/RMIServerImpl_Skel> (0x0000000089220980) thrown at [t:/workspace/open/src/hotspot/share/classfile/systemDictionary.cpp, line 235]
Event: 2.196 Thread 0x00000177a8b12800 Exception <a 'java/lang/ClassNotFoundException'{0x00000000892fdc88}: jdk/internal/agent/resources/spi/agentProvider> (0x00000000892fdc88) thrown at [t:/workspace/open/src/hotspot/share/classfile/systemDictionary.cpp, line 235]
Event: 2.248 Thread 0x00000177c874c800 Exception <a 'java/lang/NoSuchMethodError'{0x0000000088f601e8}: <clinit>> (0x0000000088f601e8) thrown at [t:/workspace/open/src/hotspot/share/prims/jni.cpp, line 1362]

Events (10 events):
Event: 2.248 loading class java/io/ObjectStreamClass$5
Event: 2.248 loading class java/io/ObjectStreamClass$5 done
Event: 2.252 loading class java/util/concurrent/TimeUnit$1
Event: 2.252 loading class java/util/concurrent/TimeUnit$1 done
Event: 2.256 loading class org/apache/commons/logging/LogFactory$4
Event: 2.256 loading class org/apache/commons/logging/LogFactory$4 done
Event: 2.257 loading class javax/management/remote/rmi/RMIConnectionImpl
Event: 2.261 loading class org/apache/commons/logging/LogFactory$3
Event: 2.261 loading class org/apache/commons/logging/LogFactory$3 done
Event: 2.265 loading class sun/net/www/protocol/jar/JarURLConnection


Dynamic libraries:
0x00007ff7453a0000 - 0x00007ff7453af000 	C:\Program Files\Java\jdk-12.0.2\bin\javaw.exe
0x00007ffce9d20000 - 0x00007ffce9f10000 	C:\Windows\SYSTEM32\ntdll.dll
0x00007ffce8430000 - 0x00007ffce84e2000 	C:\Windows\System32\KERNEL32.DLL
0x00007ffce77a0000 - 0x00007ffce7a43000 	C:\Windows\System32\KERNELBASE.dll
0x00007ffce7c20000 - 0x00007ffce7d1a000 	C:\Windows\System32\ucrtbase.dll
0x00007ffcdd370000 - 0x00007ffcdd386000 	C:\Program Files\Java\jdk-12.0.2\bin\VCRUNTIME140.dll
0x00007ffcdd390000 - 0x00007ffcdd3a8000 	C:\Program Files\Java\jdk-12.0.2\bin\jli.dll
0x00007ffce8650000 - 0x00007ffce86f3000 	C:\Windows\System32\ADVAPI32.dll
0x00007ffce8550000 - 0x00007ffce85ee000 	C:\Windows\System32\msvcrt.dll
0x00007ffce9370000 - 0x00007ffce9407000 	C:\Windows\System32\sechost.dll
0x00007ffce8a20000 - 0x00007ffce8b40000 	C:\Windows\System32\RPCRT4.dll
0x00007ffce8880000 - 0x00007ffce8a13000 	C:\Windows\System32\USER32.dll
0x00007ffce7bf0000 - 0x00007ffce7c11000 	C:\Windows\System32\win32u.dll
0x00007ffce8b40000 - 0x00007ffce8b66000 	C:\Windows\System32\GDI32.dll
0x00007ffce6d30000 - 0x00007ffce6ec4000 	C:\Windows\System32\gdi32full.dll
0x00007ffce7a50000 - 0x00007ffce7aee000 	C:\Windows\System32\msvcp_win.dll
0x00007ffcdba40000 - 0x00007ffcdbcc5000 	C:\Windows\WinSxS\amd64_microsoft.windows.common-controls_6595b64144ccf1df_6.0.18362.356_none_e6c4af7d130f27cc\COMCTL32.dll
0x00007ffce7dd0000 - 0x00007ffce8106000 	C:\Windows\System32\combase.dll
0x00007ffce7af0000 - 0x00007ffce7b70000 	C:\Windows\System32\bcryptPrimitives.dll
0x00007ffcdc410000 - 0x00007ffcdc41a000 	C:\Windows\SYSTEM32\VERSION.dll
0x00007ffce9410000 - 0x00007ffce943e000 	C:\Windows\System32\IMM32.DLL
0x00007ffcbaf20000 - 0x00007ffcbafca000 	C:\Program Files\Java\jdk-12.0.2\bin\msvcp140.dll
0x00007ffcb70a0000 - 0x00007ffcb7c17000 	C:\Program Files\Java\jdk-12.0.2\bin\server\jvm.dll
0x00007ffce8860000 - 0x00007ffce8868000 	C:\Windows\System32\PSAPI.DLL
0x00007ffcda160000 - 0x00007ffcda169000 	C:\Windows\SYSTEM32\WSOCK32.dll
0x00007ffce4620000 - 0x00007ffce4644000 	C:\Windows\SYSTEM32\WINMM.dll
0x00007ffce8bf0000 - 0x00007ffce8c5f000 	C:\Windows\System32\WS2_32.dll
0x00007ffce45f0000 - 0x00007ffce461d000 	C:\Windows\SYSTEM32\winmmbase.dll
0x00007ffce6cb0000 - 0x00007ffce6cfa000 	C:\Windows\System32\cfgmgr32.dll
0x00007ffce6c90000 - 0x00007ffce6ca1000 	C:\Windows\System32\kernel.appcore.dll
0x00007ffcd6080000 - 0x00007ffcd6091000 	C:\Program Files\Java\jdk-12.0.2\bin\verify.dll
0x00007ffcdb840000 - 0x00007ffcdba34000 	C:\Windows\SYSTEM32\DBGHELP.DLL
0x00007ffcdb720000 - 0x00007ffcdb74a000 	C:\Windows\SYSTEM32\dbgcore.DLL
0x00007ffcc5e60000 - 0x00007ffcc5e86000 	C:\Program Files\Java\jdk-12.0.2\bin\java.dll
0x00007ffcd1480000 - 0x00007ffcd1497000 	C:\Program Files\Java\jdk-12.0.2\bin\zip.dll
0x00007ffcd8d40000 - 0x00007ffcd8d4a000 	C:\Program Files\Java\jdk-12.0.2\bin\jimage.dll
0x00007ffce9440000 - 0x00007ffce9b25000 	C:\Windows\System32\SHELL32.dll
0x00007ffce8380000 - 0x00007ffce8429000 	C:\Windows\System32\shcore.dll
0x00007ffce6ed0000 - 0x00007ffce764e000 	C:\Windows\System32\windows.storage.dll
0x00007ffce6c70000 - 0x00007ffce6c8f000 	C:\Windows\System32\profapi.dll
0x00007ffce6c20000 - 0x00007ffce6c6a000 	C:\Windows\System32\powrprof.dll
0x00007ffce6bf0000 - 0x00007ffce6c00000 	C:\Windows\System32\UMPDC.dll
0x00007ffce8c80000 - 0x00007ffce8cd2000 	C:\Windows\System32\shlwapi.dll
0x00007ffce7bd0000 - 0x00007ffce7be7000 	C:\Windows\System32\cryptsp.dll
0x00007ffccf840000 - 0x00007ffccf859000 	C:\Program Files\Java\jdk-12.0.2\bin\net.dll
0x00007ffcd9bf0000 - 0x00007ffcd9dc6000 	C:\Windows\SYSTEM32\urlmon.dll
0x00007ffcde520000 - 0x00007ffcde610000 	C:\Windows\SYSTEM32\WINHTTP.dll
0x00007ffcd93f0000 - 0x00007ffcd9696000 	C:\Windows\SYSTEM32\iertutil.dll
0x00007ffce6630000 - 0x00007ffce663c000 	C:\Windows\SYSTEM32\CRYPTBASE.DLL
0x00007ffce6460000 - 0x00007ffce64c7000 	C:\Windows\system32\mswsock.dll
0x00007ffccbf20000 - 0x00007ffccbf33000 	C:\Program Files\Java\jdk-12.0.2\bin\nio.dll
0x00007ffcdd360000 - 0x00007ffcdd369000 	C:\Program Files\Java\jdk-12.0.2\bin\management.dll
0x00007ffcdd350000 - 0x00007ffcdd35c000 	C:\Program Files\Java\jdk-12.0.2\bin\management_ext.dll
0x00007ffcda370000 - 0x00007ffcda386000 	C:\Windows\system32\napinsp.dll
0x00007ffcda350000 - 0x00007ffcda36a000 	C:\Windows\system32\pnrpnsp.dll
0x00007ffce61b0000 - 0x00007ffce627a000 	C:\Windows\SYSTEM32\DNSAPI.dll
0x00007ffce8ce0000 - 0x00007ffce8ce8000 	C:\Windows\System32\NSI.dll
0x00007ffce6170000 - 0x00007ffce61aa000 	C:\Windows\SYSTEM32\IPHLPAPI.DLL
0x00007ffcda330000 - 0x00007ffcda33e000 	C:\Windows\System32\winrnr.dll
0x00007ffce3340000 - 0x00007ffce335c000 	C:\Windows\system32\NLAapi.dll
0x00007ffcda310000 - 0x00007ffcda325000 	C:\Windows\system32\wshbth.dll
0x00007ffcdd0d0000 - 0x00007ffcdd0da000 	C:\Windows\System32\rasadhlp.dll
0x00007ffcdd170000 - 0x00007ffcdd1e7000 	C:\Windows\System32\fwpuclnt.dll
0x00007ffce6d00000 - 0x00007ffce6d26000 	C:\Windows\System32\bcrypt.dll
0x00007ffce5fd0000 - 0x00007ffce6003000 	C:\Windows\system32\rsaenh.dll
0x00007ffce6ae0000 - 0x00007ffce6b05000 	C:\Windows\SYSTEM32\USERENV.dll
0x00007ffcdd100000 - 0x00007ffcdd116000 	C:\Windows\SYSTEM32\dhcpcsvc6.DLL
0x00007ffcdd0e0000 - 0x00007ffcdd0fc000 	C:\Windows\SYSTEM32\dhcpcsvc.DLL

dbghelp: loaded successfully - version: 4.0.5 - missing functions: none
symbol engine: initialized successfully - sym options: 0x614 - pdb path: .;C:\Program Files\Java\jdk-12.0.2\bin;C:\Windows\SYSTEM32;C:\Windows\WinSxS\amd64_microsoft.windows.common-controls_6595b64144ccf1df_6.0.18362.356_none_e6c4af7d130f27cc;C:\Program Files\Java\jdk-12.0.2\bin\server

VM Arguments:
jvm_args: -Dcom.sun.management.jmxremote -Dcom.sun.management.jmxremote.port=60148 -Dcom.sun.management.jmxremote.authenticate=false -Dcom.sun.management.jmxremote.ssl=false -Djava.rmi.server.hostname=localhost -Dspring.jmx.enabled=true -Dspring.application.admin.enabled=true -Xverify:none -XX:TieredStopAtLevel=1 -Dspring.boot.project.name=project-car-store -Dfile.encoding=UTF-8 
java_command: com.mauriciopd.carstore.ProjectCarStoreApplication --spring.output.ansi.enabled=always
java_class_path (initial): C:\Users\mauri.DESKTOP-PO4LD2G\OneDrive\Documentos\ws-car-store-back\project-car-store\target\classes;C:\Users\mauri.DESKTOP-PO4LD2G\.m2\repository\com\amazonaws\aws-java-sdk\1.11.651\aws-java-sdk-1.11.651.jar;C:\Users\mauri.DESKTOP-PO4LD2G\.m2\repository\com\amazonaws\aws-java-sdk-workmailmessageflow\1.11.651\aws-java-sdk-workmailmessageflow-1.11.651.jar;C:\Users\mauri.DESKTOP-PO4LD2G\.m2\repository\com\amazonaws\jmespath-java\1.11.651\jmespath-java-1.11.651.jar;C:\Users\mauri.DESKTOP-PO4LD2G\.m2\repository\com\amazonaws\aws-java-sdk-qldbsession\1.11.651\aws-java-sdk-qldbsession-1.11.651.jar;C:\Users\mauri.DESKTOP-PO4LD2G\.m2\repository\com\amazonaws\aws-java-sdk-qldb\1.11.651\aws-java-sdk-qldb-1.11.651.jar;C:\Users\mauri.DESKTOP-PO4LD2G\.m2\repository\com\amazonaws\aws-java-sdk-forecastquery\1.11.651\aws-java-sdk-forecastquery-1.11.651.jar;C:\Users\mauri.DESKTOP-PO4LD2G\.m2\repository\com\amazonaws\aws-java-sdk-forecast\1.11.651\aws-java-sdk-forecast-1.11.651.jar;C:\Users\mauri.DESKTOP-PO4LD2G\.m2\repository\com\amazonaws\aws-java-sdk-lakeformation\1.11.651\aws-java-sdk-lakeformation-1.11.651.jar;C:\Users\mauri.DESKTOP-PO4LD2G\.m2\repository\com\amazonaws\aws-java-sdk-eventbridge\1.11.651\aws-java-sdk-eventbridge-1.11.651.jar;C:\Users\mauri.DESKTOP-PO4LD2G\.m2\repository\com\amazonaws\aws-java-sdk-ec2instanceconnect\1.11.651\aws-java-sdk-ec2instanceconnect-1.11.651.jar;C:\Users\mauri.DESKTOP-PO4LD2G\.m2\repository\com\amazonaws\aws-java-sdk-applicationinsights\1.11.651\aws-java-sdk-applicationinsights-1.11.651.jar;C:\Users\mauri.DESKTOP-PO4LD2G\.m2\repository\com\amazonaws\aws-java-sdk-servicequotas\1.11.651\aws-java-sdk-servicequotas-1.11.651.jar;C:\Users\mauri.DESKTOP-PO4LD2G\.m2\repository\com\amazonaws\aws-java-sdk-personalizeevents\1.11.651\aws-java-sdk-personalizeevents-1.11.651.jar;C:\Users\mauri.DESKTOP-PO4LD2G\.m2\repository\com\amazonaws\aws-java-sdk-personalize\1.11.651\aws-java-sdk-personalize-1.11.651.jar;C:\Users\mauri.DE
Launcher Type: SUN_STANDARD

[Global flags]
     bool BytecodeVerificationLocal                = false                                     {product} {command line}
     bool BytecodeVerificationRemote               = false                                     {product} {command line}
     intx CICompilerCount                          = 3                                         {product} {ergonomic}
     uint ConcGCThreads                            = 1                                         {product} {ergonomic}
     uint G1ConcRefinementThreads                  = 4                                         {product} {ergonomic}
   size_t G1HeapRegionSize                         = 1048576                                   {product} {ergonomic}
    uintx GCDrainStackTargetSize                   = 64                                        {product} {ergonomic}
   size_t InitialHeapSize                          = 134217728                                 {product} {ergonomic}
     bool ManagementServer                         = true                                      {product} {command line}
   size_t MarkStackSize                            = 4194304                                   {product} {ergonomic}
   size_t MaxHeapSize                              = 2124414976                                {product} {ergonomic}
   size_t MaxNewSize                               = 1274019840                                {product} {ergonomic}
   size_t MinHeapDeltaBytes                        = 1048576                                   {product} {ergonomic}
    uintx NonNMethodCodeHeapSize                   = 6973028                                {pd product} {ergonomic}
    uintx NonProfiledCodeHeapSize                  = 244685212                              {pd product} {ergonomic}
    uintx ProfiledCodeHeapSize                     = 0                                      {pd product} {ergonomic}
    uintx ReservedCodeCacheSize                    = 251658240                              {pd product} {ergonomic}
     bool SegmentedCodeCache                       = true                                      {product} {ergonomic}
     intx TieredStopAtLevel                        = 1                                         {product} {command line}
     bool UseCompressedClassPointers               = true                                 {lp64_product} {ergonomic}
     bool UseCompressedOops                        = true                                 {lp64_product} {ergonomic}
     bool UseG1GC                                  = true                                      {product} {ergonomic}
     bool UseLargePagesIndividualAllocation        = false                                  {pd product} {ergonomic}

Logging:
Log output configuration:
 #0: stdout all=warning uptime,level,tags
 #1: stderr all=off uptime,level,tags

Environment Variables:
JAVA_HOME=C:\Program Files\Java\jdk-12.0.2\bin
PATH=C:/Program Files/Java/jdk-12.0.2/bin/server;C:/Program Files/Java/jdk-12.0.2/bin;C:\Windows\system32;C:\Windows;C:\Windows\System32\Wbem;C:\Windows\System32\WindowsPowerShell\v1.0\;C:\Windows\System32\OpenSSH\;C:\Program Files\nodejs\;C:\Program Files\Java\jdk-12.0.2\bin;C:\Program Files\Git\cmd;C:\Program Files\MongoDB\Server\4.2\bin;C:\Users\mauri.DESKTOP-PO4LD2G\AppData\Local\Microsoft\WindowsApps;C:\Users\mauri.DESKTOP-PO4LD2G\AppData\Local\Programs\Microsoft VS Code\bin;C:\Users\mauri.DESKTOP-PO4LD2G\AppData\Roaming\npm;C:\Program Files\Java\jdk-12.0.2\bin\bin;C:\Program Files\heroku\bin;C:\xampp\mysql\bin;;C:\sts-4.4.1.RELEASE;
USERNAME=mauri
OS=Windows_NT
PROCESSOR_IDENTIFIER=Intel64 Family 6 Model 58 Stepping 9, GenuineIntel



---------------  S Y S T E M  ---------------

OS: Windows 10 , 64 bit Build 18362 (10.0.18362.329)

CPU:total 4 (initial active 4) (2 cores per cpu, 2 threads per core) family 6 model 58 stepping 9, cmov, cx8, fxsr, mmx, sse, sse2, sse3, ssse3, sse4.1, sse4.2, popcnt, avx, aes, clmul, erms, ht, tsc, tscinvbit, tscinv

Memory: 4k page, system-wide physical 8097M (2276M free)
TotalPageFile size 11041M (AvailPageFile size 3942M)
current process WorkingSet (physical memory assigned to process): 76M, peak: 76M
current process commit charge ("private bytes"): 212M, peak: 212M

vm_info: Java HotSpot(TM) 64-Bit Server VM (12.0.2+10) for windows-amd64 JRE (12.0.2+10), built on Jul 16 2019 01:56:17 by "mach5one" with MS VC++ 15.5 (VS2017)

END.
