#
# A fatal error has been detected by the Java Runtime Environment:
#
#  EXCEPTION_ACCESS_VIOLATION (0xc0000005) at pc=0x00007ffef292d556, pid=5872, tid=4564
#
# JRE version: Java(TM) SE Runtime Environment (12.0.2+10) (build 12.0.2+10)
# Java VM: Java HotSpot(TM) 64-Bit Server VM (12.0.2+10, mixed mode, sharing, tiered, compressed oops, g1 gc, windows-amd64)
# Problematic frame:
# V  [jvm.dll+0x6cd556]
#
# No core dump will be written. Minidumps are not enabled by default on client versions of Windows
#
# If you would like to submit a bug report, please visit:
#   http://bugreport.java.com/bugreport/crash.jsp
#

---------------  S U M M A R Y ------------

Command Line: -Dcom.sun.management.jmxremote -Dcom.sun.management.jmxremote.port=49886 -Dcom.sun.management.jmxremote.authenticate=false -Dcom.sun.management.jmxremote.ssl=false -Djava.rmi.server.hostname=localhost -Dspring.jmx.enabled=true -Dspring.application.admin.enabled=true -Xverify:none -XX:TieredStopAtLevel=1 -Dspring.boot.project.name=project-car-store -Dfile.encoding=UTF-8 com.mauriciopd.carstore.ProjectCarStoreApplication --spring.output.ansi.enabled=always

Host: Intel(R) Core(TM) i5-3340M CPU @ 2.70GHz, 4 cores, 7G,  Windows 10 , 64 bit Build 18362 (10.0.18362.329)
Time: Sun Nov 24 11:45:16 2019 Hora oficial do Brasil elapsed time: 2 seconds (0d 0h 0m 2s)

---------------  T H R E A D  ---------------

Current thread (0x00000115a84e4000):  WatcherThread [stack: 0x000000023c300000,0x000000023c400000] [id=4564]

Stack: [0x000000023c300000,0x000000023c400000],  sp=0x000000023c3ff490,  free space=1021k
Native frames: (J=compiled Java code, j=interpreted, Vv=VM code, C=native code)
V  [jvm.dll+0x6cd556]
V  [jvm.dll+0x71ccdd]
V  [jvm.dll+0x751449]
V  [jvm.dll+0x74a2c8]
V  [jvm.dll+0x639b16]
C  [ucrtbase.dll+0x1d9f2]
C  [KERNEL32.DLL+0x17bd4]
C  [ntdll.dll+0x6cee1]


siginfo: EXCEPTION_ACCESS_VIOLATION (0xc0000005), reading address 0x0000000400000003


Register to memory mapping:

RIP=0x00007ffef292d556 jvm.dll
RAX=0x0000000400000003 is an unknown value
RBX=0x0 is NULL
RCX=0x00000115a84cf9c0 points into unknown readable memory: 78 f2 b4 f2 fe 7f 00 00
RDX=0x0000000000000032 is an unknown value
RSP=0x000000023c3ff490 points into unknown readable memory: 00 40 4e a8 15 01 00 00
RBP=0x0000000000000002 is an unknown value
RSI=0x00000115a8499f60 points into unknown readable memory: 03 00 00 00 04 00 00 00
RDI=0x0000000000000001 is an unknown value
R8 =0x0000000000000031 is an unknown value
R9 =0x0000011590520b80 is at begin+0 in a stub
StubRoutines::atomic_cmpxchg_long [0x0000011590520b80, 0x0000011590520b89[ (9 bytes)
R10=0x00000000546c6148 is an unknown value
R11=0xfffffffff9fcc436 is an unknown value
R12=0x0 is NULL
R13=0x00000115a84e4000 points into unknown readable memory: 90 3a b5 f2 fe 7f 00 00
R14=0x0000000000000001 is an unknown value
R15=0x00000115a84df560 points into unknown readable memory: 00 00 00 00 00 00 00 00


Registers:
RAX=0x0000000400000003, RBX=0x0000000000000000, RCX=0x00000115a84cf9c0, RDX=0x0000000000000032
RSP=0x000000023c3ff490, RBP=0x0000000000000002, RSI=0x00000115a8499f60, RDI=0x0000000000000001
R8 =0x0000000000000031, R9 =0x0000011590520b80, R10=0x00000000546c6148, R11=0xfffffffff9fcc436
R12=0x0000000000000000, R13=0x00000115a84e4000, R14=0x0000000000000001, R15=0x00000115a84df560
RIP=0x00007ffef292d556, EFLAGS=0x0000000000010246

Top of Stack: (sp=0x000000023c3ff490)
0x000000023c3ff490:   00000115a84e4000 00000115a84e4000
0x000000023c3ff4a0:   00000083aaa123f8 00007ffef286ed19
0x000000023c3ff4b0:   00007ffef2d21b28 00007ffef297ccdd
0x000000023c3ff4c0:   0000011586986eb0 0000011586986eb0
0x000000023c3ff4d0:   0000011586986eb0 431bde82d7b634db
0x000000023c3ff4e0:   00000115a84df560 00000083aaa123f8
0x000000023c3ff4f0:   0000011586986eb0 00007ffef29b1449
0x000000023c3ff500:   0000000000000001 0000000000000001
0x000000023c3ff510:   0000000000000001 0000000000000002
0x000000023c3ff520:   0000000000000000 0000000000000000
0x000000023c3ff530:   0000000000000000 00007ffef26305fe
0x000000023c3ff540:   0000000000000000 0000000000000000
0x000000023c3ff550:   0000000000000000 0000000000000000
0x000000023c3ff560:   00000115a84e4000 0000000000000000
0x000000023c3ff570:   0000000000100000 000000023c3ff7c0
0x000000023c3ff580:   000000023c300000 00007ffef29aa2c8 

Instructions: (pc=0x00007ffef292d556)
0x00007ffef292d456:   cc cc cc cc cc cc cc cc cc cc 48 83 ec 28 80 3d
0x00007ffef292d466:   e7 68 34 00 00 74 6c 48 83 3d 53 24 3e 00 00 75
0x00007ffef292d476:   62 48 89 5c 24 20 e8 2f fb ff ff e8 8a 81 f9 ff
0x00007ffef292d486:   45 33 c0 48 89 05 40 24 3e 00 41 8d 50 07 8d 4a
0x00007ffef292d496:   09 e8 64 f5 9e ff 48 8b d8 48 85 c0 74 1b 48 63
0x00007ffef292d4a6:   15 15 6a 34 00 48 8b c8 e8 7d f5 04 00 48 8d 05
0x00007ffef292d4b6:   be 1d 22 00 48 89 03 eb 02 33 db 48 8b cb 48 89
0x00007ffef292d4c6:   1d fd 23 3e 00 48 8b 5c 24 20 48 83 c4 28 e9 d7
0x00007ffef292d4d6:   f6 04 00 48 83 c4 28 c3 cc cc 48 89 5c 24 10 56
0x00007ffef292d4e6:   48 83 ec 20 48 8b 01 33 db 48 8b f1 39 18 7e 2a
0x00007ffef292d4f6:   48 89 7c 24 30 8b fb 0f 1f 00 48 8b 40 18 48 8b
0x00007ffef292d506:   0c 07 48 8b 01 ff 50 08 48 8b 06 48 8d 7f 08 ff
0x00007ffef292d516:   c3 3b 18 7c e5 48 8b 7c 24 30 48 8b 5c 24 38 48
0x00007ffef292d526:   83 c4 20 5e c3 cc cc cc cc cc e9 bb 74 f6 ff cc
0x00007ffef292d536:   cc cc cc cc cc cc cc cc cc cc 48 89 5c 24 10 56
0x00007ffef292d546:   48 83 ec 20 48 8b 35 7f 23 3e 00 33 db 48 8b 06
0x00007ffef292d556:   39 18 7e 27 48 89 7c 24 30 8b fb 48 8b 40 18 48
0x00007ffef292d566:   8b 0c 07 48 8b 01 ff 50 08 48 8b 06 48 8d 7f 08
0x00007ffef292d576:   ff c3 3b 18 7c e5 48 8b 7c 24 30 48 8b 5c 24 38
0x00007ffef292d586:   48 83 c4 20 5e c3 cc cc cc cc 48 89 11 48 8b c1
0x00007ffef292d596:   4c 89 41 08 c3 cc cc cc cc cc 40 53 48 81 ec b0
0x00007ffef292d5a6:   00 00 00 48 8b d9 48 8d 4c 24 20 e8 0a 02 00 00
0x00007ffef292d5b6:   48 8d 54 24 20 48 8b cb e8 dd 0d 00 00 48 81 c4
0x00007ffef292d5c6:   b0 00 00 00 5b c3 cc cc cc cc 48 83 ec 28 e8 47
0x00007ffef292d5d6:   5b ad ff 48 83 c4 28 e9 fe 0f 00 00 cc cc cc cc
0x00007ffef292d5e6:   cc cc cc cc cc cc cc cc cc cc 40 53 48 83 ec 20
0x00007ffef292d5f6:   0f b6 d9 e8 b2 00 00 00 0f b6 cb 48 83 c4 20 5b
0x00007ffef292d606:   e9 f5 10 00 00 cc cc cc cc cc 40 53 48 83 ec 20
0x00007ffef292d616:   48 8b d9 e8 22 1f 00 00 48 8b d3 48 8b c8 4c 8b
0x00007ffef292d626:   00 41 ff 90 a0 00 00 00 48 8b cb 48 83 c4 20 5b
0x00007ffef292d636:   e9 75 e5 f6 ff cc cc cc cc cc 48 83 ec 28 e8 f7
0x00007ffef292d646:   1e 00 00 48 8b c8 48 8b 10 48 83 c4 28 48 ff a2 


Stack slot to memory mapping:
stack at sp + 0 slots: 0x00000115a84e4000 points into unknown readable memory: 90 3a b5 f2 fe 7f 00 00
stack at sp + 1 slots: 0x00000115a84e4000 points into unknown readable memory: 90 3a b5 f2 fe 7f 00 00
stack at sp + 2 slots: 0x00000083aaa123f8 is an unknown value
stack at sp + 3 slots: 0x00007ffef286ed19 jvm.dll
stack at sp + 4 slots: 0x00007ffef2d21b28 jvm.dll
stack at sp + 5 slots: 0x00007ffef297ccdd jvm.dll
stack at sp + 6 slots: 0x0000011586986eb0 points into unknown readable memory: 01 00 00 00 00 00 00 00
stack at sp + 7 slots: 0x0000011586986eb0 points into unknown readable memory: 01 00 00 00 00 00 00 00


---------------  P R O C E S S  ---------------

Threads class SMR info:
_java_thread_list=0x00000115a84bf190, length=12, elements={
0x000001158698a800, 0x00000115a6d28800, 0x00000115a6d2b800, 0x00000115a7543800,
0x00000115a7544800, 0x00000115a7547000, 0x00000115a7557800, 0x00000115a76ea800,
0x00000115a771f800, 0x00000115a8465000, 0x00000115a84a4000, 0x00000115a84e0800
}

Java Threads: ( => current thread )
  0x000001158698a800 JavaThread "main" [_thread_blocked, id=1064, stack(0x000000023af00000,0x000000023b000000)]
  0x00000115a6d28800 JavaThread "Reference Handler" daemon [_thread_blocked, id=1172, stack(0x000000023b600000,0x000000023b700000)]
  0x00000115a6d2b800 JavaThread "Finalizer" daemon [_thread_blocked, id=8544, stack(0x000000023b700000,0x000000023b800000)]
  0x00000115a7543800 JavaThread "Signal Dispatcher" daemon [_thread_blocked, id=2536, stack(0x000000023b800000,0x000000023b900000)]
  0x00000115a7544800 JavaThread "Attach Listener" daemon [_thread_blocked, id=192, stack(0x000000023b900000,0x000000023ba00000)]
  0x00000115a7547000 JavaThread "C1 CompilerThread0" daemon [_thread_in_vm, id=6460, stack(0x000000023ba00000,0x000000023bb00000)]
  0x00000115a7557800 JavaThread "Sweeper thread" daemon [_thread_blocked, id=5728, stack(0x000000023bb00000,0x000000023bc00000)]
  0x00000115a76ea800 JavaThread "Common-Cleaner" daemon [_thread_blocked, id=3752, stack(0x000000023bc00000,0x000000023bd00000)]
  0x00000115a771f800 JavaThread "Service Thread" daemon [_thread_blocked, id=8296, stack(0x000000023bd00000,0x000000023be00000)]
  0x00000115a8465000 JavaThread "RMI TCP Accept-0" daemon [_thread_in_native, id=4408, stack(0x000000023c000000,0x000000023c100000)]
  0x00000115a84a4000 JavaThread "RMI TCP Accept-49886" daemon [_thread_in_native, id=7276, stack(0x000000023c100000,0x000000023c200000)]
  0x00000115a84e0800 JavaThread "RMI TCP Accept-0" daemon [_thread_in_native, id=5620, stack(0x000000023c200000,0x000000023c300000)]

Other Threads:
  0x00000115a6d24800 VMThread "VM Thread" [stack: 0x000000023b500000,0x000000023b600000] [id=5800]
=>0x00000115a84e4000 WatcherThread [stack: 0x000000023c300000,0x000000023c400000] [id=4564]
  0x00000115869cb000 GCTaskThread "GC Thread#0" [stack: 0x000000023b000000,0x000000023b100000] [id=5736]
  0x00000115a7929800 GCTaskThread "GC Thread#1" [stack: 0x000000023be00000,0x000000023bf00000] [id=6800]
  0x00000115a8113800 GCTaskThread "GC Thread#2" [stack: 0x000000023bf00000,0x000000023c000000] [id=8716]
  0x00000115869d8800 ConcurrentGCThread "G1 Main Marker" [stack: 0x000000023b100000,0x000000023b200000] [id=6168]
  0x00000115869da000 ConcurrentGCThread "G1 Conc#0" [stack: 0x000000023b200000,0x000000023b300000] [id=8016]
  0x00000115a6ba1800 ConcurrentGCThread "G1 Refine#0" [stack: 0x000000023b300000,0x000000023b400000] [id=4228]
  0x00000115a6ba3000 ConcurrentGCThread "G1 Young RemSet Sampling" [stack: 0x000000023b400000,0x000000023b500000] [id=5104]

Threads with active compile tasks:
C1 CompilerThread0  1020       1       java.lang.reflect.ProxyGenerator$ConstantPool$IndirectEntry::<init> (20 bytes)

VM state:synchronizing (normal execution)

VM Mutex/Monitor currently owned by a thread:  ([mutex/lock_event])
[0x00000115869884a0] Threads_lock - owner thread: 0x00000115a6d24800
[0x0000011586987de0] Compile_lock - owner thread: 0x000001158698a800
[0x0000011586986eb0] PeriodicTask_lock - owner thread: 0x00000115a84e4000

Heap address: 0x0000000081600000, size: 2026 MB, Compressed Oops mode: 32-bit
Narrow klass base: 0x0000000800000000, Narrow klass shift: 3
Compressed class space size: 1073741824 Address: 0x0000000801190000

Heap:
 garbage-first heap   total 131072K, used 19817K [0x0000000081600000, 0x0000000100000000)
  region size 1024K, 6 young (6144K), 1 survivors (1024K)
 Metaspace       used 4417K, capacity 5303K, committed 5632K, reserved 1056768K
  class space    used 568K, capacity 694K, committed 768K, reserved 1048576K
Heap Regions: E=young(eden), S=young(survivor), O=old, HS=humongous(starts), HC=humongous(continues), CS=collection set, F=free, A=archive, TAMS=top-at-mark-start (previous, next)
|   0|0x0000000081600000, 0x0000000081700000, 0x0000000081700000|100%| O|  |TAMS 0x0000000081600000, 0x0000000081600000| Untracked 
|   1|0x0000000081700000, 0x0000000081800000, 0x0000000081800000|100%| O|  |TAMS 0x0000000081700000, 0x0000000081700000| Untracked 
|   2|0x0000000081800000, 0x0000000081900000, 0x0000000081900000|100%| O|  |TAMS 0x0000000081800000, 0x0000000081800000| Untracked 
|   3|0x0000000081900000, 0x0000000081a00000, 0x0000000081a00000|100%| O|  |TAMS 0x0000000081900000, 0x0000000081900000| Untracked 
|   4|0x0000000081a00000, 0x0000000081b00000, 0x0000000081b00000|100%| O|  |TAMS 0x0000000081a00000, 0x0000000081a00000| Untracked 
|   5|0x0000000081b00000, 0x0000000081c00000, 0x0000000081c00000|100%| O|  |TAMS 0x0000000081b00000, 0x0000000081b00000| Untracked 
|   6|0x0000000081c00000, 0x0000000081d00000, 0x0000000081d00000|100%| O|  |TAMS 0x0000000081c00000, 0x0000000081c00000| Untracked 
|   7|0x0000000081d00000, 0x0000000081e00000, 0x0000000081e00000|100%| O|  |TAMS 0x0000000081d00000, 0x0000000081d00000| Untracked 
|   8|0x0000000081e00000, 0x0000000081f00000, 0x0000000081f00000|100%| O|  |TAMS 0x0000000081e00000, 0x0000000081e00000| Untracked 
|   9|0x0000000081f00000, 0x0000000082000000, 0x0000000082000000|100%| O|  |TAMS 0x0000000081f00000, 0x0000000081f00000| Untracked 
|  10|0x0000000082000000, 0x0000000082100000, 0x0000000082100000|100%|HS|  |TAMS 0x0000000082000000, 0x0000000082000000| Complete 
|  11|0x0000000082100000, 0x0000000082200000, 0x0000000082200000|100%| O|  |TAMS 0x0000000082100000, 0x0000000082100000| Untracked 
|  12|0x0000000082200000, 0x0000000082300000, 0x0000000082300000|100%| O|  |TAMS 0x0000000082200000, 0x0000000082200000| Untracked 
|  13|0x0000000082300000, 0x0000000082400000, 0x0000000082400000|100%| O|  |TAMS 0x0000000082300000, 0x0000000082300000| Untracked 
|  14|0x0000000082400000, 0x000000008245a600, 0x0000000082500000| 35%| O|  |TAMS 0x0000000082400000, 0x0000000082400000| Untracked 
|  15|0x0000000082500000, 0x0000000082500000, 0x0000000082600000|  0%| F|  |TAMS 0x0000000082500000, 0x0000000082500000| Untracked 
|  16|0x0000000082600000, 0x0000000082600000, 0x0000000082700000|  0%| F|  |TAMS 0x0000000082600000, 0x0000000082600000| Untracked 
|  17|0x0000000082700000, 0x0000000082700000, 0x0000000082800000|  0%| F|  |TAMS 0x0000000082700000, 0x0000000082700000| Untracked 
|  18|0x0000000082800000, 0x0000000082800000, 0x0000000082900000|  0%| F|  |TAMS 0x0000000082800000, 0x0000000082800000| Untracked 
|  19|0x0000000082900000, 0x0000000082900000, 0x0000000082a00000|  0%| F|  |TAMS 0x0000000082900000, 0x0000000082900000| Untracked 
|  20|0x0000000082a00000, 0x0000000082a00000, 0x0000000082b00000|  0%| F|  |TAMS 0x0000000082a00000, 0x0000000082a00000| Untracked 
|  21|0x0000000082b00000, 0x0000000082b00000, 0x0000000082c00000|  0%| F|  |TAMS 0x0000000082b00000, 0x0000000082b00000| Untracked 
|  22|0x0000000082c00000, 0x0000000082c00000, 0x0000000082d00000|  0%| F|  |TAMS 0x0000000082c00000, 0x0000000082c00000| Untracked 
|  23|0x0000000082d00000, 0x0000000082d00000, 0x0000000082e00000|  0%| F|  |TAMS 0x0000000082d00000, 0x0000000082d00000| Untracked 
|  24|0x0000000082e00000, 0x0000000082e00000, 0x0000000082f00000|  0%| F|  |TAMS 0x0000000082e00000, 0x0000000082e00000| Untracked 
|  25|0x0000000082f00000, 0x0000000082f00000, 0x0000000083000000|  0%| F|  |TAMS 0x0000000082f00000, 0x0000000082f00000| Untracked 
|  26|0x0000000083000000, 0x0000000083000000, 0x0000000083100000|  0%| F|  |TAMS 0x0000000083000000, 0x0000000083000000| Untracked 
|  27|0x0000000083100000, 0x0000000083100000, 0x0000000083200000|  0%| F|  |TAMS 0x0000000083100000, 0x0000000083100000| Untracked 
|  28|0x0000000083200000, 0x0000000083200000, 0x0000000083300000|  0%| F|  |TAMS 0x0000000083200000, 0x0000000083200000| Untracked 
|  29|0x0000000083300000, 0x0000000083300000, 0x0000000083400000|  0%| F|  |TAMS 0x0000000083300000, 0x0000000083300000| Untracked 
|  30|0x0000000083400000, 0x0000000083400000, 0x0000000083500000|  0%| F|  |TAMS 0x0000000083400000, 0x0000000083400000| Untracked 
|  31|0x0000000083500000, 0x0000000083500000, 0x0000000083600000|  0%| F|  |TAMS 0x0000000083500000, 0x0000000083500000| Untracked 
|  32|0x0000000083600000, 0x0000000083600000, 0x0000000083700000|  0%| F|  |TAMS 0x0000000083600000, 0x0000000083600000| Untracked 
|  33|0x0000000083700000, 0x0000000083700000, 0x0000000083800000|  0%| F|  |TAMS 0x0000000083700000, 0x0000000083700000| Untracked 
|  34|0x0000000083800000, 0x0000000083800000, 0x0000000083900000|  0%| F|  |TAMS 0x0000000083800000, 0x0000000083800000| Untracked 
|  35|0x0000000083900000, 0x0000000083900000, 0x0000000083a00000|  0%| F|  |TAMS 0x0000000083900000, 0x0000000083900000| Untracked 
|  36|0x0000000083a00000, 0x0000000083a00000, 0x0000000083b00000|  0%| F|  |TAMS 0x0000000083a00000, 0x0000000083a00000| Untracked 
|  37|0x0000000083b00000, 0x0000000083b00000, 0x0000000083c00000|  0%| F|  |TAMS 0x0000000083b00000, 0x0000000083b00000| Untracked 
|  38|0x0000000083c00000, 0x0000000083c00000, 0x0000000083d00000|  0%| F|  |TAMS 0x0000000083c00000, 0x0000000083c00000| Untracked 
|  39|0x0000000083d00000, 0x0000000083d00000, 0x0000000083e00000|  0%| F|  |TAMS 0x0000000083d00000, 0x0000000083d00000| Untracked 
|  40|0x0000000083e00000, 0x0000000083e00000, 0x0000000083f00000|  0%| F|  |TAMS 0x0000000083e00000, 0x0000000083e00000| Untracked 
|  41|0x0000000083f00000, 0x0000000083f00000, 0x0000000084000000|  0%| F|  |TAMS 0x0000000083f00000, 0x0000000083f00000| Untracked 
|  42|0x0000000084000000, 0x0000000084000000, 0x0000000084100000|  0%| F|  |TAMS 0x0000000084000000, 0x0000000084000000| Untracked 
|  43|0x0000000084100000, 0x0000000084100000, 0x0000000084200000|  0%| F|  |TAMS 0x0000000084100000, 0x0000000084100000| Untracked 
|  44|0x0000000084200000, 0x0000000084200000, 0x0000000084300000|  0%| F|  |TAMS 0x0000000084200000, 0x0000000084200000| Untracked 
|  45|0x0000000084300000, 0x0000000084300000, 0x0000000084400000|  0%| F|  |TAMS 0x0000000084300000, 0x0000000084300000| Untracked 
|  46|0x0000000084400000, 0x0000000084400000, 0x0000000084500000|  0%| F|  |TAMS 0x0000000084400000, 0x0000000084400000| Untracked 
|  47|0x0000000084500000, 0x0000000084500000, 0x0000000084600000|  0%| F|  |TAMS 0x0000000084500000, 0x0000000084500000| Untracked 
|  48|0x0000000084600000, 0x0000000084600000, 0x0000000084700000|  0%| F|  |TAMS 0x0000000084600000, 0x0000000084600000| Untracked 
|  49|0x0000000084700000, 0x0000000084700000, 0x0000000084800000|  0%| F|  |TAMS 0x0000000084700000, 0x0000000084700000| Untracked 
|  50|0x0000000084800000, 0x0000000084800000, 0x0000000084900000|  0%| F|  |TAMS 0x0000000084800000, 0x0000000084800000| Untracked 
|  51|0x0000000084900000, 0x0000000084900000, 0x0000000084a00000|  0%| F|  |TAMS 0x0000000084900000, 0x0000000084900000| Untracked 
|  52|0x0000000084a00000, 0x0000000084a00000, 0x0000000084b00000|  0%| F|  |TAMS 0x0000000084a00000, 0x0000000084a00000| Untracked 
|  53|0x0000000084b00000, 0x0000000084b00000, 0x0000000084c00000|  0%| F|  |TAMS 0x0000000084b00000, 0x0000000084b00000| Untracked 
|  54|0x0000000084c00000, 0x0000000084c00000, 0x0000000084d00000|  0%| F|  |TAMS 0x0000000084c00000, 0x0000000084c00000| Untracked 
|  55|0x0000000084d00000, 0x0000000084d00000, 0x0000000084e00000|  0%| F|  |TAMS 0x0000000084d00000, 0x0000000084d00000| Untracked 
|  56|0x0000000084e00000, 0x0000000084e00000, 0x0000000084f00000|  0%| F|  |TAMS 0x0000000084e00000, 0x0000000084e00000| Untracked 
|  57|0x0000000084f00000, 0x0000000084f00000, 0x0000000085000000|  0%| F|  |TAMS 0x0000000084f00000, 0x0000000084f00000| Untracked 
|  58|0x0000000085000000, 0x0000000085000000, 0x0000000085100000|  0%| F|  |TAMS 0x0000000085000000, 0x0000000085000000| Untracked 
|  59|0x0000000085100000, 0x0000000085100000, 0x0000000085200000|  0%| F|  |TAMS 0x0000000085100000, 0x0000000085100000| Untracked 
|  60|0x0000000085200000, 0x0000000085200000, 0x0000000085300000|  0%| F|  |TAMS 0x0000000085200000, 0x0000000085200000| Untracked 
|  61|0x0000000085300000, 0x0000000085300000, 0x0000000085400000|  0%| F|  |TAMS 0x0000000085300000, 0x0000000085300000| Untracked 
|  62|0x0000000085400000, 0x0000000085400000, 0x0000000085500000|  0%| F|  |TAMS 0x0000000085400000, 0x0000000085400000| Untracked 
|  63|0x0000000085500000, 0x0000000085500000, 0x0000000085600000|  0%| F|  |TAMS 0x0000000085500000, 0x0000000085500000| Untracked 
|  64|0x0000000085600000, 0x0000000085600000, 0x0000000085700000|  0%| F|  |TAMS 0x0000000085600000, 0x0000000085600000| Untracked 
|  65|0x0000000085700000, 0x0000000085700000, 0x0000000085800000|  0%| F|  |TAMS 0x0000000085700000, 0x0000000085700000| Untracked 
|  66|0x0000000085800000, 0x0000000085800000, 0x0000000085900000|  0%| F|  |TAMS 0x0000000085800000, 0x0000000085800000| Untracked 
|  67|0x0000000085900000, 0x0000000085900000, 0x0000000085a00000|  0%| F|  |TAMS 0x0000000085900000, 0x0000000085900000| Untracked 
|  68|0x0000000085a00000, 0x0000000085a00000, 0x0000000085b00000|  0%| F|  |TAMS 0x0000000085a00000, 0x0000000085a00000| Untracked 
|  69|0x0000000085b00000, 0x0000000085b00000, 0x0000000085c00000|  0%| F|  |TAMS 0x0000000085b00000, 0x0000000085b00000| Untracked 
|  70|0x0000000085c00000, 0x0000000085c00000, 0x0000000085d00000|  0%| F|  |TAMS 0x0000000085c00000, 0x0000000085c00000| Untracked 
|  71|0x0000000085d00000, 0x0000000085d00000, 0x0000000085e00000|  0%| F|  |TAMS 0x0000000085d00000, 0x0000000085d00000| Untracked 
|  72|0x0000000085e00000, 0x0000000085e00000, 0x0000000085f00000|  0%| F|  |TAMS 0x0000000085e00000, 0x0000000085e00000| Untracked 
|  73|0x0000000085f00000, 0x0000000085f00000, 0x0000000086000000|  0%| F|  |TAMS 0x0000000085f00000, 0x0000000085f00000| Untracked 
|  74|0x0000000086000000, 0x0000000086000000, 0x0000000086100000|  0%| F|  |TAMS 0x0000000086000000, 0x0000000086000000| Untracked 
|  75|0x0000000086100000, 0x0000000086100000, 0x0000000086200000|  0%| F|  |TAMS 0x0000000086100000, 0x0000000086100000| Untracked 
|  76|0x0000000086200000, 0x0000000086200000, 0x0000000086300000|  0%| F|  |TAMS 0x0000000086200000, 0x0000000086200000| Untracked 
|  77|0x0000000086300000, 0x0000000086300000, 0x0000000086400000|  0%| F|  |TAMS 0x0000000086300000, 0x0000000086300000| Untracked 
|  78|0x0000000086400000, 0x0000000086400000, 0x0000000086500000|  0%| F|  |TAMS 0x0000000086400000, 0x0000000086400000| Untracked 
|  79|0x0000000086500000, 0x0000000086500000, 0x0000000086600000|  0%| F|  |TAMS 0x0000000086500000, 0x0000000086500000| Untracked 
|  80|0x0000000086600000, 0x0000000086600000, 0x0000000086700000|  0%| F|  |TAMS 0x0000000086600000, 0x0000000086600000| Untracked 
|  81|0x0000000086700000, 0x0000000086700000, 0x0000000086800000|  0%| F|  |TAMS 0x0000000086700000, 0x0000000086700000| Untracked 
|  82|0x0000000086800000, 0x0000000086800000, 0x0000000086900000|  0%| F|  |TAMS 0x0000000086800000, 0x0000000086800000| Untracked 
|  83|0x0000000086900000, 0x0000000086900000, 0x0000000086a00000|  0%| F|  |TAMS 0x0000000086900000, 0x0000000086900000| Untracked 
|  84|0x0000000086a00000, 0x0000000086a00000, 0x0000000086b00000|  0%| F|  |TAMS 0x0000000086a00000, 0x0000000086a00000| Untracked 
|  85|0x0000000086b00000, 0x0000000086b00000, 0x0000000086c00000|  0%| F|  |TAMS 0x0000000086b00000, 0x0000000086b00000| Untracked 
|  86|0x0000000086c00000, 0x0000000086c00000, 0x0000000086d00000|  0%| F|  |TAMS 0x0000000086c00000, 0x0000000086c00000| Untracked 
|  87|0x0000000086d00000, 0x0000000086d00000, 0x0000000086e00000|  0%| F|  |TAMS 0x0000000086d00000, 0x0000000086d00000| Untracked 
|  88|0x0000000086e00000, 0x0000000086e00000, 0x0000000086f00000|  0%| F|  |TAMS 0x0000000086e00000, 0x0000000086e00000| Untracked 
|  89|0x0000000086f00000, 0x0000000086f00000, 0x0000000087000000|  0%| F|  |TAMS 0x0000000086f00000, 0x0000000086f00000| Untracked 
|  90|0x0000000087000000, 0x0000000087000000, 0x0000000087100000|  0%| F|  |TAMS 0x0000000087000000, 0x0000000087000000| Untracked 
|  91|0x0000000087100000, 0x0000000087100000, 0x0000000087200000|  0%| F|  |TAMS 0x0000000087100000, 0x0000000087100000| Untracked 
|  92|0x0000000087200000, 0x0000000087200000, 0x0000000087300000|  0%| F|  |TAMS 0x0000000087200000, 0x0000000087200000| Untracked 
|  93|0x0000000087300000, 0x0000000087300000, 0x0000000087400000|  0%| F|  |TAMS 0x0000000087300000, 0x0000000087300000| Untracked 
|  94|0x0000000087400000, 0x0000000087400000, 0x0000000087500000|  0%| F|  |TAMS 0x0000000087400000, 0x0000000087400000| Untracked 
|  95|0x0000000087500000, 0x0000000087500000, 0x0000000087600000|  0%| F|  |TAMS 0x0000000087500000, 0x0000000087500000| Untracked 
|  96|0x0000000087600000, 0x0000000087600000, 0x0000000087700000|  0%| F|  |TAMS 0x0000000087600000, 0x0000000087600000| Untracked 
|  97|0x0000000087700000, 0x0000000087700000, 0x0000000087800000|  0%| F|  |TAMS 0x0000000087700000, 0x0000000087700000| Untracked 
|  98|0x0000000087800000, 0x0000000087800000, 0x0000000087900000|  0%| F|  |TAMS 0x0000000087800000, 0x0000000087800000| Untracked 
|  99|0x0000000087900000, 0x0000000087900000, 0x0000000087a00000|  0%| F|  |TAMS 0x0000000087900000, 0x0000000087900000| Untracked 
| 100|0x0000000087a00000, 0x0000000087a00000, 0x0000000087b00000|  0%| F|  |TAMS 0x0000000087a00000, 0x0000000087a00000| Untracked 
| 101|0x0000000087b00000, 0x0000000087b00000, 0x0000000087c00000|  0%| F|  |TAMS 0x0000000087b00000, 0x0000000087b00000| Untracked 
| 102|0x0000000087c00000, 0x0000000087c00000, 0x0000000087d00000|  0%| F|  |TAMS 0x0000000087c00000, 0x0000000087c00000| Untracked 
| 103|0x0000000087d00000, 0x0000000087d00000, 0x0000000087e00000|  0%| F|  |TAMS 0x0000000087d00000, 0x0000000087d00000| Untracked 
| 104|0x0000000087e00000, 0x0000000087e00000, 0x0000000087f00000|  0%| F|  |TAMS 0x0000000087e00000, 0x0000000087e00000| Untracked 
| 105|0x0000000087f00000, 0x0000000087f00000, 0x0000000088000000|  0%| F|  |TAMS 0x0000000087f00000, 0x0000000087f00000| Untracked 
| 106|0x0000000088000000, 0x0000000088000000, 0x0000000088100000|  0%| F|  |TAMS 0x0000000088000000, 0x0000000088000000| Untracked 
| 107|0x0000000088100000, 0x0000000088100000, 0x0000000088200000|  0%| F|  |TAMS 0x0000000088100000, 0x0000000088100000| Untracked 
| 108|0x0000000088200000, 0x0000000088200000, 0x0000000088300000|  0%| F|  |TAMS 0x0000000088200000, 0x0000000088200000| Untracked 
| 109|0x0000000088300000, 0x0000000088300000, 0x0000000088400000|  0%| F|  |TAMS 0x0000000088300000, 0x0000000088300000| Untracked 
| 110|0x0000000088400000, 0x0000000088400000, 0x0000000088500000|  0%| F|  |TAMS 0x0000000088400000, 0x0000000088400000| Untracked 
| 111|0x0000000088500000, 0x0000000088500000, 0x0000000088600000|  0%| F|  |TAMS 0x0000000088500000, 0x0000000088500000| Untracked 
| 112|0x0000000088600000, 0x0000000088600000, 0x0000000088700000|  0%| F|  |TAMS 0x0000000088600000, 0x0000000088600000| Untracked 
| 113|0x0000000088700000, 0x0000000088700000, 0x0000000088800000|  0%| F|  |TAMS 0x0000000088700000, 0x0000000088700000| Untracked 
| 114|0x0000000088800000, 0x0000000088800000, 0x0000000088900000|  0%| F|  |TAMS 0x0000000088800000, 0x0000000088800000| Untracked 
| 115|0x0000000088900000, 0x0000000088900000, 0x0000000088a00000|  0%| F|  |TAMS 0x0000000088900000, 0x0000000088900000| Untracked 
| 116|0x0000000088a00000, 0x0000000088a00000, 0x0000000088b00000|  0%| F|  |TAMS 0x0000000088a00000, 0x0000000088a00000| Untracked 
| 117|0x0000000088b00000, 0x0000000088b00000, 0x0000000088c00000|  0%| F|  |TAMS 0x0000000088b00000, 0x0000000088b00000| Untracked 
| 118|0x0000000088c00000, 0x0000000088c00000, 0x0000000088d00000|  0%| F|  |TAMS 0x0000000088c00000, 0x0000000088c00000| Untracked 
| 119|0x0000000088d00000, 0x0000000088d00000, 0x0000000088e00000|  0%| F|  |TAMS 0x0000000088d00000, 0x0000000088d00000| Untracked 
| 120|0x0000000088e00000, 0x0000000088e00000, 0x0000000088f00000|  0%| F|  |TAMS 0x0000000088e00000, 0x0000000088e00000| Untracked 
| 121|0x0000000088f00000, 0x0000000088f00000, 0x0000000089000000|  0%| F|  |TAMS 0x0000000088f00000, 0x0000000088f00000| Untracked 
| 122|0x0000000089000000, 0x0000000089098098, 0x0000000089100000| 59%| E|  |TAMS 0x0000000089000000, 0x0000000089000000| Complete 
| 123|0x0000000089100000, 0x0000000089200000, 0x0000000089200000|100%| S|CS|TAMS 0x0000000089100000, 0x0000000089100000| Complete 
| 124|0x0000000089200000, 0x0000000089300000, 0x0000000089300000|100%| E|CS|TAMS 0x0000000089200000, 0x0000000089200000| Complete 
| 125|0x0000000089300000, 0x0000000089400000, 0x0000000089400000|100%| E|CS|TAMS 0x0000000089300000, 0x0000000089300000| Complete 
| 126|0x0000000089400000, 0x0000000089500000, 0x0000000089500000|100%| E|CS|TAMS 0x0000000089400000, 0x0000000089400000| Complete 
| 127|0x0000000089500000, 0x0000000089600000, 0x0000000089600000|100%| E|CS|TAMS 0x0000000089500000, 0x0000000089500000| Complete 

Card table byte_map: [0x000001159ff40000,0x00000115a0340000] _byte_map_base: 0x000001159fb35000

Marking Bits (Prev, Next): (CMBitMap*) 0x00000115869cbf98, (CMBitMap*) 0x00000115869cbfd8
 Prev Bits: [0x00000115a0740000, 0x00000115a26e8000)
 Next Bits: [0x00000115a26f0000, 0x00000115a4698000)

Polling page: 0x0000011586720000

Metaspace:

Usage:
  Non-class:      4.50 MB capacity,     3.76 MB ( 84%) used,   741.31 KB ( 16%) free+waste,    19.00 KB ( <1%) overhead. 
      Class:    694.00 KB capacity,   568.59 KB ( 82%) used,   114.28 KB ( 16%) free+waste,    11.13 KB (  2%) overhead. 
       Both:      5.18 MB capacity,     4.31 MB ( 83%) used,   855.59 KB ( 16%) free+waste,    30.13 KB ( <1%) overhead. 

Virtual space:
  Non-class space:        8.00 MB reserved,       4.75 MB ( 59%) committed 
      Class space:        1.00 GB reserved,     768.00 KB ( <1%) committed 
             Both:        1.01 GB reserved,       5.50 MB ( <1%) committed 

Chunk freelists:
   Non-Class:  0 bytes
       Class:  1.25 KB
        Both:  1.25 KB

CodeHeap 'non-profiled nmethods': size=238912Kb used=1425Kb max_used=1425Kb free=237486Kb
 bounds [0x0000011590bd0000, 0x0000011590e40000, 0x000001159f520000]
CodeHeap 'non-nmethods': size=6848Kb used=1119Kb max_used=1119Kb free=5728Kb
 bounds [0x0000011590520000, 0x0000011590790000, 0x0000011590bd0000]
 total_blobs=1458 nmethods=1021 adapters=348
 compilation: enabled
              stopped_count=0, restarted_count=0
 full_count=0

Compilation events (10 events):
Event: 2.388 Thread 0x00000115a7547000 1017       1       java.lang.invoke.ConstantCallSite::getTarget (20 bytes)
Event: 2.388 Thread 0x00000115a7547000 nmethod 1017 0x0000011590d31690 code [0x0000011590d31860, 0x0000011590d31a70]
Event: 2.388 Thread 0x00000115a7547000 1018       1       java.lang.reflect.ProxyGenerator$ConstantPool::addEntry (46 bytes)
Event: 2.389 Thread 0x00000115a7547000 nmethod 1018 0x0000011590d31b90 code [0x0000011590d31d80, 0x0000011590d32020]
Event: 2.389 Thread 0x00000115a7547000 1019       1       java.lang.reflect.ProxyGenerator$ConstantPool$IndirectEntry::equals (49 bytes)
Event: 2.389 Thread 0x00000115a7547000 nmethod 1019 0x0000011590d32110 code [0x0000011590d322c0, 0x0000011590d324d8]
Event: 2.389 Thread 0x00000115a7547000 1023       1       java.io.DataOutputStream::writeUTF (435 bytes)
Event: 2.390 Thread 0x00000115a7547000 nmethod 1023 0x0000011590d32590 code [0x0000011590d32860, 0x0000011590d33840]
Event: 2.390 Thread 0x00000115a7547000 1022  s    1       java.io.DataOutputStream::write (16 bytes)
Event: 2.391 Thread 0x00000115a7547000 nmethod 1022 0x0000011590d34190 code [0x0000011590d34360, 0x0000011590d34690]

GC Heap History (4 events):
Event: 1.494 GC heap before
{Heap before GC invocations=0 (full 0):
 garbage-first heap   total 131072K, used 13312K [0x0000000081600000, 0x0000000100000000)
  region size 1024K, 14 young (14336K), 0 survivors (0K)
 Metaspace       used 448K, capacity 4518K, committed 4864K, reserved 1056768K
  class space    used 42K, capacity 399K, committed 512K, reserved 1048576K
}
Event: 1.501 GC heap after
{Heap after GC invocations=1 (full 0):
 garbage-first heap   total 131072K, used 11641K [0x0000000081600000, 0x0000000100000000)
  region size 1024K, 2 young (2048K), 2 survivors (2048K)
 Metaspace       used 448K, capacity 4518K, committed 4864K, reserved 1056768K
  class space    used 42K, capacity 399K, committed 512K, reserved 1048576K
}
Event: 1.637 GC heap before
{Heap before GC invocations=1 (full 0):
 garbage-first heap   total 131072K, used 16761K [0x0000000081600000, 0x0000000100000000)
  region size 1024K, 6 young (6144K), 2 survivors (2048K)
 Metaspace       used 1596K, capacity 4592K, committed 4864K, reserved 1056768K
  class space    used 195K, capacity 426K, committed 512K, reserved 1048576K
}
Event: 1.640 GC heap after
{Heap after GC invocations=2 (full 0):
 garbage-first heap   total 131072K, used 15721K [0x0000000081600000, 0x0000000100000000)
  region size 1024K, 1 young (1024K), 1 survivors (1024K)
 Metaspace       used 1596K, capacity 4592K, committed 4864K, reserved 1056768K
  class space    used 195K, capacity 426K, committed 512K, reserved 1048576K
}

Deoptimization events (0 events):
No events

Classes redefined (0 events):
No events

Internal exceptions (8 events):
Event: 1.613 Thread 0x000001158698a800 Exception <a 'java/lang/NoSuchMethodError'{0x00000000892a3108}: java.lang.invoke.DirectMethodHandle$Holder.invokeStaticInit(Ljava/lang/Object;Ljava/lang/Object;Ljava/lang/Object;)Ljava/lang/Object;> (0x00000000892a3108) thrown at [t:/workspace/open/src/ho
Event: 1.617 Thread 0x000001158698a800 Exception <a 'java/lang/NoSuchMethodError'{0x00000000892bc4b0}: java.lang.invoke.DirectMethodHandle$Holder.invokeInterface(Ljava/lang/Object;Ljava/lang/Object;)I> (0x00000000892bc4b0) thrown at [t:/workspace/open/src/hotspot/share/interpreter/linkResolver
Event: 1.618 Thread 0x000001158698a800 Exception <a 'java/lang/IncompatibleClassChangeError'{0x00000000892befb8}: Found class java.lang.Object, but interface was expected> (0x00000000892befb8) thrown at [t:/workspace/open/src/hotspot/share/interpreter/linkResolver.cpp, line 843]
Event: 1.755 Thread 0x000001158698a800 Exception <a 'java/lang/NoSuchMethodError'{0x00000000894f7590}: java.lang.invoke.DirectMethodHandle$Holder.invokeSpecialIFC(Ljava/lang/Object;Ljava/lang/Object;Ljava/lang/Object;)I> (0x00000000894f7590) thrown at [t:/workspace/open/src/hotspot/share/inter
Event: 1.776 Thread 0x000001158698a800 Exception <a 'java/lang/NoSuchMethodError'{0x000000008935aeb8}: java.lang.invoke.DirectMethodHandle$Holder.invokeStaticInit(Ljava/lang/Object;IIII)Ljava/lang/Object;> (0x000000008935aeb8) thrown at [t:/workspace/open/src/hotspot/share/interpreter/linkReso
Event: 2.286 Thread 0x000001158698a800 Exception <a 'java/lang/NoSuchMethodError'{0x000000008938e858}: java.lang.invoke.DirectMethodHandle$Holder.invokeStaticInit(Ljava/lang/Object;Ljava/lang/Object;IIII)Ljava/lang/Object;> (0x000000008938e858) thrown at [t:/workspace/open/src/hotspot/share/in
Event: 2.300 Thread 0x000001158698a800 Exception <a 'java/lang/ClassNotFoundException'{0x00000000893a9d58}: javax/management/remote/rmi/RMIServerImpl_Skel> (0x00000000893a9d58) thrown at [t:/workspace/open/src/hotspot/share/classfile/systemDictionary.cpp, line 235]
Event: 2.339 Thread 0x000001158698a800 Exception <a 'java/lang/ClassNotFoundException'{0x000000008924aa38}: jdk/internal/agent/resources/spi/agentProvider> (0x000000008924aa38) thrown at [t:/workspace/open/src/hotspot/share/classfile/systemDictionary.cpp, line 235]

Events (10 events):
Event: 2.395 loading class java/net/JarURLConnection
Event: 2.395 loading class java/net/JarURLConnection done
Event: 2.395 loading class sun/net/www/protocol/jar/JarURLConnection done
Event: 2.395 loading class sun/net/www/protocol/jar/JarFileFactory
Event: 2.395 loading class sun/net/www/protocol/jar/URLJarFile$URLJarFileCloseController
Event: 2.395 loading class sun/net/www/protocol/jar/URLJarFile$URLJarFileCloseController done
Event: 2.395 loading class sun/net/www/protocol/jar/JarFileFactory done
Event: 2.395 loading class sun/net/www/protocol/jar/URLJarFile
Event: 2.395 loading class sun/net/www/protocol/jar/URLJarFile done
Event: 2.395 Executing VM operation: Deoptimize


Dynamic libraries:
0x00007ff7ab230000 - 0x00007ff7ab23f000 	C:\Program Files\Java\jdk-12.0.2\bin\javaw.exe
0x00007fff26be0000 - 0x00007fff26dd0000 	C:\Windows\SYSTEM32\ntdll.dll
0x00007fff25fa0000 - 0x00007fff26052000 	C:\Windows\System32\KERNEL32.DLL
0x00007fff23f60000 - 0x00007fff24203000 	C:\Windows\System32\KERNELBASE.dll
0x00007fff21c40000 - 0x00007fff21ccf000 	C:\Windows\SYSTEM32\apphelp.dll
0x00007ffeed610000 - 0x00007ffeedaa1000 	C:\Windows\SYSTEM32\AcLayers.DLL
0x00007fff26950000 - 0x00007fff269ee000 	C:\Windows\System32\msvcrt.dll
0x00007fff25d00000 - 0x00007fff25e93000 	C:\Windows\System32\USER32.dll
0x00007fff24ab0000 - 0x00007fff24ad1000 	C:\Windows\System32\win32u.dll
0x00007fff25f10000 - 0x00007fff25f36000 	C:\Windows\System32\GDI32.dll
0x00007fff23d40000 - 0x00007fff23ed4000 	C:\Windows\System32\gdi32full.dll
0x00007fff24a10000 - 0x00007fff24aae000 	C:\Windows\System32\msvcp_win.dll
0x00007fff24b90000 - 0x00007fff24c8a000 	C:\Windows\System32\ucrtbase.dll
0x00007fff24c90000 - 0x00007fff24ce2000 	C:\Windows\System32\SHLWAPI.dll
0x00007fff253f0000 - 0x00007fff25726000 	C:\Windows\System32\combase.dll
0x00007fff26060000 - 0x00007fff26180000 	C:\Windows\System32\RPCRT4.dll
0x00007fff23ee0000 - 0x00007fff23f60000 	C:\Windows\System32\bcryptPrimitives.dll
0x00007fff26880000 - 0x00007fff26923000 	C:\Windows\System32\ADVAPI32.dll
0x00007fff257b0000 - 0x00007fff25847000 	C:\Windows\System32\sechost.dll
0x0000011586650000 - 0x0000011586653000 	C:\Windows\SYSTEM32\sfc.dll
0x00007fff18680000 - 0x00007fff18709000 	C:\Windows\SYSTEM32\WINSPOOL.DRV
0x00007fff23b30000 - 0x00007fff23b41000 	C:\Windows\System32\kernel.appcore.dll
0x00007fff23b70000 - 0x00007fff23b96000 	C:\Windows\System32\bcrypt.dll
0x00007fff20380000 - 0x00007fff2046f000 	C:\Windows\SYSTEM32\PROPSYS.dll
0x00007fff25320000 - 0x00007fff253e4000 	C:\Windows\System32\OLEAUT32.dll
0x00007fff25a10000 - 0x00007fff25ab9000 	C:\Windows\System32\shcore.dll
0x00007fff23030000 - 0x00007fff2306a000 	C:\Windows\SYSTEM32\IPHLPAPI.DLL
0x00007fff110a0000 - 0x00007fff110b1000 	C:\Windows\SYSTEM32\sfc_os.DLL
0x00007fff25160000 - 0x00007fff2518e000 	C:\Windows\System32\IMM32.DLL
0x00007fff0c810000 - 0x00007fff0c828000 	C:\Program Files\Java\jdk-12.0.2\bin\jli.dll
0x00007fff0c7f0000 - 0x00007fff0c806000 	C:\Program Files\Java\jdk-12.0.2\bin\VCRUNTIME140.dll
0x00007fff176c0000 - 0x00007fff176ca000 	C:\Windows\SYSTEM32\VERSION.dll
0x00007fff181d0000 - 0x00007fff18455000 	C:\Windows\WinSxS\amd64_microsoft.windows.common-controls_6595b64144ccf1df_6.0.18362.356_none_e6c4af7d130f27cc\COMCTL32.dll
0x00007fff0c740000 - 0x00007fff0c7ea000 	C:\Program Files\Java\jdk-12.0.2\bin\msvcp140.dll
0x00007ffef2260000 - 0x00007ffef2dd7000 	C:\Program Files\Java\jdk-12.0.2\bin\server\jvm.dll
0x00007fff26870000 - 0x00007fff26878000 	C:\Windows\System32\PSAPI.DLL
0x00007fff21970000 - 0x00007fff21994000 	C:\Windows\SYSTEM32\WINMM.dll
0x00007fff13830000 - 0x00007fff13839000 	C:\Windows\SYSTEM32\WSOCK32.dll
0x00007fff25ea0000 - 0x00007fff25f0f000 	C:\Windows\System32\WS2_32.dll
0x00007fff21940000 - 0x00007fff2196d000 	C:\Windows\SYSTEM32\winmmbase.dll
0x00007fff23ba0000 - 0x00007fff23bea000 	C:\Windows\System32\cfgmgr32.dll
0x00007fff1e360000 - 0x00007fff1e371000 	C:\Program Files\Java\jdk-12.0.2\bin\verify.dll
0x00007fff17fa0000 - 0x00007fff18194000 	C:\Windows\SYSTEM32\DBGHELP.DLL
0x00007fff17e30000 - 0x00007fff17e5a000 	C:\Windows\SYSTEM32\dbgcore.DLL
0x00007fff11160000 - 0x00007fff11186000 	C:\Program Files\Java\jdk-12.0.2\bin\java.dll
0x00007fff16da0000 - 0x00007fff16db7000 	C:\Program Files\Java\jdk-12.0.2\bin\zip.dll
0x00007fff1e190000 - 0x00007fff1e19a000 	C:\Program Files\Java\jdk-12.0.2\bin\jimage.dll
0x00007fff26180000 - 0x00007fff26865000 	C:\Windows\System32\SHELL32.dll
0x00007fff24290000 - 0x00007fff24a0e000 	C:\Windows\System32\windows.storage.dll
0x00007fff23b50000 - 0x00007fff23b6f000 	C:\Windows\System32\profapi.dll
0x00007fff23ac0000 - 0x00007fff23b0a000 	C:\Windows\System32\powrprof.dll
0x00007fff23ab0000 - 0x00007fff23ac0000 	C:\Windows\System32\UMPDC.dll
0x00007fff24210000 - 0x00007fff24227000 	C:\Windows\System32\cryptsp.dll
0x00007fff11140000 - 0x00007fff11159000 	C:\Program Files\Java\jdk-12.0.2\bin\net.dll
0x00007fff1b520000 - 0x00007fff1b610000 	C:\Windows\SYSTEM32\WINHTTP.dll
0x00007fff150c0000 - 0x00007fff15296000 	C:\Windows\SYSTEM32\urlmon.dll
0x00007fff1af50000 - 0x00007fff1b1f6000 	C:\Windows\SYSTEM32\iertutil.dll
0x00007fff234f0000 - 0x00007fff234fc000 	C:\Windows\SYSTEM32\CRYPTBASE.DLL
0x00007fff23320000 - 0x00007fff23387000 	C:\Windows\system32\mswsock.dll
0x00007fff0ee10000 - 0x00007fff0ee23000 	C:\Program Files\Java\jdk-12.0.2\bin\nio.dll
0x00007fff1e1c0000 - 0x00007fff1e1c9000 	C:\Program Files\Java\jdk-12.0.2\bin\management.dll
0x00007fff1b610000 - 0x00007fff1b61c000 	C:\Program Files\Java\jdk-12.0.2\bin\management_ext.dll
0x00007fff16780000 - 0x00007fff16796000 	C:\Windows\system32\napinsp.dll
0x00007fff15630000 - 0x00007fff1564a000 	C:\Windows\system32\pnrpnsp.dll
0x00007fff23070000 - 0x00007fff2313a000 	C:\Windows\SYSTEM32\DNSAPI.dll
0x00007fff25730000 - 0x00007fff25738000 	C:\Windows\System32\NSI.dll
0x00007fff15620000 - 0x00007fff1562e000 	C:\Windows\System32\winrnr.dll
0x00007fff20200000 - 0x00007fff2021c000 	C:\Windows\system32\NLAapi.dll
0x00007fff15600000 - 0x00007fff15615000 	C:\Windows\system32\wshbth.dll
0x00007fff19770000 - 0x00007fff1977a000 	C:\Windows\System32\rasadhlp.dll
0x00007fff1a410000 - 0x00007fff1a487000 	C:\Windows\System32\fwpuclnt.dll
0x00007fff22e90000 - 0x00007fff22ec3000 	C:\Windows\system32\rsaenh.dll
0x00007fff239a0000 - 0x00007fff239c5000 	C:\Windows\SYSTEM32\USERENV.dll
0x00007fff1a560000 - 0x00007fff1a576000 	C:\Windows\SYSTEM32\dhcpcsvc6.DLL
0x00007fff1a750000 - 0x00007fff1a76c000 	C:\Windows\SYSTEM32\dhcpcsvc.DLL

dbghelp: loaded successfully - version: 4.0.5 - missing functions: none
symbol engine: initialized successfully - sym options: 0x614 - pdb path: .;C:\Program Files\Java\jdk-12.0.2\bin;C:\Windows\SYSTEM32;C:\Windows\WinSxS\amd64_microsoft.windows.common-controls_6595b64144ccf1df_6.0.18362.356_none_e6c4af7d130f27cc;C:\Program Files\Java\jdk-12.0.2\bin\server

VM Arguments:
jvm_args: -Dcom.sun.management.jmxremote -Dcom.sun.management.jmxremote.port=49886 -Dcom.sun.management.jmxremote.authenticate=false -Dcom.sun.management.jmxremote.ssl=false -Djava.rmi.server.hostname=localhost -Dspring.jmx.enabled=true -Dspring.application.admin.enabled=true -Xverify:none -XX:TieredStopAtLevel=1 -Dspring.boot.project.name=project-car-store -Dfile.encoding=UTF-8 
java_command: com.mauriciopd.carstore.ProjectCarStoreApplication --spring.output.ansi.enabled=always
java_class_path (initial): C:\Users\mauri.DESKTOP-PO4LD2G\OneDrive\Documentos\ws-car-store-back\project-car-store\target\classes;C:\Users\mauri.DESKTOP-PO4LD2G\.m2\repository\com\amazonaws\aws-java-sdk\1.11.651\aws-java-sdk-1.11.651.jar;C:\Users\mauri.DESKTOP-PO4LD2G\.m2\repository\com\amazonaws\aws-java-sdk-workmailmessageflow\1.11.651\aws-java-sdk-workmailmessageflow-1.11.651.jar;C:\Users\mauri.DESKTOP-PO4LD2G\.m2\repository\com\amazonaws\jmespath-java\1.11.651\jmespath-java-1.11.651.jar;C:\Users\mauri.DESKTOP-PO4LD2G\.m2\repository\com\amazonaws\aws-java-sdk-qldbsession\1.11.651\aws-java-sdk-qldbsession-1.11.651.jar;C:\Users\mauri.DESKTOP-PO4LD2G\.m2\repository\com\amazonaws\aws-java-sdk-qldb\1.11.651\aws-java-sdk-qldb-1.11.651.jar;C:\Users\mauri.DESKTOP-PO4LD2G\.m2\repository\com\amazonaws\aws-java-sdk-forecastquery\1.11.651\aws-java-sdk-forecastquery-1.11.651.jar;C:\Users\mauri.DESKTOP-PO4LD2G\.m2\repository\com\amazonaws\aws-java-sdk-forecast\1.11.651\aws-java-sdk-forecast-1.11.651.jar;C:\Users\mauri.DESKTOP-PO4LD2G\.m2\repository\com\amazonaws\aws-java-sdk-lakeformation\1.11.651\aws-java-sdk-lakeformation-1.11.651.jar;C:\Users\mauri.DESKTOP-PO4LD2G\.m2\repository\com\amazonaws\aws-java-sdk-eventbridge\1.11.651\aws-java-sdk-eventbridge-1.11.651.jar;C:\Users\mauri.DESKTOP-PO4LD2G\.m2\repository\com\amazonaws\aws-java-sdk-ec2instanceconnect\1.11.651\aws-java-sdk-ec2instanceconnect-1.11.651.jar;C:\Users\mauri.DESKTOP-PO4LD2G\.m2\repository\com\amazonaws\aws-java-sdk-applicationinsights\1.11.651\aws-java-sdk-applicationinsights-1.11.651.jar;C:\Users\mauri.DESKTOP-PO4LD2G\.m2\repository\com\amazonaws\aws-java-sdk-servicequotas\1.11.651\aws-java-sdk-servicequotas-1.11.651.jar;C:\Users\mauri.DESKTOP-PO4LD2G\.m2\repository\com\amazonaws\aws-java-sdk-personalizeevents\1.11.651\aws-java-sdk-personalizeevents-1.11.651.jar;C:\Users\mauri.DESKTOP-PO4LD2G\.m2\repository\com\amazonaws\aws-java-sdk-personalize\1.11.651\aws-java-sdk-personalize-1.11.651.jar;C:\Users\mauri.DE
Launcher Type: SUN_STANDARD

[Global flags]
     bool BytecodeVerificationLocal                = false                                     {product} {command line}
     bool BytecodeVerificationRemote               = false                                     {product} {command line}
     intx CICompilerCount                          = 3                                         {product} {ergonomic}
     uint ConcGCThreads                            = 1                                         {product} {ergonomic}
     uint G1ConcRefinementThreads                  = 4                                         {product} {ergonomic}
   size_t G1HeapRegionSize                         = 1048576                                   {product} {ergonomic}
    uintx GCDrainStackTargetSize                   = 64                                        {product} {ergonomic}
   size_t InitialHeapSize                          = 134217728                                 {product} {ergonomic}
     bool ManagementServer                         = true                                      {product} {command line}
   size_t MarkStackSize                            = 4194304                                   {product} {ergonomic}
   size_t MaxHeapSize                              = 2124414976                                {product} {ergonomic}
   size_t MaxNewSize                               = 1274019840                                {product} {ergonomic}
   size_t MinHeapDeltaBytes                        = 1048576                                   {product} {ergonomic}
    uintx NonNMethodCodeHeapSize                   = 6973028                                {pd product} {ergonomic}
    uintx NonProfiledCodeHeapSize                  = 244685212                              {pd product} {ergonomic}
    uintx ProfiledCodeHeapSize                     = 0                                      {pd product} {ergonomic}
    uintx ReservedCodeCacheSize                    = 251658240                              {pd product} {ergonomic}
     bool SegmentedCodeCache                       = true                                      {product} {ergonomic}
     intx TieredStopAtLevel                        = 1                                         {product} {command line}
     bool UseCompressedClassPointers               = true                                 {lp64_product} {ergonomic}
     bool UseCompressedOops                        = true                                 {lp64_product} {ergonomic}
     bool UseG1GC                                  = true                                      {product} {ergonomic}
     bool UseLargePagesIndividualAllocation        = false                                  {pd product} {ergonomic}

Logging:
Log output configuration:
 #0: stdout all=warning uptime,level,tags
 #1: stderr all=off uptime,level,tags

Environment Variables:
JAVA_HOME=C:\Program Files\Java\jdk-12.0.2\bin
PATH=C:/Program Files/Java/jdk-12.0.2/bin/server;C:/Program Files/Java/jdk-12.0.2/bin;C:\Windows\system32;C:\Windows;C:\Windows\System32\Wbem;C:\Windows\System32\WindowsPowerShell\v1.0\;C:\Windows\System32\OpenSSH\;C:\Program Files\nodejs\;C:\Program Files\Java\jdk-12.0.2\bin;C:\Program Files\Git\cmd;C:\Program Files\MongoDB\Server\4.2\bin;C:\Users\mauri.DESKTOP-PO4LD2G\AppData\Local\Microsoft\WindowsApps;C:\Users\mauri.DESKTOP-PO4LD2G\AppData\Local\Programs\Microsoft VS Code\bin;C:\Users\mauri.DESKTOP-PO4LD2G\AppData\Roaming\npm;C:\Program Files\Java\jdk-12.0.2\bin\bin;C:\Program Files\heroku\bin;C:\xampp\mysql\bin;;C:\sts-4.4.1.RELEASE;
USERNAME=mauri
OS=Windows_NT
PROCESSOR_IDENTIFIER=Intel64 Family 6 Model 58 Stepping 9, GenuineIntel



---------------  S Y S T E M  ---------------

OS: Windows 10 , 64 bit Build 18362 (10.0.18362.329)

CPU:total 4 (initial active 4) (2 cores per cpu, 2 threads per core) family 6 model 58 stepping 9, cmov, cx8, fxsr, mmx, sse, sse2, sse3, ssse3, sse4.1, sse4.2, popcnt, avx, aes, clmul, erms, ht, tsc, tscinvbit, tscinv

Memory: 4k page, system-wide physical 8097M (3286M free)
TotalPageFile size 11041M (AvailPageFile size 5389M)
current process WorkingSet (physical memory assigned to process): 75M, peak: 75M
current process commit charge ("private bytes"): 215M, peak: 215M

vm_info: Java HotSpot(TM) 64-Bit Server VM (12.0.2+10) for windows-amd64 JRE (12.0.2+10), built on Jul 16 2019 01:56:17 by "mach5one" with MS VC++ 15.5 (VS2017)

END.
